base
epoch 0:
loss: 1.6294 || cls: 1.9092
train: acc: 0.7422 || macc: 0.4076 || miou: 0.33 || iou: [0.6624, 0.9139, 0.263, 0.5378, 0.5479, 0.4604, 0.429, 0.1405, 0.2546, 0.341, 0.0, 0.2024, 0.238, 0.3656, 0.0979, 0.1995, 0.2475, 0.1506, 0.3717, 0.1758]
val:   acc: 0.8037 || macc: 0.6743 || miou: 0.5278 || iou: [0.718, 0.9514, 0.3869, 0.6861, 0.7996, 0.7109, 0.5884, 0.3434, 0.3847, 0.5232, 0.0065, 0.475, 0.4169, 0.5709, 0.3024, 0.5369, 0.7002, 0.4318, 0.7387, 0.2846]
duration: 199.29121947288513
new best!
epoch 1:
loss: 1.4237 || cls: 1.3869
train: acc: 0.8282 || macc: 0.6358 || miou: 0.5402 || iou: [0.751, 0.9474, 0.437, 0.7503, 0.7421, 0.688, 0.5669, 0.3808, 0.4465, 0.5612, 0.0762, 0.3695, 0.4427, 0.6225, 0.3696, 0.5355, 0.6494, 0.4322, 0.7106, 0.3239]
val:   acc: 0.8439 || macc: 0.6968 || miou: 0.5847 || iou: [0.7726, 0.9552, 0.493, 0.6234, 0.8162, 0.675, 0.667, 0.3789, 0.5043, 0.6833, 0.1273, 0.5558, 0.5388, 0.5899, 0.4352, 0.5239, 0.789, 0.5191, 0.756, 0.2897]
duration: 189.97870588302612
new best!
epoch 2:
loss: 1.3673 || cls: 1.3253
train: acc: 0.8538 || macc: 0.7022 || miou: 0.605 || iou: [0.7818, 0.953, 0.4968, 0.7901, 0.7882, 0.7405, 0.6114, 0.47, 0.5104, 0.6306, 0.2211, 0.4241, 0.5095, 0.6541, 0.47, 0.6171, 0.7431, 0.5108, 0.7692, 0.4077]
val:   acc: 0.8593 || macc: 0.7331 || miou: 0.6143 || iou: [0.8061, 0.958, 0.5594, 0.7324, 0.8362, 0.6829, 0.6815, 0.5126, 0.491, 0.5821, 0.2408, 0.5674, 0.5474, 0.6702, 0.4126, 0.5323, 0.7889, 0.5286, 0.7859, 0.3706]
duration: 190.97933745384216
new best!
epoch 3:
loss: 1.3357 || cls: 1.28
train: acc: 0.8677 || macc: 0.7351 || miou: 0.6401 || iou: [0.799, 0.9559, 0.5372, 0.8057, 0.8073, 0.7679, 0.6342, 0.5264, 0.5321, 0.6785, 0.2785, 0.4654, 0.547, 0.6856, 0.5365, 0.6694, 0.7739, 0.552, 0.792, 0.4568]
val:   acc: 0.8671 || macc: 0.7369 || miou: 0.6331 || iou: [0.7993, 0.9583, 0.582, 0.7623, 0.8092, 0.6599, 0.7149, 0.5444, 0.529, 0.6813, 0.2777, 0.5824, 0.5897, 0.6894, 0.455, 0.5113, 0.843, 0.5644, 0.6798, 0.4284]
duration: 191.27787375450134
new best!
epoch 4:
loss: 1.3194 || cls: 1.2243
train: acc: 0.8747 || macc: 0.7522 || miou: 0.6576 || iou: [0.8059, 0.9576, 0.5545, 0.8209, 0.8168, 0.7872, 0.6581, 0.5445, 0.5442, 0.6861, 0.3328, 0.4822, 0.5691, 0.6886, 0.5654, 0.681, 0.7871, 0.567, 0.8094, 0.494]
val:   acc: 0.8719 || macc: 0.7521 || miou: 0.6479 || iou: [0.8097, 0.9592, 0.5619, 0.7364, 0.8748, 0.8182, 0.6405, 0.564, 0.5133, 0.7808, 0.22, 0.5632, 0.5602, 0.6687, 0.3686, 0.6509, 0.8762, 0.5848, 0.7844, 0.4214]
duration: 193.12579107284546
new best!
epoch 5:
loss: 1.3055 || cls: 1.1702
train: acc: 0.8813 || macc: 0.7655 || miou: 0.6726 || iou: [0.8154, 0.9583, 0.5774, 0.8294, 0.8289, 0.7892, 0.6667, 0.5582, 0.5828, 0.7127, 0.3382, 0.5136, 0.5753, 0.7159, 0.5846, 0.686, 0.7937, 0.5899, 0.8171, 0.5193]
val:   acc: 0.8677 || macc: 0.7555 || miou: 0.6382 || iou: [0.8218, 0.9593, 0.5631, 0.6931, 0.8768, 0.7296, 0.6719, 0.551, 0.5519, 0.6278, 0.2749, 0.5857, 0.6192, 0.6135, 0.4728, 0.5686, 0.8412, 0.5981, 0.7927, 0.3513]
duration: 192.601459980011
epoch 6:
loss: 1.2964 || cls: 1.108
train: acc: 0.8857 || macc: 0.7745 || miou: 0.6834 || iou: [0.8209, 0.9595, 0.5966, 0.8356, 0.8318, 0.7931, 0.6732, 0.5806, 0.5844, 0.7344, 0.3496, 0.5144, 0.5927, 0.7256, 0.5892, 0.7017, 0.8144, 0.6004, 0.8269, 0.5421]
val:   acc: 0.8802 || macc: 0.7711 || miou: 0.6665 || iou: [0.8179, 0.9612, 0.5361, 0.7785, 0.8954, 0.8163, 0.7354, 0.5101, 0.5772, 0.7577, 0.2483, 0.6313, 0.6397, 0.7036, 0.4201, 0.5731, 0.8511, 0.5911, 0.7799, 0.5064]
duration: 193.80516409873962
new best!
epoch 7:
loss: 1.2919 || cls: 1.0603
train: acc: 0.8874 || macc: 0.779 || miou: 0.6879 || iou: [0.8227, 0.9595, 0.608, 0.8325, 0.8378, 0.8019, 0.6784, 0.5814, 0.6023, 0.7164, 0.3701, 0.5183, 0.5945, 0.7288, 0.6094, 0.6969, 0.8195, 0.6055, 0.8245, 0.5504]
val:   acc: 0.883 || macc: 0.7665 || miou: 0.6617 || iou: [0.8342, 0.9598, 0.6029, 0.7872, 0.8805, 0.7925, 0.7265, 0.5788, 0.5761, 0.6603, 0.2707, 0.5618, 0.6248, 0.6918, 0.4493, 0.5267, 0.8705, 0.5739, 0.8308, 0.4349]
duration: 190.31462264060974
epoch 8:
loss: 1.2833 || cls: 1.0158
train: acc: 0.8915 || macc: 0.7872 || miou: 0.6986 || iou: [0.8273, 0.9602, 0.6192, 0.8481, 0.843, 0.812, 0.6911, 0.5905, 0.6027, 0.7442, 0.375, 0.522, 0.6087, 0.7355, 0.635, 0.7151, 0.82, 0.6182, 0.8393, 0.5649]
val:   acc: 0.8764 || macc: 0.7328 || miou: 0.6419 || iou: [0.8157, 0.9608, 0.5817, 0.7545, 0.8743, 0.8115, 0.6768, 0.5698, 0.5028, 0.7958, 0.1975, 0.6318, 0.5858, 0.4063, 0.4522, 0.4767, 0.859, 0.5978, 0.8085, 0.4794]
duration: 191.9451563358307
epoch 9:
loss: 1.2859 || cls: 0.9924
train: acc: 0.8902 || macc: 0.7828 || miou: 0.6927 || iou: [0.8269, 0.9596, 0.6169, 0.8463, 0.8412, 0.8074, 0.6873, 0.5932, 0.5892, 0.7416, 0.3763, 0.5215, 0.6047, 0.7153, 0.6134, 0.6926, 0.8219, 0.6043, 0.8319, 0.5632]
val:   acc: 0.8721 || macc: 0.7453 || miou: 0.6435 || iou: [0.8144, 0.9564, 0.5184, 0.7733, 0.8684, 0.8071, 0.6672, 0.5033, 0.5731, 0.7588, 0.2466, 0.5561, 0.6227, 0.5764, 0.4514, 0.4997, 0.8738, 0.5558, 0.8169, 0.431]
duration: 192.36804509162903
epoch 10:
loss: 1.2746 || cls: 0.9608
train: acc: 0.8955 || macc: 0.797 || miou: 0.7092 || iou: [0.8331, 0.9606, 0.6324, 0.8539, 0.8522, 0.8152, 0.6938, 0.6045, 0.6152, 0.7634, 0.4086, 0.5339, 0.6133, 0.7452, 0.6471, 0.7273, 0.8354, 0.62, 0.841, 0.5886]
val:   acc: 0.882 || macc: 0.7421 || miou: 0.6591 || iou: [0.8187, 0.9599, 0.6056, 0.769, 0.8787, 0.8149, 0.7135, 0.6035, 0.4974, 0.6612, 0.2061, 0.6292, 0.6219, 0.7223, 0.4045, 0.566, 0.8521, 0.607, 0.7526, 0.498]
duration: 191.2280149459839
epoch 11:
loss: 1.2684 || cls: 0.9443
train: acc: 0.8982 || macc: 0.8009 || miou: 0.714 || iou: [0.8387, 0.9613, 0.6409, 0.8536, 0.8523, 0.8074, 0.7037, 0.618, 0.6218, 0.7659, 0.4228, 0.5401, 0.625, 0.7468, 0.6454, 0.7281, 0.8343, 0.6298, 0.8462, 0.5976]
val:   acc: 0.8868 || macc: 0.7634 || miou: 0.6692 || iou: [0.8339, 0.9605, 0.6098, 0.7787, 0.8767, 0.8339, 0.6829, 0.5886, 0.5935, 0.7548, 0.2409, 0.5427, 0.6037, 0.7264, 0.4601, 0.5419, 0.8503, 0.5903, 0.8228, 0.4916]
duration: 192.51356029510498
new best!
epoch 12:
loss: 1.2602 || cls: 0.9275
train: acc: 0.9017 || macc: 0.8077 || miou: 0.722 || iou: [0.8421, 0.962, 0.6593, 0.8595, 0.8577, 0.8172, 0.7162, 0.6215, 0.6283, 0.7867, 0.4202, 0.5561, 0.6311, 0.7337, 0.6648, 0.7323, 0.8464, 0.636, 0.8533, 0.6163]
val:   acc: 0.8824 || macc: 0.7718 || miou: 0.6781 || iou: [0.8109, 0.9597, 0.5954, 0.7738, 0.8693, 0.8312, 0.7198, 0.5865, 0.5862, 0.7465, 0.2992, 0.6137, 0.6267, 0.7447, 0.5207, 0.5264, 0.8992, 0.6047, 0.8286, 0.4183]
duration: 191.8238079547882
new best!
epoch 13:
loss: 1.2552 || cls: 0.9175
train: acc: 0.9039 || macc: 0.8138 || miou: 0.7294 || iou: [0.844, 0.962, 0.6688, 0.8696, 0.8595, 0.8334, 0.7182, 0.6312, 0.6358, 0.775, 0.4324, 0.5685, 0.6401, 0.758, 0.6782, 0.7412, 0.8559, 0.6362, 0.8531, 0.627]
val:   acc: 0.8913 || macc: 0.7798 || miou: 0.6845 || iou: [0.8374, 0.961, 0.6106, 0.7809, 0.8853, 0.8254, 0.7093, 0.6033, 0.5593, 0.7811, 0.1869, 0.6243, 0.6189, 0.728, 0.503, 0.6554, 0.8996, 0.609, 0.7834, 0.5284]
duration: 194.0994234085083
new best!
epoch 14:
loss: 1.2509 || cls: 0.9161
train: acc: 0.9063 || macc: 0.8166 || miou: 0.7331 || iou: [0.8473, 0.9621, 0.6693, 0.8703, 0.8649, 0.8374, 0.7253, 0.6413, 0.6494, 0.7975, 0.4165, 0.5611, 0.6533, 0.7669, 0.6767, 0.7495, 0.8509, 0.6317, 0.855, 0.6358]
val:   acc: 0.8892 || macc: 0.7686 || miou: 0.6786 || iou: [0.8278, 0.9607, 0.6361, 0.7464, 0.8899, 0.8053, 0.7405, 0.5545, 0.5766, 0.7626, 0.2456, 0.6255, 0.6672, 0.711, 0.4956, 0.5645, 0.8819, 0.6297, 0.7666, 0.4832]
duration: 191.07628560066223
epoch 15:
loss: 1.246 || cls: 0.916
train: acc: 0.908 || macc: 0.8222 || miou: 0.7396 || iou: [0.8512, 0.9625, 0.6762, 0.8728, 0.8642, 0.8299, 0.7266, 0.6493, 0.6507, 0.7933, 0.4456, 0.5889, 0.6491, 0.7796, 0.6883, 0.7646, 0.8543, 0.6399, 0.861, 0.6432]
val:   acc: 0.89 || macc: 0.7743 || miou: 0.6807 || iou: [0.8378, 0.9614, 0.6065, 0.8189, 0.8664, 0.8357, 0.7301, 0.6027, 0.5407, 0.8017, 0.1928, 0.6442, 0.6279, 0.6887, 0.5384, 0.5207, 0.8901, 0.6019, 0.8475, 0.459]
duration: 192.03405570983887
epoch 16:
loss: 1.2439 || cls: 0.9125
train: acc: 0.9096 || macc: 0.8228 || miou: 0.7411 || iou: [0.8528, 0.9629, 0.6852, 0.8718, 0.8696, 0.8385, 0.735, 0.6553, 0.6536, 0.7961, 0.4352, 0.5728, 0.6571, 0.7723, 0.6884, 0.7495, 0.8638, 0.6495, 0.8687, 0.6432]
val:   acc: 0.871 || macc: 0.7366 || miou: 0.6396 || iou: [0.824, 0.9618, 0.5797, 0.7712, 0.8821, 0.8077, 0.6073, 0.6198, 0.5698, 0.5181, 0.3051, 0.643, 0.5381, 0.6789, 0.5075, 0.3416, 0.9061, 0.6173, 0.7989, 0.3142]
duration: 190.52983403205872
epoch 17:
loss: 1.2372 || cls: 0.9091
train: acc: 0.9122 || macc: 0.8293 || miou: 0.7488 || iou: [0.8561, 0.9633, 0.6951, 0.8767, 0.8739, 0.8376, 0.7437, 0.6616, 0.6649, 0.8031, 0.4521, 0.5927, 0.6692, 0.7671, 0.704, 0.7777, 0.8614, 0.6503, 0.8649, 0.6603]
val:   acc: 0.8946 || macc: 0.7737 || miou: 0.6923 || iou: [0.8358, 0.9615, 0.6208, 0.7854, 0.8926, 0.8191, 0.7323, 0.6226, 0.6131, 0.7726, 0.2707, 0.6608, 0.6491, 0.7575, 0.4956, 0.5421, 0.8901, 0.5934, 0.8499, 0.4816]
duration: 193.30333185195923
new best!
epoch 18:
loss: 1.2372 || cls: 0.9118
train: acc: 0.9122 || macc: 0.8288 || miou: 0.748 || iou: [0.8564, 0.9634, 0.6892, 0.8755, 0.8717, 0.8416, 0.7394, 0.6663, 0.6693, 0.8041, 0.4438, 0.5882, 0.6657, 0.7748, 0.7111, 0.7639, 0.8642, 0.6479, 0.8632, 0.6604]
val:   acc: 0.8859 || macc: 0.7629 || miou: 0.6804 || iou: [0.827, 0.9613, 0.5648, 0.7914, 0.8877, 0.8483, 0.7006, 0.5794, 0.5991, 0.7938, 0.3083, 0.6387, 0.6202, 0.7335, 0.4126, 0.6365, 0.8938, 0.6323, 0.8077, 0.3713]
duration: 192.70577192306519
epoch 19:
loss: 1.2353 || cls: 0.9166
train: acc: 0.9132 || macc: 0.8326 || miou: 0.7525 || iou: [0.8582, 0.9634, 0.6967, 0.8771, 0.8714, 0.8455, 0.7418, 0.6654, 0.6696, 0.8191, 0.4527, 0.6028, 0.6699, 0.7798, 0.7127, 0.7691, 0.8669, 0.654, 0.8693, 0.6654]
val:   acc: 0.8929 || macc: 0.7696 || miou: 0.6876 || iou: [0.8432, 0.961, 0.6309, 0.7791, 0.8799, 0.8262, 0.715, 0.6054, 0.5938, 0.7751, 0.3048, 0.6292, 0.5443, 0.7509, 0.4462, 0.6347, 0.8978, 0.6005, 0.8227, 0.5119]
duration: 193.33208417892456
epoch 20:
loss: 1.2311 || cls: 0.9189
train: acc: 0.9151 || macc: 0.8347 || miou: 0.7554 || iou: [0.8604, 0.9635, 0.7081, 0.8847, 0.8751, 0.8504, 0.7472, 0.6673, 0.6764, 0.8143, 0.4692, 0.5879, 0.6751, 0.7862, 0.7142, 0.754, 0.8707, 0.6514, 0.8729, 0.68]
val:   acc: 0.8926 || macc: 0.7541 || miou: 0.6635 || iou: [0.8467, 0.96, 0.6205, 0.7796, 0.8794, 0.7979, 0.7464, 0.6367, 0.6124, 0.7182, 0.2606, 0.6395, 0.6578, 0.642, 0.4992, 0.1666, 0.8801, 0.6084, 0.8256, 0.4918]
duration: 191.2998926639557
epoch 21:
loss: 1.2289 || cls: 0.9217
train: acc: 0.9161 || macc: 0.8377 || miou: 0.7594 || iou: [0.8611, 0.9638, 0.7078, 0.8805, 0.876, 0.8533, 0.7524, 0.6736, 0.6834, 0.8211, 0.4717, 0.5955, 0.6795, 0.7918, 0.7206, 0.7752, 0.8726, 0.6555, 0.8734, 0.6798]
val:   acc: 0.8967 || macc: 0.7877 || miou: 0.6983 || iou: [0.8428, 0.9594, 0.6394, 0.7968, 0.897, 0.8319, 0.7205, 0.6068, 0.6171, 0.7708, 0.3454, 0.5968, 0.5849, 0.7482, 0.4689, 0.6616, 0.9065, 0.6314, 0.7799, 0.5595]
duration: 190.90313911437988
new best!
epoch 22:
loss: 1.225 || cls: 0.9231
train: acc: 0.918 || macc: 0.8401 || miou: 0.762 || iou: [0.8649, 0.9641, 0.7163, 0.8849, 0.8803, 0.8611, 0.7576, 0.6831, 0.684, 0.8093, 0.4646, 0.6126, 0.6926, 0.7796, 0.725, 0.7702, 0.8682, 0.6567, 0.8787, 0.6864]
val:   acc: 0.8778 || macc: 0.7653 || miou: 0.6597 || iou: [0.8236, 0.9608, 0.5332, 0.7739, 0.8706, 0.8429, 0.7378, 0.5953, 0.5934, 0.4984, 0.3059, 0.6017, 0.6612, 0.4443, 0.5105, 0.5552, 0.8902, 0.6077, 0.8379, 0.5492]
duration: 195.1661217212677
epoch 23:
loss: 1.2237 || cls: 0.9334
train: acc: 0.9184 || macc: 0.8419 || miou: 0.7635 || iou: [0.8663, 0.9645, 0.7068, 0.8838, 0.8818, 0.8539, 0.7539, 0.6749, 0.6959, 0.8153, 0.4771, 0.603, 0.6885, 0.802, 0.7345, 0.786, 0.8687, 0.6566, 0.8727, 0.6844]
val:   acc: 0.8954 || macc: 0.7794 || miou: 0.6994 || iou: [0.839, 0.961, 0.6513, 0.7703, 0.8899, 0.8263, 0.7165, 0.5795, 0.6026, 0.809, 0.3003, 0.6499, 0.6442, 0.743, 0.5478, 0.6143, 0.9011, 0.604, 0.8361, 0.5022]
duration: 191.51873755455017
new best!
epoch 24:
loss: 1.2203 || cls: 0.9351
train: acc: 0.9203 || macc: 0.8464 || miou: 0.7699 || iou: [0.867, 0.9639, 0.7261, 0.8906, 0.8825, 0.8589, 0.7602, 0.6879, 0.6952, 0.8336, 0.486, 0.6172, 0.6923, 0.7936, 0.7305, 0.8001, 0.8786, 0.6584, 0.8779, 0.6976]
val:   acc: 0.8945 || macc: 0.791 || miou: 0.6969 || iou: [0.8402, 0.9619, 0.6263, 0.7768, 0.8992, 0.8333, 0.7397, 0.589, 0.6051, 0.7825, 0.3112, 0.6454, 0.687, 0.722, 0.5695, 0.5743, 0.9077, 0.5979, 0.7905, 0.4784]
duration: 195.74161052703857
epoch 25:
loss: 1.2194 || cls: 0.9419
train: acc: 0.9204 || macc: 0.8481 || miou: 0.7715 || iou: [0.8697, 0.9642, 0.7125, 0.8914, 0.8802, 0.8625, 0.7584, 0.6951, 0.7011, 0.8163, 0.5072, 0.6172, 0.6871, 0.809, 0.7477, 0.797, 0.8729, 0.6631, 0.8801, 0.6967]
val:   acc: 0.901 || macc: 0.8022 || miou: 0.7065 || iou: [0.8549, 0.9628, 0.6687, 0.8097, 0.8932, 0.7994, 0.7395, 0.6334, 0.6347, 0.7324, 0.2489, 0.6713, 0.6504, 0.7528, 0.5528, 0.6918, 0.9206, 0.599, 0.7689, 0.5452]
duration: 202.51746201515198
new best!
epoch 26:
loss: 1.2153 || cls: 0.942
train: acc: 0.9221 || macc: 0.8505 || miou: 0.7746 || iou: [0.8713, 0.9645, 0.7325, 0.8951, 0.8829, 0.8644, 0.7627, 0.6946, 0.6996, 0.8374, 0.5146, 0.6139, 0.6906, 0.8009, 0.7397, 0.7852, 0.8869, 0.6641, 0.8804, 0.7103]
val:   acc: 0.8936 || macc: 0.7523 || miou: 0.6688 || iou: [0.842, 0.9592, 0.607, 0.7815, 0.8913, 0.8413, 0.7305, 0.6136, 0.6313, 0.7908, 0.2292, 0.2101, 0.6531, 0.674, 0.3766, 0.6459, 0.9127, 0.6309, 0.8092, 0.5461]
duration: 200.54463052749634
epoch 27:
loss: 1.2193 || cls: 0.9568
train: acc: 0.9206 || macc: 0.8479 || miou: 0.7713 || iou: [0.8689, 0.9641, 0.7232, 0.8902, 0.8817, 0.8598, 0.7636, 0.6921, 0.689, 0.8208, 0.4958, 0.6159, 0.7016, 0.7959, 0.7405, 0.7894, 0.8839, 0.6633, 0.8841, 0.702]
val:   acc: 0.8947 || macc: 0.785 || miou: 0.6967 || iou: [0.8328, 0.9625, 0.6002, 0.803, 0.8792, 0.8181, 0.7259, 0.6114, 0.5717, 0.7966, 0.3446, 0.6262, 0.6475, 0.7293, 0.4359, 0.6602, 0.8936, 0.6047, 0.8191, 0.5718]
duration: 200.40857219696045
epoch 28:
loss: 1.212 || cls: 0.9621
train: acc: 0.9236 || macc: 0.8538 || miou: 0.7789 || iou: [0.8741, 0.9644, 0.7385, 0.8934, 0.8827, 0.8627, 0.7678, 0.6988, 0.7107, 0.8357, 0.5129, 0.6375, 0.7066, 0.8091, 0.7409, 0.7918, 0.8832, 0.6774, 0.877, 0.7125]
val:   acc: 0.895 || macc: 0.7895 || miou: 0.698 || iou: [0.8466, 0.9616, 0.6109, 0.7979, 0.8973, 0.8111, 0.7362, 0.6392, 0.6439, 0.7646, 0.3142, 0.6438, 0.6191, 0.7154, 0.5171, 0.6312, 0.917, 0.6105, 0.836, 0.4469]
duration: 200.23130536079407
epoch 29:
loss: 1.2124 || cls: 0.9714
train: acc: 0.9234 || macc: 0.8532 || miou: 0.7785 || iou: [0.8727, 0.9645, 0.7366, 0.8945, 0.8872, 0.8703, 0.7651, 0.6999, 0.7061, 0.832, 0.4986, 0.636, 0.6991, 0.8105, 0.7509, 0.8032, 0.8826, 0.6674, 0.8848, 0.7085]
val:   acc: 0.8932 || macc: 0.7782 || miou: 0.6851 || iou: [0.8435, 0.9626, 0.6393, 0.7842, 0.8478, 0.697, 0.7519, 0.6244, 0.6079, 0.7941, 0.3441, 0.6552, 0.6839, 0.6943, 0.4353, 0.4849, 0.8896, 0.6296, 0.8243, 0.5073]
duration: 201.16220474243164
epoch 30:
loss: 1.2087 || cls: 0.9738
train: acc: 0.9252 || macc: 0.8575 || miou: 0.7834 || iou: [0.8759, 0.965, 0.7382, 0.898, 0.889, 0.8683, 0.7752, 0.7035, 0.712, 0.8314, 0.5265, 0.635, 0.7026, 0.8107, 0.75, 0.8045, 0.8902, 0.6812, 0.888, 0.7225]
val:   acc: 0.8892 || macc: 0.7657 || miou: 0.6744 || iou: [0.8467, 0.9622, 0.6031, 0.6551, 0.8924, 0.7938, 0.7538, 0.6389, 0.6414, 0.6819, 0.2658, 0.646, 0.6704, 0.7352, 0.4483, 0.5808, 0.8838, 0.6116, 0.8171, 0.3588]
duration: 200.70787811279297
epoch 31:
loss: 1.2077 || cls: 0.9873
train: acc: 0.9258 || macc: 0.8571 || miou: 0.7832 || iou: [0.8766, 0.9651, 0.7428, 0.9003, 0.8868, 0.8705, 0.7704, 0.7122, 0.7163, 0.8352, 0.5165, 0.6365, 0.7068, 0.8154, 0.7509, 0.8047, 0.8813, 0.6742, 0.8788, 0.7219]
val:   acc: 0.8888 || macc: 0.7647 || miou: 0.6756 || iou: [0.8442, 0.9615, 0.6371, 0.8099, 0.8762, 0.7392, 0.6778, 0.6068, 0.5214, 0.738, 0.2549, 0.6677, 0.526, 0.7512, 0.5108, 0.5985, 0.9194, 0.5864, 0.7933, 0.4918]
duration: 200.7141444683075
epoch 32:
loss: 1.2065 || cls: 0.9969
train: acc: 0.9257 || macc: 0.8592 || miou: 0.7849 || iou: [0.8772, 0.9649, 0.7444, 0.896, 0.8876, 0.8651, 0.7698, 0.71, 0.7141, 0.8446, 0.5259, 0.6374, 0.7074, 0.8103, 0.7663, 0.8068, 0.8881, 0.6727, 0.8882, 0.7218]
val:   acc: 0.8864 || macc: 0.7647 || miou: 0.6805 || iou: [0.8264, 0.963, 0.5626, 0.7828, 0.8678, 0.778, 0.7405, 0.5953, 0.592, 0.7531, 0.2978, 0.6575, 0.6166, 0.752, 0.3533, 0.6668, 0.8746, 0.6255, 0.8471, 0.4578]
duration: 199.54239749908447
epoch 33:
loss: 1.2039 || cls: 1.0022
train: acc: 0.9273 || macc: 0.8612 || miou: 0.789 || iou: [0.8778, 0.9653, 0.751, 0.8988, 0.893, 0.8785, 0.781, 0.7136, 0.7085, 0.8446, 0.5324, 0.6402, 0.7225, 0.8132, 0.7634, 0.806, 0.8909, 0.6819, 0.8901, 0.7266]
val:   acc: 0.8975 || macc: 0.7773 || miou: 0.7036 || iou: [0.8454, 0.961, 0.6148, 0.8052, 0.875, 0.7813, 0.7459, 0.6145, 0.6214, 0.7467, 0.2954, 0.6406, 0.6567, 0.7569, 0.5627, 0.6076, 0.888, 0.6477, 0.8499, 0.555]
duration: 203.80826091766357
epoch 34:
loss: 1.2024 || cls: 1.02
train: acc: 0.9278 || macc: 0.8626 || miou: 0.7901 || iou: [0.8792, 0.9654, 0.7499, 0.9019, 0.8916, 0.8758, 0.7808, 0.7161, 0.7195, 0.8457, 0.5232, 0.6538, 0.718, 0.8204, 0.7611, 0.8065, 0.8891, 0.6818, 0.8912, 0.7309]
val:   acc: 0.9001 || macc: 0.7975 || miou: 0.7076 || iou: [0.8512, 0.9637, 0.6669, 0.8086, 0.8793, 0.8041, 0.7377, 0.6203, 0.6013, 0.7971, 0.3045, 0.667, 0.6346, 0.7477, 0.4972, 0.6828, 0.8953, 0.6328, 0.808, 0.5524]
duration: 199.8725860118866
new best!
epoch 35:
loss: 1.1993 || cls: 1.0186
train: acc: 0.9291 || macc: 0.865 || miou: 0.7933 || iou: [0.8805, 0.9655, 0.755, 0.9035, 0.8935, 0.8774, 0.7871, 0.7204, 0.7273, 0.8485, 0.5276, 0.659, 0.7233, 0.8197, 0.7657, 0.8117, 0.8918, 0.6805, 0.8893, 0.7392]
val:   acc: 0.8974 || macc: 0.7836 || miou: 0.6946 || iou: [0.8482, 0.9601, 0.6322, 0.7787, 0.8842, 0.8109, 0.7543, 0.6379, 0.594, 0.7308, 0.319, 0.5918, 0.6817, 0.6804, 0.4913, 0.588, 0.8881, 0.614, 0.8311, 0.5751]
duration: 190.27174043655396
epoch 36:
loss: 1.1994 || cls: 1.0325
train: acc: 0.9292 || macc: 0.8657 || miou: 0.7937 || iou: [0.8819, 0.9655, 0.7535, 0.901, 0.8917, 0.8754, 0.7836, 0.7263, 0.7263, 0.8491, 0.545, 0.6495, 0.7233, 0.8262, 0.7549, 0.8137, 0.8867, 0.6895, 0.8946, 0.7362]
val:   acc: 0.9002 || macc: 0.7839 || miou: 0.7052 || iou: [0.8487, 0.9626, 0.6179, 0.7882, 0.8954, 0.8265, 0.7307, 0.6107, 0.611, 0.81, 0.2648, 0.5834, 0.6631, 0.7485, 0.5255, 0.6807, 0.9108, 0.6158, 0.8377, 0.5718]
duration: 199.55866837501526
epoch 37:
loss: 1.1963 || cls: 1.0473
train: acc: 0.9305 || macc: 0.8679 || miou: 0.7973 || iou: [0.8832, 0.9656, 0.7598, 0.9053, 0.8976, 0.8854, 0.7886, 0.7224, 0.7263, 0.8567, 0.5267, 0.6644, 0.724, 0.8283, 0.7746, 0.8126, 0.8974, 0.6886, 0.8959, 0.742]
val:   acc: 0.9013 || macc: 0.7873 || miou: 0.7122 || iou: [0.8524, 0.9617, 0.6385, 0.7964, 0.8973, 0.8445, 0.7384, 0.5911, 0.6241, 0.8326, 0.2997, 0.6734, 0.6827, 0.756, 0.4477, 0.6699, 0.9199, 0.6237, 0.8384, 0.555]
duration: 204.8182713985443
new best!
epoch 38:
loss: 1.1947 || cls: 1.04
train: acc: 0.9314 || macc: 0.8695 || miou: 0.799 || iou: [0.8842, 0.9659, 0.7641, 0.9071, 0.8966, 0.8819, 0.7921, 0.7284, 0.7332, 0.8573, 0.5377, 0.6541, 0.7326, 0.8225, 0.7755, 0.8222, 0.8961, 0.6897, 0.8889, 0.7496]
val:   acc: 0.9012 || macc: 0.8043 || miou: 0.7144 || iou: [0.8547, 0.963, 0.6642, 0.7888, 0.8954, 0.8374, 0.7503, 0.6492, 0.6383, 0.7542, 0.3178, 0.6423, 0.6627, 0.7381, 0.5944, 0.6833, 0.8999, 0.6148, 0.8677, 0.4707]
duration: 201.37979936599731
new best!
epoch 39:
loss: 1.1933 || cls: 1.0676
train: acc: 0.9319 || macc: 0.8718 || miou: 0.8017 || iou: [0.8854, 0.966, 0.7718, 0.9027, 0.8949, 0.8784, 0.7898, 0.7287, 0.7367, 0.8655, 0.5587, 0.6697, 0.73, 0.826, 0.7772, 0.8147, 0.8962, 0.6921, 0.8992, 0.7495]
val:   acc: 0.897 || macc: 0.7847 || miou: 0.7007 || iou: [0.8382, 0.9624, 0.6283, 0.7755, 0.9014, 0.7872, 0.7449, 0.6389, 0.572, 0.7711, 0.2857, 0.675, 0.6727, 0.7103, 0.536, 0.5874, 0.9085, 0.6396, 0.8238, 0.5548]
duration: 200.01338911056519
epoch 40:
loss: 1.1914 || cls: 1.0655
train: acc: 0.9325 || macc: 0.8713 || miou: 0.8018 || iou: [0.8868, 0.9659, 0.7693, 0.903, 0.8977, 0.8806, 0.794, 0.7338, 0.7362, 0.8616, 0.5512, 0.6647, 0.7352, 0.827, 0.7825, 0.814, 0.894, 0.6895, 0.8987, 0.7494]
val:   acc: 0.8971 || macc: 0.7782 || miou: 0.6945 || iou: [0.8536, 0.9615, 0.6415, 0.8139, 0.8971, 0.8174, 0.7482, 0.6312, 0.5904, 0.7064, 0.3222, 0.6758, 0.6804, 0.6727, 0.425, 0.5746, 0.912, 0.6376, 0.8336, 0.494]
duration: 201.78154754638672
epoch 41:
loss: 1.1902 || cls: 1.089
train: acc: 0.9331 || macc: 0.8732 || miou: 0.8039 || iou: [0.8872, 0.9662, 0.7723, 0.9091, 0.8982, 0.886, 0.7913, 0.7386, 0.7427, 0.8581, 0.5622, 0.673, 0.7327, 0.8356, 0.7736, 0.8139, 0.8969, 0.692, 0.8966, 0.7517]
val:   acc: 0.9021 || macc: 0.7939 || miou: 0.7075 || iou: [0.8585, 0.9633, 0.6746, 0.8029, 0.8894, 0.7955, 0.7478, 0.654, 0.6025, 0.7617, 0.2708, 0.6594, 0.6421, 0.747, 0.5126, 0.6569, 0.9178, 0.6197, 0.8376, 0.5349]
duration: 201.01685667037964
epoch 42:
loss: 1.1873 || cls: 1.0892
train: acc: 0.9346 || macc: 0.8779 || miou: 0.8097 || iou: [0.8898, 0.9663, 0.7765, 0.9089, 0.8989, 0.8796, 0.7965, 0.7425, 0.7432, 0.8663, 0.5708, 0.677, 0.7392, 0.8419, 0.7931, 0.8381, 0.9018, 0.6964, 0.9004, 0.7664]
val:   acc: 0.8987 || macc: 0.7939 || miou: 0.692 || iou: [0.8558, 0.9645, 0.6474, 0.7463, 0.896, 0.8119, 0.7396, 0.6188, 0.6303, 0.6935, 0.2993, 0.6624, 0.6994, 0.7501, 0.5181, 0.6141, 0.8149, 0.5473, 0.8085, 0.5207]
duration: 201.68214011192322
epoch 43:
loss: 1.1879 || cls: 1.102
train: acc: 0.9342 || macc: 0.8765 || miou: 0.8078 || iou: [0.8885, 0.966, 0.7764, 0.9112, 0.899, 0.8873, 0.7965, 0.7403, 0.7501, 0.8627, 0.5662, 0.6743, 0.7404, 0.8183, 0.791, 0.8237, 0.9005, 0.6974, 0.902, 0.764]
val:   acc: 0.9045 || macc: 0.7876 || miou: 0.7108 || iou: [0.8493, 0.964, 0.6727, 0.8106, 0.896, 0.8121, 0.7638, 0.6457, 0.6004, 0.7593, 0.2618, 0.673, 0.6928, 0.7311, 0.4877, 0.5896, 0.9217, 0.6113, 0.8399, 0.6333]
duration: 203.0522756576538
epoch 44:
loss: 1.185 || cls: 1.11
train: acc: 0.9355 || macc: 0.878 || miou: 0.8101 || iou: [0.8915, 0.9665, 0.7829, 0.9101, 0.8984, 0.8829, 0.8037, 0.7439, 0.75, 0.8534, 0.5647, 0.6819, 0.746, 0.8363, 0.7941, 0.8299, 0.9047, 0.6985, 0.894, 0.7684]
val:   acc: 0.8978 || macc: 0.7887 || miou: 0.7056 || iou: [0.8463, 0.9641, 0.5874, 0.7869, 0.8914, 0.8394, 0.7519, 0.6074, 0.6209, 0.7649, 0.3574, 0.6541, 0.673, 0.6734, 0.5435, 0.5765, 0.9137, 0.6342, 0.8592, 0.5666]
duration: 201.13623785972595
epoch 45:
loss: 1.1817 || cls: 1.12
train: acc: 0.937 || macc: 0.8809 || miou: 0.8141 || iou: [0.8941, 0.9665, 0.7913, 0.9111, 0.9013, 0.8898, 0.8021, 0.7525, 0.7545, 0.8708, 0.5812, 0.6819, 0.748, 0.8444, 0.7854, 0.8395, 0.9038, 0.7003, 0.8971, 0.7671]
val:   acc: 0.9077 || macc: 0.8172 || miou: 0.7288 || iou: [0.8613, 0.9637, 0.6727, 0.7862, 0.8993, 0.8232, 0.7571, 0.6567, 0.6544, 0.8193, 0.2472, 0.6814, 0.7063, 0.7781, 0.5447, 0.7428, 0.9287, 0.6429, 0.8463, 0.5644]
duration: 200.70365047454834
new best!
epoch 46:
loss: 1.1796 || cls: 1.1156
train: acc: 0.9381 || macc: 0.8846 || miou: 0.8189 || iou: [0.8948, 0.9669, 0.7903, 0.9134, 0.9022, 0.8949, 0.8089, 0.7576, 0.76, 0.8696, 0.5873, 0.6934, 0.7523, 0.8516, 0.7984, 0.8387, 0.9074, 0.7073, 0.9071, 0.7756]
val:   acc: 0.9091 || macc: 0.8114 || miou: 0.7279 || iou: [0.863, 0.963, 0.6666, 0.8132, 0.8929, 0.8094, 0.7626, 0.6615, 0.6464, 0.8248, 0.3041, 0.6454, 0.7195, 0.7775, 0.5783, 0.679, 0.9135, 0.6128, 0.8349, 0.5894]
duration: 203.93314790725708
epoch 47:
loss: 1.1783 || cls: 1.1339
train: acc: 0.9385 || macc: 0.8846 || miou: 0.8194 || iou: [0.8949, 0.9666, 0.7949, 0.915, 0.9058, 0.8958, 0.81, 0.7571, 0.7605, 0.8807, 0.5921, 0.6894, 0.7498, 0.8414, 0.8078, 0.8267, 0.908, 0.7078, 0.9009, 0.783]
val:   acc: 0.9034 || macc: 0.8064 || miou: 0.7179 || iou: [0.8565, 0.963, 0.6585, 0.8027, 0.8937, 0.8328, 0.7442, 0.6475, 0.6538, 0.8158, 0.3089, 0.6796, 0.7024, 0.6682, 0.4951, 0.702, 0.925, 0.6364, 0.8497, 0.523]
duration: 196.57789874076843
epoch 48:
loss: 1.175 || cls: 1.1406
train: acc: 0.9399 || macc: 0.8867 || miou: 0.8222 || iou: [0.8977, 0.9672, 0.7961, 0.9146, 0.9089, 0.901, 0.8145, 0.7602, 0.7663, 0.8794, 0.5872, 0.6907, 0.7602, 0.8567, 0.7978, 0.8473, 0.9057, 0.7085, 0.9081, 0.7768]
val:   acc: 0.9017 || macc: 0.805 || miou: 0.7131 || iou: [0.8642, 0.964, 0.6555, 0.6917, 0.874, 0.7427, 0.7683, 0.6527, 0.6583, 0.7872, 0.3482, 0.6301, 0.7067, 0.7403, 0.5652, 0.6984, 0.9053, 0.6251, 0.8573, 0.5267]
duration: 192.28736305236816
epoch 49:
loss: 1.1786 || cls: 1.1683
train: acc: 0.9383 || macc: 0.8848 || miou: 0.8193 || iou: [0.8946, 0.9669, 0.7944, 0.9114, 0.9027, 0.8883, 0.809, 0.7583, 0.7618, 0.8655, 0.5908, 0.7034, 0.7593, 0.847, 0.7977, 0.831, 0.9065, 0.7116, 0.9056, 0.7797]
val:   acc: 0.907 || macc: 0.7931 || miou: 0.7095 || iou: [0.8606, 0.9633, 0.675, 0.7955, 0.9084, 0.8256, 0.7456, 0.6456, 0.6542, 0.8107, 0.2992, 0.6043, 0.6849, 0.7247, 0.5242, 0.4801, 0.9118, 0.6264, 0.8487, 0.6023]
duration: 192.3830235004425
epoch 50:
loss: 1.1723 || cls: 1.1488
train: acc: 0.9412 || macc: 0.8896 || miou: 0.8258 || iou: [0.8996, 0.9674, 0.8026, 0.9196, 0.9069, 0.9001, 0.8179, 0.7656, 0.7699, 0.8834, 0.5889, 0.7026, 0.7648, 0.8477, 0.811, 0.8381, 0.913, 0.7127, 0.9102, 0.7947]
val:   acc: 0.9041 || macc: 0.8042 || miou: 0.7222 || iou: [0.8504, 0.9558, 0.6839, 0.7761, 0.9062, 0.8201, 0.721, 0.6799, 0.5921, 0.8087, 0.3509, 0.6647, 0.6554, 0.7653, 0.4948, 0.7445, 0.9113, 0.619, 0.8459, 0.5987]
duration: 190.0551722049713
epoch 51:
loss: 1.1719 || cls: 1.1755
train: acc: 0.9414 || macc: 0.8906 || miou: 0.8269 || iou: [0.9, 0.9675, 0.8012, 0.9187, 0.9078, 0.9004, 0.8205, 0.771, 0.7672, 0.8826, 0.599, 0.7089, 0.7681, 0.8611, 0.8052, 0.8429, 0.9111, 0.7142, 0.9047, 0.7866]
val:   acc: 0.9071 || macc: 0.8042 || miou: 0.7218 || iou: [0.8596, 0.9629, 0.6121, 0.7885, 0.9036, 0.8393, 0.7645, 0.6644, 0.662, 0.7931, 0.3132, 0.653, 0.7002, 0.7602, 0.5204, 0.6427, 0.9205, 0.6058, 0.872, 0.5975]
duration: 191.9884603023529
epoch 52:
loss: 1.1709 || cls: 1.1875
train: acc: 0.9416 || macc: 0.8913 || miou: 0.8279 || iou: [0.9001, 0.9675, 0.8057, 0.9176, 0.9078, 0.8973, 0.8218, 0.7695, 0.7688, 0.8768, 0.6073, 0.7037, 0.7653, 0.85, 0.8204, 0.8475, 0.9121, 0.7152, 0.9078, 0.7961]
val:   acc: 0.9023 || macc: 0.7892 || miou: 0.7165 || iou: [0.8447, 0.963, 0.6705, 0.7861, 0.9042, 0.8291, 0.7544, 0.5761, 0.6173, 0.8268, 0.2889, 0.6531, 0.6812, 0.7405, 0.5386, 0.6664, 0.928, 0.631, 0.8634, 0.5666]
duration: 189.7025649547577
epoch 53:
loss: 1.1667 || cls: 1.1801
train: acc: 0.9436 || macc: 0.8948 || miou: 0.8332 || iou: [0.9026, 0.9679, 0.8139, 0.9218, 0.9112, 0.9057, 0.8296, 0.7773, 0.7753, 0.8838, 0.6122, 0.7088, 0.7806, 0.858, 0.809, 0.8617, 0.9112, 0.7208, 0.9104, 0.8021]
val:   acc: 0.9059 || macc: 0.8106 || miou: 0.7256 || iou: [0.8572, 0.9636, 0.7051, 0.8014, 0.871, 0.7316, 0.766, 0.6257, 0.6523, 0.8422, 0.321, 0.6778, 0.7017, 0.7592, 0.5596, 0.6845, 0.8965, 0.6626, 0.8493, 0.584]
duration: 190.3598554134369
epoch 54:
loss: 1.1652 || cls: 1.1886
train: acc: 0.9441 || macc: 0.8958 || miou: 0.8344 || iou: [0.9042, 0.968, 0.8146, 0.924, 0.9106, 0.9017, 0.8222, 0.7794, 0.7896, 0.896, 0.6185, 0.7222, 0.769, 0.8592, 0.821, 0.8469, 0.9049, 0.7242, 0.911, 0.8008]
val:   acc: 0.9091 || macc: 0.8133 || miou: 0.7258 || iou: [0.8625, 0.9644, 0.6804, 0.7997, 0.8989, 0.797, 0.7634, 0.674, 0.6644, 0.8265, 0.3297, 0.5724, 0.7014, 0.7469, 0.5487, 0.6378, 0.9238, 0.6542, 0.8799, 0.5908]
duration: 192.75163507461548
epoch 55:
loss: 1.1619 || cls: 1.1907
train: acc: 0.9458 || macc: 0.8994 || miou: 0.8393 || iou: [0.9068, 0.9683, 0.8238, 0.9255, 0.9142, 0.9109, 0.8321, 0.7829, 0.7894, 0.8885, 0.627, 0.7206, 0.7811, 0.8689, 0.8244, 0.8573, 0.9163, 0.7313, 0.9129, 0.8029]
val:   acc: 0.9019 || macc: 0.8047 || miou: 0.7168 || iou: [0.8468, 0.9629, 0.6752, 0.7967, 0.8978, 0.8279, 0.7553, 0.6313, 0.6302, 0.7684, 0.281, 0.6549, 0.6875, 0.7079, 0.5373, 0.6805, 0.9406, 0.6618, 0.8618, 0.5313]
duration: 192.54614973068237
epoch 56:
loss: 1.1615 || cls: 1.2093
train: acc: 0.9459 || macc: 0.8998 || miou: 0.8396 || iou: [0.9068, 0.9685, 0.8225, 0.923, 0.9144, 0.9015, 0.8334, 0.7847, 0.7896, 0.8909, 0.6334, 0.7179, 0.7844, 0.8702, 0.8223, 0.8588, 0.9157, 0.7267, 0.9158, 0.8124]
val:   acc: 0.9081 || macc: 0.8122 || miou: 0.7271 || iou: [0.8617, 0.9641, 0.6866, 0.8037, 0.8949, 0.8114, 0.7646, 0.6487, 0.6604, 0.7907, 0.344, 0.6598, 0.6911, 0.7508, 0.5901, 0.6309, 0.9105, 0.6452, 0.8668, 0.565]
duration: 190.52328419685364
epoch 57:
loss: 1.1579 || cls: 1.2008
train: acc: 0.9474 || macc: 0.9031 || miou: 0.8445 || iou: [0.909, 0.9686, 0.832, 0.9268, 0.9133, 0.9053, 0.8381, 0.7911, 0.7928, 0.8973, 0.6312, 0.731, 0.788, 0.8757, 0.8366, 0.864, 0.9182, 0.7373, 0.9189, 0.8148]
val:   acc: 0.9098 || macc: 0.8132 || miou: 0.7314 || iou: [0.8565, 0.9645, 0.6836, 0.8087, 0.9154, 0.8589, 0.7646, 0.6829, 0.6116, 0.8147, 0.3191, 0.6432, 0.7085, 0.7534, 0.6029, 0.615, 0.9104, 0.6654, 0.8639, 0.5857]
duration: 192.4160177707672
new best!
epoch 58:
loss: 1.1582 || cls: 1.2216
train: acc: 0.947 || macc: 0.9012 || miou: 0.8421 || iou: [0.9089, 0.9685, 0.8295, 0.9251, 0.9147, 0.9111, 0.8325, 0.7915, 0.7859, 0.9059, 0.6354, 0.718, 0.7869, 0.8662, 0.8239, 0.8594, 0.9199, 0.733, 0.9135, 0.813]
val:   acc: 0.9073 || macc: 0.8097 || miou: 0.7225 || iou: [0.8654, 0.9641, 0.6706, 0.7965, 0.9081, 0.8151, 0.7197, 0.6454, 0.6396, 0.8357, 0.2968, 0.6801, 0.6329, 0.7576, 0.5356, 0.6336, 0.9125, 0.6655, 0.8732, 0.6024]
duration: 192.75623965263367
epoch 59:
loss: 1.1555 || cls: 1.2211
train: acc: 0.9484 || macc: 0.9056 || miou: 0.8475 || iou: [0.911, 0.9684, 0.8279, 0.9297, 0.917, 0.9107, 0.8359, 0.7971, 0.8032, 0.8978, 0.6464, 0.7381, 0.7887, 0.8746, 0.834, 0.865, 0.9181, 0.7429, 0.9186, 0.8244]
val:   acc: 0.904 || macc: 0.8035 || miou: 0.7168 || iou: [0.8639, 0.9631, 0.6601, 0.79, 0.8975, 0.7985, 0.7217, 0.6365, 0.6555, 0.8011, 0.3018, 0.688, 0.6547, 0.7473, 0.4992, 0.6647, 0.9312, 0.6577, 0.8628, 0.5412]
duration: 189.40863609313965
epoch 60:
loss: 1.1527 || cls: 1.2296
train: acc: 0.9498 || macc: 0.9086 || miou: 0.8524 || iou: [0.9118, 0.9688, 0.84, 0.9298, 0.9185, 0.9137, 0.8443, 0.7989, 0.8038, 0.9162, 0.6488, 0.7452, 0.802, 0.8721, 0.8461, 0.8748, 0.9227, 0.7448, 0.9182, 0.8272]
val:   acc: 0.9081 || macc: 0.7787 || miou: 0.7073 || iou: [0.8614, 0.964, 0.6812, 0.8187, 0.9019, 0.8136, 0.7457, 0.6597, 0.653, 0.8223, 0.3024, 0.6263, 0.6436, 0.7394, 0.485, 0.3902, 0.9205, 0.6515, 0.8514, 0.6142]
duration: 190.08967757225037
epoch 61:
loss: 1.1518 || cls: 1.2277
train: acc: 0.9503 || macc: 0.9081 || miou: 0.852 || iou: [0.9138, 0.9692, 0.843, 0.9294, 0.917, 0.9096, 0.8461, 0.8048, 0.8049, 0.9103, 0.6455, 0.7408, 0.8034, 0.8762, 0.8475, 0.865, 0.923, 0.745, 0.9168, 0.8291]
val:   acc: 0.9055 || macc: 0.7877 || miou: 0.7117 || iou: [0.8486, 0.9634, 0.6677, 0.829, 0.9139, 0.8279, 0.7565, 0.6562, 0.5732, 0.8164, 0.3405, 0.652, 0.6884, 0.7226, 0.5466, 0.4218, 0.909, 0.6462, 0.8568, 0.5974]
duration: 193.49500346183777
epoch 62:
loss: 1.1506 || cls: 1.2447
train: acc: 0.9508 || macc: 0.9105 || miou: 0.8544 || iou: [0.915, 0.9692, 0.8408, 0.9283, 0.9194, 0.9125, 0.8497, 0.8072, 0.8101, 0.8974, 0.6697, 0.7422, 0.8112, 0.8821, 0.841, 0.8754, 0.9242, 0.7445, 0.9202, 0.8276]
val:   acc: 0.9094 || macc: 0.8107 || miou: 0.7305 || iou: [0.863, 0.9644, 0.6843, 0.8153, 0.9008, 0.826, 0.7387, 0.6574, 0.6499, 0.805, 0.2875, 0.6838, 0.6874, 0.7783, 0.6093, 0.613, 0.9365, 0.6521, 0.8654, 0.5917]
duration: 190.47686100006104
epoch 63:
loss: 1.1481 || cls: 1.2452
train: acc: 0.9518 || macc: 0.9118 || miou: 0.8563 || iou: [0.9155, 0.9695, 0.847, 0.9318, 0.9228, 0.9214, 0.8505, 0.8085, 0.8128, 0.9077, 0.6524, 0.7583, 0.8088, 0.877, 0.8487, 0.8667, 0.9263, 0.7472, 0.9197, 0.8334]
val:   acc: 0.9085 || macc: 0.8133 || miou: 0.7271 || iou: [0.8608, 0.9647, 0.695, 0.8148, 0.9052, 0.7919, 0.7285, 0.6361, 0.6737, 0.8387, 0.276, 0.6558, 0.644, 0.76, 0.6116, 0.6481, 0.9212, 0.6445, 0.8746, 0.5959]
duration: 191.52056741714478
epoch 64:
loss: 1.1429 || cls: 1.2375
train: acc: 0.954 || macc: 0.9161 || miou: 0.8628 || iou: [0.9198, 0.9696, 0.8575, 0.9357, 0.9224, 0.9202, 0.8546, 0.8177, 0.8243, 0.9242, 0.6776, 0.7547, 0.8123, 0.8894, 0.8506, 0.881, 0.9258, 0.754, 0.9216, 0.8434]
val:   acc: 0.9099 || macc: 0.8083 || miou: 0.7305 || iou: [0.8618, 0.9635, 0.6589, 0.8023, 0.9109, 0.8111, 0.7705, 0.6584, 0.6551, 0.8247, 0.2569, 0.6978, 0.7013, 0.7794, 0.6208, 0.6421, 0.9327, 0.6512, 0.8332, 0.5772]
duration: 191.75913190841675
epoch 65:
loss: 1.1423 || cls: 1.2385
train: acc: 0.9545 || macc: 0.9161 || miou: 0.8632 || iou: [0.9201, 0.97, 0.8609, 0.9332, 0.9248, 0.919, 0.8588, 0.8224, 0.8211, 0.9226, 0.658, 0.7589, 0.8145, 0.885, 0.8639, 0.882, 0.9281, 0.7536, 0.92, 0.8475]
val:   acc: 0.9087 || macc: 0.8201 || miou: 0.7315 || iou: [0.8646, 0.9581, 0.7005, 0.7924, 0.8994, 0.7954, 0.7121, 0.6716, 0.6766, 0.8378, 0.3312, 0.6756, 0.6724, 0.7511, 0.6169, 0.6315, 0.9355, 0.657, 0.8669, 0.5834]
duration: 191.20528841018677
new best!
epoch 66:
loss: 1.1404 || cls: 1.2523
train: acc: 0.9553 || macc: 0.9196 || miou: 0.8678 || iou: [0.9212, 0.9702, 0.8615, 0.9353, 0.9238, 0.9208, 0.8638, 0.8191, 0.8306, 0.9215, 0.6924, 0.7628, 0.8269, 0.8965, 0.8577, 0.8883, 0.9309, 0.7589, 0.9226, 0.8506]
val:   acc: 0.9164 || macc: 0.8232 || miou: 0.7449 || iou: [0.8744, 0.9637, 0.7006, 0.8218, 0.9076, 0.7998, 0.7654, 0.7027, 0.7017, 0.8269, 0.3248, 0.6507, 0.6935, 0.7759, 0.6486, 0.6764, 0.9044, 0.6733, 0.8585, 0.6272]
duration: 191.18459463119507
new best!
epoch 67:
loss: 1.1404 || cls: 1.2628
train: acc: 0.9553 || macc: 0.9187 || miou: 0.8665 || iou: [0.9215, 0.9705, 0.8554, 0.9344, 0.9252, 0.9182, 0.8685, 0.8227, 0.8251, 0.918, 0.6865, 0.7624, 0.8301, 0.8905, 0.8509, 0.8906, 0.9269, 0.759, 0.9229, 0.85]
val:   acc: 0.9123 || macc: 0.8193 || miou: 0.7385 || iou: [0.8672, 0.9642, 0.6691, 0.8216, 0.9091, 0.8145, 0.7643, 0.6954, 0.6889, 0.7898, 0.3573, 0.6507, 0.7144, 0.7741, 0.5946, 0.6538, 0.937, 0.6551, 0.8846, 0.5634]
duration: 190.07467532157898
epoch 68:
loss: 1.1372 || cls: 1.249
train: acc: 0.9566 || macc: 0.9211 || miou: 0.8703 || iou: [0.9233, 0.9702, 0.8655, 0.9381, 0.928, 0.9273, 0.868, 0.8263, 0.8321, 0.9224, 0.6903, 0.7768, 0.8336, 0.8943, 0.8634, 0.876, 0.9299, 0.7616, 0.9257, 0.8534]
val:   acc: 0.909 || macc: 0.8091 || miou: 0.7331 || iou: [0.8588, 0.9649, 0.685, 0.8122, 0.9013, 0.7879, 0.7551, 0.6542, 0.6721, 0.8222, 0.2918, 0.6998, 0.6794, 0.7426, 0.6212, 0.6679, 0.9326, 0.6562, 0.8801, 0.5772]
duration: 192.86924719810486
epoch 69:
loss: 1.1356 || cls: 1.2504
train: acc: 0.9576 || macc: 0.9238 || miou: 0.8741 || iou: [0.9247, 0.9711, 0.872, 0.9404, 0.9279, 0.9286, 0.8668, 0.8331, 0.8315, 0.9312, 0.705, 0.7791, 0.8293, 0.8967, 0.8717, 0.8906, 0.9327, 0.7637, 0.9269, 0.8592]
val:   acc: 0.9125 || macc: 0.8243 || miou: 0.7372 || iou: [0.8728, 0.9647, 0.6838, 0.7565, 0.9087, 0.7832, 0.7607, 0.6777, 0.6593, 0.8433, 0.3325, 0.6725, 0.7047, 0.7613, 0.6158, 0.6824, 0.9345, 0.6598, 0.8654, 0.6054]
duration: 193.7560839653015
epoch 70:
loss: 1.1326 || cls: 1.2447
train: acc: 0.9587 || macc: 0.9261 || miou: 0.8773 || iou: [0.9261, 0.9708, 0.8753, 0.9394, 0.9311, 0.9341, 0.8734, 0.8374, 0.8391, 0.932, 0.7064, 0.7846, 0.8401, 0.905, 0.8772, 0.8837, 0.9336, 0.7662, 0.9278, 0.8624]
val:   acc: 0.9105 || macc: 0.8159 || miou: 0.735 || iou: [0.8597, 0.9637, 0.6933, 0.7953, 0.9054, 0.7723, 0.7744, 0.6697, 0.617, 0.8392, 0.3269, 0.6615, 0.7351, 0.777, 0.5636, 0.7078, 0.9186, 0.6655, 0.8588, 0.5957]
duration: 190.54366731643677
epoch 71:
loss: 1.1303 || cls: 1.2436
train: acc: 0.9598 || macc: 0.9276 || miou: 0.8799 || iou: [0.928, 0.9711, 0.8772, 0.9417, 0.9318, 0.9317, 0.8793, 0.8383, 0.8486, 0.9341, 0.7064, 0.7834, 0.8459, 0.9071, 0.8689, 0.8991, 0.9359, 0.7739, 0.9284, 0.8671]
val:   acc: 0.9137 || macc: 0.8242 || miou: 0.7412 || iou: [0.8681, 0.9649, 0.7039, 0.8178, 0.9034, 0.7797, 0.7616, 0.692, 0.6689, 0.8545, 0.3286, 0.6678, 0.6955, 0.7816, 0.6084, 0.679, 0.9332, 0.6584, 0.8658, 0.5906]
duration: 190.16535806655884
epoch 72:
loss: 1.1277 || cls: 1.2385
train: acc: 0.961 || macc: 0.9302 || miou: 0.884 || iou: [0.9296, 0.9713, 0.884, 0.9438, 0.9326, 0.9329, 0.8819, 0.8414, 0.8561, 0.9364, 0.7144, 0.799, 0.8525, 0.9073, 0.8824, 0.8957, 0.9367, 0.7767, 0.9303, 0.875]
val:   acc: 0.9123 || macc: 0.8209 || miou: 0.741 || iou: [0.8667, 0.9638, 0.7056, 0.7986, 0.8912, 0.7633, 0.7698, 0.6803, 0.6747, 0.8402, 0.3146, 0.6881, 0.7225, 0.76, 0.5845, 0.7305, 0.9405, 0.6612, 0.8598, 0.6047]
duration: 194.5020787715912
epoch 73:
loss: 1.1273 || cls: 1.2412
train: acc: 0.9612 || macc: 0.9315 || miou: 0.8851 || iou: [0.9306, 0.9715, 0.8823, 0.945, 0.9329, 0.9336, 0.8815, 0.8439, 0.8542, 0.9375, 0.7264, 0.7955, 0.8499, 0.9118, 0.88, 0.9054, 0.9372, 0.7754, 0.9317, 0.8752]
val:   acc: 0.9138 || macc: 0.82 || miou: 0.7445 || iou: [0.8684, 0.964, 0.7079, 0.7967, 0.909, 0.8023, 0.7711, 0.6587, 0.6909, 0.8321, 0.3253, 0.6971, 0.7059, 0.7577, 0.6698, 0.6459, 0.9385, 0.6774, 0.8747, 0.5977]
duration: 190.21225333213806
epoch 74:
loss: 1.1253 || cls: 1.2449
train: acc: 0.9622 || macc: 0.9327 || miou: 0.8872 || iou: [0.9318, 0.9719, 0.8836, 0.9431, 0.9354, 0.9331, 0.8926, 0.8491, 0.8578, 0.9342, 0.7347, 0.8028, 0.8644, 0.9129, 0.8789, 0.8985, 0.9386, 0.7752, 0.932, 0.8743]
val:   acc: 0.9146 || macc: 0.8246 || miou: 0.7473 || iou: [0.8699, 0.9647, 0.7138, 0.8232, 0.9145, 0.8027, 0.7372, 0.6726, 0.704, 0.8422, 0.3155, 0.7074, 0.6777, 0.7804, 0.6598, 0.6925, 0.9433, 0.6591, 0.8812, 0.5838]
duration: 190.16194796562195
new best!
epoch 75:
loss: 1.122 || cls: 1.2264
train: acc: 0.9636 || macc: 0.9354 || miou: 0.8912 || iou: [0.9346, 0.9727, 0.8932, 0.9474, 0.9365, 0.9361, 0.8914, 0.854, 0.8596, 0.9375, 0.7352, 0.812, 0.8637, 0.9127, 0.8908, 0.912, 0.9371, 0.7808, 0.9346, 0.8815]
val:   acc: 0.9128 || macc: 0.8164 || miou: 0.7383 || iou: [0.8695, 0.9635, 0.6895, 0.7931, 0.9041, 0.7841, 0.7517, 0.694, 0.6624, 0.8575, 0.3119, 0.6986, 0.6867, 0.7623, 0.6202, 0.6746, 0.9027, 0.669, 0.8803, 0.5913]
duration: 192.02665615081787
epoch 76:
loss: 1.1202 || cls: 1.2224
train: acc: 0.9644 || macc: 0.9368 || miou: 0.8935 || iou: [0.9354, 0.9726, 0.8948, 0.9462, 0.9383, 0.9408, 0.8945, 0.8593, 0.867, 0.9409, 0.7306, 0.8129, 0.8699, 0.9201, 0.8896, 0.9143, 0.9415, 0.7826, 0.9358, 0.884]
val:   acc: 0.9128 || macc: 0.8165 || miou: 0.743 || iou: [0.8626, 0.964, 0.694, 0.7949, 0.911, 0.8074, 0.7495, 0.6876, 0.6956, 0.8438, 0.3147, 0.6901, 0.6741, 0.7828, 0.6148, 0.7295, 0.9377, 0.6588, 0.8627, 0.5838]
duration: 191.3032042980194
epoch 77:
loss: 1.12 || cls: 1.2253
train: acc: 0.9645 || macc: 0.9373 || miou: 0.894 || iou: [0.9355, 0.9727, 0.8932, 0.947, 0.9378, 0.9398, 0.8998, 0.8571, 0.8671, 0.9398, 0.7391, 0.809, 0.8728, 0.9161, 0.8895, 0.9112, 0.9412, 0.7883, 0.9375, 0.885]
val:   acc: 0.9125 || macc: 0.8195 || miou: 0.7442 || iou: [0.8646, 0.964, 0.7016, 0.7954, 0.9096, 0.8199, 0.7674, 0.6648, 0.6496, 0.8503, 0.3499, 0.678, 0.695, 0.7807, 0.5959, 0.725, 0.9343, 0.6769, 0.8779, 0.583]
duration: 189.59665441513062
epoch 78:
loss: 1.1173 || cls: 1.2158
train: acc: 0.9658 || macc: 0.9397 || miou: 0.8978 || iou: [0.938, 0.9731, 0.9031, 0.9478, 0.9396, 0.9373, 0.9014, 0.8624, 0.8723, 0.9451, 0.7478, 0.8255, 0.8768, 0.9203, 0.8918, 0.9122, 0.9417, 0.7927, 0.9376, 0.8903]
val:   acc: 0.9153 || macc: 0.8292 || miou: 0.7486 || iou: [0.8694, 0.9647, 0.6884, 0.8081, 0.9147, 0.8181, 0.7614, 0.6863, 0.6831, 0.8423, 0.342, 0.6788, 0.7049, 0.7797, 0.6225, 0.6942, 0.9298, 0.6841, 0.8903, 0.6086]
duration: 194.71752309799194
new best!
epoch 79:
loss: 1.1161 || cls: 1.2057
train: acc: 0.9663 || macc: 0.9413 || miou: 0.9003 || iou: [0.9381, 0.9733, 0.901, 0.9492, 0.9406, 0.9427, 0.903, 0.8651, 0.8736, 0.9437, 0.7586, 0.8282, 0.8815, 0.9243, 0.8958, 0.9213, 0.9439, 0.7929, 0.9371, 0.8916]
val:   acc: 0.9157 || macc: 0.8226 || miou: 0.7495 || iou: [0.8684, 0.9639, 0.6863, 0.7997, 0.911, 0.7875, 0.7943, 0.7015, 0.6902, 0.8426, 0.3381, 0.6668, 0.7588, 0.7701, 0.6717, 0.6605, 0.9385, 0.6809, 0.8792, 0.581]
duration: 192.52310872077942
new best!
epoch 80:
loss: 1.1148 || cls: 1.2064
train: acc: 0.9669 || macc: 0.943 || miou: 0.9024 || iou: [0.9396, 0.9733, 0.9049, 0.95, 0.9418, 0.9455, 0.9062, 0.8653, 0.875, 0.9454, 0.7689, 0.8319, 0.8819, 0.9225, 0.8997, 0.9201, 0.9461, 0.7959, 0.9395, 0.895]
val:   acc: 0.917 || macc: 0.8323 || miou: 0.756 || iou: [0.8731, 0.9645, 0.6826, 0.811, 0.9174, 0.8305, 0.7522, 0.6983, 0.7131, 0.8462, 0.3602, 0.709, 0.7108, 0.7774, 0.6767, 0.7064, 0.9282, 0.6822, 0.8791, 0.6006]
duration: 192.27538776397705
new best!
epoch 81:
loss: 1.1132 || cls: 1.2122
train: acc: 0.9676 || macc: 0.9435 || miou: 0.9033 || iou: [0.9407, 0.9735, 0.9027, 0.9494, 0.9436, 0.9477, 0.9081, 0.8733, 0.8794, 0.9392, 0.756, 0.8327, 0.8889, 0.9276, 0.9014, 0.9246, 0.9455, 0.7984, 0.938, 0.8962]
val:   acc: 0.9175 || macc: 0.8308 || miou: 0.7557 || iou: [0.8694, 0.9638, 0.7223, 0.8177, 0.913, 0.8182, 0.7789, 0.7081, 0.6747, 0.8455, 0.3307, 0.7001, 0.7232, 0.7645, 0.6581, 0.7078, 0.9375, 0.6912, 0.8769, 0.6134]
duration: 188.7379813194275
epoch 82:
loss: 1.111 || cls: 1.2024
train: acc: 0.9686 || macc: 0.9459 || miou: 0.9071 || iou: [0.9423, 0.9737, 0.9103, 0.9521, 0.945, 0.9474, 0.9101, 0.8727, 0.8836, 0.9481, 0.7747, 0.8353, 0.8917, 0.9289, 0.9059, 0.9288, 0.9466, 0.8012, 0.9423, 0.9014]
val:   acc: 0.9177 || macc: 0.8261 || miou: 0.753 || iou: [0.8712, 0.9648, 0.7027, 0.8058, 0.9167, 0.8203, 0.789, 0.6953, 0.6985, 0.8383, 0.3406, 0.6801, 0.7333, 0.7746, 0.6687, 0.6462, 0.9403, 0.6757, 0.8897, 0.6088]
duration: 192.32181787490845
epoch 83:
loss: 1.1091 || cls: 1.189
train: acc: 0.9694 || macc: 0.9475 || miou: 0.9097 || iou: [0.9431, 0.9739, 0.9137, 0.952, 0.9459, 0.9524, 0.9134, 0.8777, 0.8886, 0.9499, 0.7752, 0.8452, 0.8945, 0.9347, 0.9038, 0.931, 0.9469, 0.8066, 0.9396, 0.9061]
val:   acc: 0.9166 || macc: 0.8251 || miou: 0.7518 || iou: [0.8674, 0.9641, 0.7324, 0.8112, 0.9155, 0.8284, 0.7898, 0.6926, 0.6337, 0.8578, 0.3557, 0.7034, 0.7513, 0.7466, 0.6577, 0.6051, 0.9412, 0.6882, 0.8873, 0.6063]
duration: 191.41501641273499
epoch 84:
loss: 1.1085 || cls: 1.1835
train: acc: 0.9697 || macc: 0.9477 || miou: 0.91 || iou: [0.9443, 0.9741, 0.9154, 0.9542, 0.9454, 0.9508, 0.9147, 0.8771, 0.8879, 0.9515, 0.7831, 0.8427, 0.8976, 0.9291, 0.902, 0.9305, 0.9467, 0.8049, 0.9414, 0.907]
val:   acc: 0.918 || macc: 0.8289 || miou: 0.754 || iou: [0.8728, 0.9646, 0.7249, 0.8085, 0.9177, 0.8095, 0.7732, 0.7097, 0.6876, 0.8401, 0.3362, 0.6838, 0.7371, 0.7864, 0.6409, 0.6719, 0.9457, 0.6941, 0.8877, 0.5871]
duration: 191.86844897270203
epoch 85:
loss: 1.1065 || cls: 1.1812
train: acc: 0.9706 || macc: 0.9495 || miou: 0.9128 || iou: [0.9455, 0.9744, 0.9179, 0.9535, 0.9477, 0.9533, 0.9176, 0.882, 0.8913, 0.9519, 0.778, 0.8484, 0.8993, 0.9382, 0.9099, 0.9349, 0.9493, 0.8081, 0.9455, 0.9096]
val:   acc: 0.9182 || macc: 0.8325 || miou: 0.7576 || iou: [0.8685, 0.9648, 0.7302, 0.7978, 0.9189, 0.8191, 0.7888, 0.6975, 0.6776, 0.8598, 0.3585, 0.6534, 0.7419, 0.786, 0.6399, 0.7231, 0.9437, 0.6925, 0.8753, 0.6139]
duration: 190.60006737709045
new best!
epoch 86:
loss: 1.1059 || cls: 1.1682
train: acc: 0.9709 || macc: 0.9505 || miou: 0.9143 || iou: [0.9459, 0.9745, 0.9199, 0.9555, 0.9479, 0.9553, 0.9191, 0.8821, 0.8921, 0.9535, 0.7883, 0.8514, 0.903, 0.9378, 0.9118, 0.9304, 0.9491, 0.8111, 0.9472, 0.9095]
val:   acc: 0.9197 || macc: 0.8308 || miou: 0.7583 || iou: [0.8729, 0.9648, 0.7342, 0.8112, 0.9175, 0.8274, 0.7829, 0.6981, 0.7011, 0.8529, 0.3396, 0.6637, 0.7419, 0.7881, 0.6375, 0.7206, 0.9373, 0.6866, 0.8747, 0.6125]
duration: 190.91548418998718
new best!
epoch 87:
loss: 1.1045 || cls: 1.1664
train: acc: 0.9716 || macc: 0.9512 || miou: 0.9157 || iou: [0.9472, 0.9747, 0.9213, 0.9555, 0.949, 0.9554, 0.9213, 0.885, 0.8942, 0.9534, 0.7896, 0.8511, 0.9047, 0.9389, 0.9139, 0.9332, 0.9498, 0.8147, 0.9469, 0.9137]
val:   acc: 0.9201 || macc: 0.8338 || miou: 0.7624 || iou: [0.8709, 0.9649, 0.7293, 0.8058, 0.918, 0.8342, 0.7955, 0.7058, 0.7058, 0.8495, 0.3674, 0.6394, 0.7511, 0.7963, 0.6567, 0.7435, 0.9369, 0.6786, 0.8848, 0.6136]
duration: 190.42562556266785
new best!
epoch 88:
loss: 1.1038 || cls: 1.1642
train: acc: 0.9718 || macc: 0.9522 || miou: 0.9172 || iou: [0.9474, 0.9747, 0.9225, 0.9565, 0.9494, 0.9563, 0.9223, 0.8843, 0.8985, 0.9542, 0.7946, 0.8574, 0.9079, 0.9402, 0.913, 0.9342, 0.9513, 0.8182, 0.9467, 0.9133]
val:   acc: 0.9205 || macc: 0.8303 || miou: 0.7613 || iou: [0.8732, 0.9652, 0.7246, 0.8054, 0.9201, 0.8287, 0.798, 0.7104, 0.7096, 0.8455, 0.3399, 0.6781, 0.7729, 0.7792, 0.6543, 0.6909, 0.9421, 0.6919, 0.8879, 0.6073]
duration: 190.97533249855042
epoch 89:
loss: 1.1032 || cls: 1.1622
train: acc: 0.9721 || macc: 0.9525 || miou: 0.9174 || iou: [0.948, 0.975, 0.9233, 0.9564, 0.9506, 0.9573, 0.9231, 0.8881, 0.8962, 0.9548, 0.7893, 0.8582, 0.9052, 0.939, 0.9146, 0.9378, 0.951, 0.8177, 0.9466, 0.9164]
val:   acc: 0.9203 || macc: 0.8365 || miou: 0.763 || iou: [0.8754, 0.9642, 0.7295, 0.8009, 0.9208, 0.8301, 0.7753, 0.7131, 0.7186, 0.8517, 0.3626, 0.6871, 0.7157, 0.8073, 0.6492, 0.7178, 0.9475, 0.6965, 0.8921, 0.6054]
duration: 191.71992778778076
new best!
epoch 90:
loss: 1.1019 || cls: 1.1552
train: acc: 0.9728 || macc: 0.954 || miou: 0.9198 || iou: [0.9494, 0.9752, 0.9254, 0.9572, 0.9505, 0.9577, 0.9237, 0.8908, 0.9006, 0.9559, 0.8052, 0.8628, 0.9076, 0.9398, 0.9189, 0.9365, 0.9513, 0.8197, 0.9507, 0.9179]
val:   acc: 0.919 || macc: 0.833 || miou: 0.7601 || iou: [0.8702, 0.9643, 0.7234, 0.8221, 0.9151, 0.8186, 0.7899, 0.694, 0.7023, 0.8486, 0.3492, 0.6899, 0.7393, 0.7898, 0.6479, 0.6915, 0.9444, 0.6955, 0.8968, 0.608]
duration: 189.47196507453918
epoch 91:
loss: 1.1013 || cls: 1.1492
train: acc: 0.973 || macc: 0.954 || miou: 0.9198 || iou: [0.9499, 0.9753, 0.9264, 0.9579, 0.9509, 0.9585, 0.9256, 0.8921, 0.9013, 0.9556, 0.7962, 0.8632, 0.9099, 0.9418, 0.9182, 0.9341, 0.9518, 0.8202, 0.9484, 0.9187]
val:   acc: 0.92 || macc: 0.8354 || miou: 0.7626 || iou: [0.874, 0.9643, 0.7222, 0.8108, 0.9165, 0.8268, 0.7696, 0.7217, 0.7204, 0.8566, 0.3623, 0.6762, 0.7193, 0.791, 0.6537, 0.721, 0.9469, 0.7014, 0.8917, 0.6061]
duration: 191.2853536605835
epoch 92:
loss: 1.1012 || cls: 1.1454
train: acc: 0.9731 || macc: 0.9546 || miou: 0.9208 || iou: [0.9499, 0.975, 0.928, 0.9572, 0.9508, 0.9581, 0.9251, 0.8911, 0.9013, 0.9559, 0.8012, 0.8645, 0.9113, 0.9442, 0.9193, 0.9406, 0.9524, 0.8223, 0.9497, 0.918]
val:   acc: 0.9207 || macc: 0.8363 || miou: 0.7628 || iou: [0.8747, 0.9643, 0.7298, 0.8106, 0.9187, 0.829, 0.7857, 0.7083, 0.714, 0.8514, 0.3578, 0.6713, 0.7435, 0.792, 0.6613, 0.7052, 0.9456, 0.698, 0.8844, 0.6109]
duration: 191.62897372245789
epoch 93:
loss: 1.1003 || cls: 1.1492
train: acc: 0.9735 || macc: 0.9556 || miou: 0.9222 || iou: [0.9506, 0.9753, 0.9287, 0.9578, 0.9518, 0.9605, 0.9267, 0.8936, 0.9043, 0.9577, 0.8085, 0.8644, 0.9131, 0.9425, 0.9218, 0.9401, 0.9519, 0.8242, 0.9518, 0.9192]
val:   acc: 0.9204 || macc: 0.835 || miou: 0.7628 || iou: [0.8735, 0.9644, 0.7312, 0.8179, 0.9177, 0.8302, 0.7795, 0.7098, 0.7093, 0.8504, 0.3705, 0.6752, 0.7292, 0.7866, 0.6572, 0.7077, 0.9437, 0.6941, 0.8875, 0.6203]
duration: 189.9353632926941
epoch 94:
loss: 1.1001 || cls: 1.1441
train: acc: 0.9736 || macc: 0.956 || miou: 0.9229 || iou: [0.9507, 0.9755, 0.9289, 0.9588, 0.9515, 0.9603, 0.9283, 0.8936, 0.9044, 0.9556, 0.8114, 0.866, 0.9139, 0.9456, 0.9213, 0.9416, 0.9521, 0.8264, 0.9511, 0.921]
val:   acc: 0.9205 || macc: 0.8346 || miou: 0.7612 || iou: [0.8744, 0.9645, 0.7298, 0.8115, 0.9196, 0.8273, 0.7827, 0.7151, 0.7103, 0.8499, 0.3547, 0.6712, 0.7335, 0.7879, 0.655, 0.6934, 0.9448, 0.6921, 0.8914, 0.6146]
duration: 190.57477855682373
epoch 95:
loss: 1.0997 || cls: 1.1424
train: acc: 0.9737 || macc: 0.9558 || miou: 0.9227 || iou: [0.9509, 0.9755, 0.929, 0.9582, 0.9519, 0.9604, 0.9275, 0.8947, 0.905, 0.9563, 0.8066, 0.8648, 0.9131, 0.9449, 0.9215, 0.942, 0.9525, 0.8241, 0.9534, 0.9223]
val:   acc: 0.9201 || macc: 0.8333 || miou: 0.761 || iou: [0.8738, 0.9649, 0.7249, 0.8198, 0.9166, 0.8181, 0.7851, 0.7103, 0.7043, 0.8516, 0.3579, 0.6857, 0.7387, 0.7866, 0.6466, 0.6848, 0.9444, 0.697, 0.8966, 0.6122]
duration: 192.41240119934082
epoch 96:
loss: 1.0994 || cls: 1.1449
train: acc: 0.9739 || macc: 0.9561 || miou: 0.9234 || iou: [0.9513, 0.9755, 0.9297, 0.9583, 0.9521, 0.9596, 0.9293, 0.8955, 0.9048, 0.9575, 0.8087, 0.8671, 0.9144, 0.9442, 0.9217, 0.9424, 0.9539, 0.8266, 0.9537, 0.9219]
val:   acc: 0.92 || macc: 0.8338 || miou: 0.7605 || iou: [0.8748, 0.9647, 0.7239, 0.8193, 0.9192, 0.8229, 0.7767, 0.7061, 0.7101, 0.852, 0.3582, 0.6928, 0.7294, 0.7854, 0.6533, 0.6787, 0.9459, 0.6949, 0.8907, 0.6113]
duration: 193.30259156227112
epoch 97:
loss: 1.0994 || cls: 1.1468
train: acc: 0.9739 || macc: 0.9562 || miou: 0.9232 || iou: [0.9514, 0.9755, 0.9297, 0.9585, 0.9525, 0.9611, 0.9281, 0.8952, 0.9039, 0.9584, 0.8114, 0.8664, 0.9135, 0.9441, 0.9212, 0.9401, 0.9535, 0.8243, 0.9544, 0.9218]
val:   acc: 0.9194 || macc: 0.8324 || miou: 0.7587 || iou: [0.8729, 0.9649, 0.7213, 0.8128, 0.9187, 0.8199, 0.7848, 0.7046, 0.7013, 0.8474, 0.3594, 0.6791, 0.7373, 0.7889, 0.6321, 0.6862, 0.9438, 0.6964, 0.8927, 0.6086]
duration: 189.40489220619202
epoch 98:
loss: 1.0994 || cls: 1.1457
train: acc: 0.9739 || macc: 0.9563 || miou: 0.9235 || iou: [0.9514, 0.9755, 0.9304, 0.9589, 0.9519, 0.96, 0.9287, 0.8955, 0.9036, 0.9583, 0.8121, 0.8682, 0.913, 0.9447, 0.9235, 0.9412, 0.9539, 0.8252, 0.9514, 0.922]
val:   acc: 0.92 || macc: 0.8322 || miou: 0.7588 || iou: [0.875, 0.9647, 0.7268, 0.8171, 0.917, 0.8187, 0.7762, 0.7138, 0.7081, 0.8497, 0.3554, 0.6727, 0.7272, 0.7875, 0.6478, 0.6838, 0.9433, 0.6921, 0.8913, 0.6084]
duration: 190.20853352546692
epoch 99:
loss: 1.0996 || cls: 1.1463
train: acc: 0.9738 || macc: 0.956 || miou: 0.9231 || iou: [0.9511, 0.9754, 0.9308, 0.9586, 0.9516, 0.9601, 0.9282, 0.8965, 0.9025, 0.9581, 0.8071, 0.8657, 0.9146, 0.9457, 0.9214, 0.9423, 0.9524, 0.8261, 0.953, 0.9211]
val:   acc: 0.9207 || macc: 0.8341 || miou: 0.7614 || iou: [0.8748, 0.9646, 0.7325, 0.8143, 0.9176, 0.8252, 0.7841, 0.7096, 0.7101, 0.8518, 0.3482, 0.6777, 0.7424, 0.7905, 0.6495, 0.6921, 0.9408, 0.6961, 0.891, 0.6159]
duration: 192.79004788398743
