base
epoch 0:
loss: 1.3666 || cls: 1.369
train: acc: 0.7915 || macc: 0.5713 || miou: 0.4845 || iou: [0.9007, 0.9308, 0.7, 0.5117, 0.0875, 0.3328, 0.4824, 0.5828, 0.5724, 0.1068, 0.4415, 0.1771, 0.4722]
val:   acc: 0.8192 || macc: 0.5943 || miou: 0.5134 || iou: [0.8618, 0.9677, 0.7109, 0.0, 0.0078, 0.2897, 0.3123, 0.711, 0.7969, 0.4566, 0.6441, 0.4326, 0.4827]
duration: 95.13103365898132
new best!
epoch 1:
loss: 1.1945 || cls: 0.8673
train: acc: 0.8742 || macc: 0.7704 || miou: 0.685 || iou: [0.9386, 0.9628, 0.8002, 0.7241, 0.3893, 0.6233, 0.6846, 0.7063, 0.776, 0.5509, 0.6173, 0.5012, 0.6304]
val:   acc: 0.8678 || macc: 0.7056 || miou: 0.6166 || iou: [0.9311, 0.9718, 0.7951, 0.0, 0.3002, 0.4921, 0.5635, 0.758, 0.8386, 0.4715, 0.7266, 0.6181, 0.5489]
duration: 108.78083825111389
new best!
epoch 2:
loss: 1.148 || cls: 0.8213
train: acc: 0.8972 || macc: 0.8211 || miou: 0.7411 || iou: [0.9475, 0.9676, 0.8324, 0.7807, 0.5161, 0.6887, 0.7469, 0.7393, 0.8159, 0.6457, 0.6934, 0.5795, 0.6803]
val:   acc: 0.8725 || macc: 0.7073 || miou: 0.6268 || iou: [0.911, 0.9733, 0.8108, 0.0, 0.2189, 0.5643, 0.5444, 0.7632, 0.8741, 0.6563, 0.7224, 0.6018, 0.5081]
duration: 108.19164037704468
new best!
epoch 3:
loss: 1.1203 || cls: 0.779
train: acc: 0.9111 || macc: 0.8498 || miou: 0.7747 || iou: [0.9527, 0.9698, 0.855, 0.8059, 0.5915, 0.7507, 0.7906, 0.7621, 0.8336, 0.6921, 0.7344, 0.6198, 0.7132]
val:   acc: 0.8872 || macc: 0.7409 || miou: 0.6597 || iou: [0.9254, 0.9724, 0.82, 0.0, 0.3498, 0.5737, 0.6214, 0.7849, 0.8669, 0.6577, 0.7571, 0.6614, 0.5856]
duration: 107.84230089187622
new best!
epoch 4:
loss: 1.1057 || cls: 0.7519
train: acc: 0.9177 || macc: 0.863 || miou: 0.7911 || iou: [0.9567, 0.9708, 0.864, 0.8229, 0.62, 0.7739, 0.8038, 0.7739, 0.8522, 0.7287, 0.758, 0.628, 0.7315]
val:   acc: 0.8775 || macc: 0.7323 || miou: 0.6504 || iou: [0.9085, 0.9754, 0.8194, 0.0, 0.3689, 0.6177, 0.6475, 0.7452, 0.8724, 0.5759, 0.7275, 0.6668, 0.5294]
duration: 107.49446439743042
epoch 5:
loss: 1.1001 || cls: 0.7285
train: acc: 0.9209 || macc: 0.8701 || miou: 0.7996 || iou: [0.9579, 0.9724, 0.8689, 0.8224, 0.6464, 0.7934, 0.8099, 0.7806, 0.8426, 0.7328, 0.7674, 0.6584, 0.7412]
val:   acc: 0.8862 || macc: 0.7462 || miou: 0.6491 || iou: [0.944, 0.9753, 0.8264, 0.0, 0.389, 0.5455, 0.6453, 0.7858, 0.8863, 0.6092, 0.7306, 0.5269, 0.5746]
duration: 108.31644201278687
epoch 6:
loss: 1.0887 || cls: 0.7
train: acc: 0.9265 || macc: 0.8781 || miou: 0.8114 || iou: [0.9609, 0.9727, 0.8762, 0.8356, 0.6576, 0.7997, 0.8294, 0.7936, 0.865, 0.7424, 0.7817, 0.678, 0.7558]
val:   acc: 0.8931 || macc: 0.7424 || miou: 0.6579 || iou: [0.9387, 0.9776, 0.8284, 0.0, 0.3615, 0.6057, 0.6923, 0.8108, 0.8863, 0.4992, 0.7619, 0.5912, 0.5993]
duration: 108.48488426208496
epoch 7:
loss: 1.0883 || cls: 0.6762
train: acc: 0.9264 || macc: 0.879 || miou: 0.8136 || iou: [0.9593, 0.9733, 0.8764, 0.8375, 0.6742, 0.7926, 0.8229, 0.7986, 0.8677, 0.7705, 0.7838, 0.6637, 0.7558]
val:   acc: 0.8786 || macc: 0.7188 || miou: 0.6495 || iou: [0.9345, 0.9775, 0.8108, 0.0, 0.3833, 0.5525, 0.6264, 0.7957, 0.8607, 0.5939, 0.6805, 0.6743, 0.5539]
duration: 108.88024377822876
epoch 8:
loss: 1.0855 || cls: 0.6525
train: acc: 0.9276 || macc: 0.88 || miou: 0.8144 || iou: [0.9608, 0.9742, 0.8785, 0.8397, 0.6634, 0.7903, 0.8323, 0.7987, 0.8682, 0.7634, 0.7815, 0.6759, 0.7604]
val:   acc: 0.8768 || macc: 0.7378 || miou: 0.6511 || iou: [0.9438, 0.978, 0.7926, 0.0, 0.392, 0.4092, 0.6823, 0.7949, 0.8893, 0.586, 0.7232, 0.6899, 0.5835]
duration: 107.83430314064026
epoch 9:
loss: 1.0797 || cls: 0.6296
train: acc: 0.9306 || macc: 0.8859 || miou: 0.822 || iou: [0.9615, 0.9737, 0.8836, 0.8478, 0.6878, 0.8189, 0.8309, 0.8004, 0.8733, 0.7501, 0.7968, 0.693, 0.7685]
val:   acc: 0.8823 || macc: 0.6935 || miou: 0.63 || iou: [0.9285, 0.9786, 0.8184, 0.0, 0.3, 0.4785, 0.6135, 0.7907, 0.8768, 0.5099, 0.7378, 0.5972, 0.5604]
duration: 108.50929498672485
epoch 10:
loss: 1.0774 || cls: 0.6216
train: acc: 0.9316 || macc: 0.8891 || miou: 0.8259 || iou: [0.9617, 0.9736, 0.8848, 0.8465, 0.6893, 0.8058, 0.8326, 0.8081, 0.8813, 0.7716, 0.7979, 0.7089, 0.7741]
val:   acc: 0.8794 || macc: 0.7108 || miou: 0.6356 || iou: [0.9331, 0.9763, 0.8038, 0.0, 0.2966, 0.5321, 0.545, 0.8244, 0.8883, 0.505, 0.7273, 0.6419, 0.5887]
duration: 107.07261776924133
epoch 11:
loss: 1.066 || cls: 0.5981
train: acc: 0.9371 || macc: 0.9003 || miou: 0.8415 || iou: [0.9638, 0.9748, 0.8929, 0.8609, 0.7184, 0.8323, 0.8572, 0.8162, 0.8869, 0.8062, 0.8154, 0.7284, 0.7859]
val:   acc: 0.8773 || macc: 0.7181 || miou: 0.6429 || iou: [0.9079, 0.9793, 0.8185, 0.0, 0.3369, 0.5692, 0.6592, 0.7758, 0.8479, 0.4926, 0.7085, 0.7173, 0.5442]
duration: 106.75519156455994
epoch 12:
loss: 1.0656 || cls: 0.5949
train: acc: 0.9375 || macc: 0.9006 || miou: 0.8419 || iou: [0.9642, 0.9751, 0.8941, 0.8667, 0.7258, 0.8316, 0.8488, 0.8172, 0.8852, 0.8045, 0.8161, 0.7272, 0.7879]
val:   acc: 0.892 || macc: 0.7118 || miou: 0.6399 || iou: [0.9323, 0.9777, 0.8353, 0.0, 0.2343, 0.5744, 0.6932, 0.7818, 0.8802, 0.3764, 0.7558, 0.701, 0.5763]
duration: 107.4820008277893
epoch 13:
loss: 1.0605 || cls: 0.58
train: acc: 0.9398 || macc: 0.904 || miou: 0.8471 || iou: [0.9643, 0.9758, 0.8969, 0.8798, 0.7331, 0.8343, 0.8664, 0.8228, 0.8873, 0.8019, 0.8242, 0.7297, 0.7954]
val:   acc: 0.8912 || macc: 0.7404 || miou: 0.6653 || iou: [0.9231, 0.9796, 0.8336, 0.0, 0.2923, 0.5844, 0.6493, 0.8041, 0.8878, 0.6523, 0.7734, 0.6868, 0.5819]
duration: 108.57063269615173
new best!
epoch 14:
loss: 1.0564 || cls: 0.5683
train: acc: 0.9418 || macc: 0.91 || miou: 0.8546 || iou: [0.9654, 0.9756, 0.8996, 0.8805, 0.7415, 0.8476, 0.862, 0.8307, 0.8972, 0.8222, 0.8333, 0.7546, 0.7999]
val:   acc: 0.8896 || macc: 0.7062 || miou: 0.643 || iou: [0.925, 0.9784, 0.8277, 0.0, 0.2601, 0.5786, 0.6543, 0.7872, 0.8471, 0.4568, 0.7493, 0.7126, 0.5813]
duration: 107.58127665519714
epoch 15:
loss: 1.058 || cls: 0.571
train: acc: 0.9413 || macc: 0.908 || miou: 0.8522 || iou: [0.9656, 0.9754, 0.8996, 0.8809, 0.7451, 0.8431, 0.8646, 0.8262, 0.8913, 0.8271, 0.832, 0.7302, 0.7974]
val:   acc: 0.9004 || macc: 0.7551 || miou: 0.6838 || iou: [0.9308, 0.9808, 0.8486, 0.0, 0.4202, 0.5874, 0.6464, 0.8149, 0.9059, 0.6569, 0.78, 0.7185, 0.5993]
duration: 110.28362655639648
new best!
epoch 16:
loss: 1.0504 || cls: 0.5613
train: acc: 0.945 || macc: 0.9151 || miou: 0.8624 || iou: [0.9665, 0.9758, 0.9059, 0.8839, 0.7746, 0.8619, 0.8723, 0.836, 0.9013, 0.8342, 0.8358, 0.7522, 0.8114]
val:   acc: 0.8858 || macc: 0.6966 || miou: 0.6363 || iou: [0.9331, 0.9753, 0.8156, 0.0, 0.3125, 0.5169, 0.642, 0.8052, 0.8741, 0.3741, 0.7365, 0.7142, 0.5727]
duration: 107.79005360603333
epoch 17:
loss: 1.0508 || cls: 0.5647
train: acc: 0.9448 || macc: 0.9144 || miou: 0.8612 || iou: [0.9656, 0.9767, 0.905, 0.8802, 0.7626, 0.8496, 0.8672, 0.8397, 0.9013, 0.8418, 0.8402, 0.7542, 0.8109]
val:   acc: 0.8889 || macc: 0.7526 || miou: 0.6753 || iou: [0.9289, 0.9778, 0.8232, 0.0, 0.4053, 0.5909, 0.6121, 0.8116, 0.902, 0.7001, 0.7515, 0.6917, 0.5836]
duration: 107.96410202980042
epoch 18:
loss: 1.0503 || cls: 0.5637
train: acc: 0.9447 || macc: 0.9156 || miou: 0.8628 || iou: [0.9668, 0.976, 0.9039, 0.8966, 0.7736, 0.8559, 0.8662, 0.8363, 0.8975, 0.84, 0.8372, 0.7532, 0.8126]
val:   acc: 0.8854 || macc: 0.7383 || miou: 0.6615 || iou: [0.9343, 0.9786, 0.8165, 0.0, 0.3087, 0.5322, 0.6767, 0.7997, 0.9012, 0.6741, 0.7266, 0.6595, 0.5915]
duration: 108.0946569442749
epoch 19:
loss: 1.0459 || cls: 0.5607
train: acc: 0.9472 || macc: 0.9175 || miou: 0.8662 || iou: [0.968, 0.9767, 0.908, 0.8951, 0.7727, 0.854, 0.8748, 0.8456, 0.902, 0.8239, 0.8488, 0.7723, 0.8189]
val:   acc: 0.8947 || macc: 0.7333 || miou: 0.6681 || iou: [0.9346, 0.9764, 0.8304, 0.0, 0.34, 0.6012, 0.6741, 0.7956, 0.8871, 0.6289, 0.7594, 0.6606, 0.5971]
duration: 107.47688817977905
epoch 20:
loss: 1.0432 || cls: 0.553
train: acc: 0.9484 || macc: 0.922 || miou: 0.8719 || iou: [0.967, 0.9767, 0.9099, 0.8932, 0.7779, 0.864, 0.8776, 0.8494, 0.9112, 0.867, 0.8546, 0.7638, 0.822]
val:   acc: 0.8894 || macc: 0.7428 || miou: 0.6652 || iou: [0.9302, 0.9759, 0.8312, 0.0, 0.373, 0.5825, 0.6455, 0.8166, 0.8943, 0.6294, 0.7552, 0.6434, 0.5711]
duration: 108.60173273086548
epoch 21:
loss: 1.0427 || cls: 0.5642
train: acc: 0.9484 || macc: 0.9217 || miou: 0.8715 || iou: [0.9678, 0.9767, 0.9098, 0.8887, 0.7878, 0.863, 0.8771, 0.8473, 0.908, 0.8475, 0.855, 0.7777, 0.8224]
val:   acc: 0.8904 || macc: 0.7468 || miou: 0.674 || iou: [0.9317, 0.9806, 0.8285, 0.0, 0.3904, 0.5524, 0.6578, 0.7976, 0.8998, 0.709, 0.7458, 0.6966, 0.5713]
duration: 109.32466125488281
epoch 22:
loss: 1.0397 || cls: 0.5561
train: acc: 0.9498 || macc: 0.923 || miou: 0.873 || iou: [0.968, 0.9762, 0.9125, 0.8958, 0.7871, 0.8642, 0.8844, 0.8494, 0.9069, 0.8426, 0.8636, 0.7718, 0.8266]
val:   acc: 0.8933 || macc: 0.7447 || miou: 0.669 || iou: [0.9292, 0.979, 0.8289, 0.0, 0.437, 0.5847, 0.6959, 0.8118, 0.8935, 0.5259, 0.7606, 0.6693, 0.5814]
duration: 108.4307074546814
epoch 23:
loss: 1.0408 || cls: 0.5619
train: acc: 0.9495 || macc: 0.9228 || miou: 0.8731 || iou: [0.9677, 0.9773, 0.9118, 0.8918, 0.7874, 0.8605, 0.8796, 0.8533, 0.9114, 0.8552, 0.8592, 0.7684, 0.8273]
val:   acc: 0.8863 || macc: 0.7073 || miou: 0.6447 || iou: [0.9262, 0.979, 0.8273, 0.0, 0.3781, 0.5693, 0.6837, 0.8062, 0.8805, 0.339, 0.7078, 0.7298, 0.5537]
duration: 107.10313987731934
epoch 24:
loss: 1.0388 || cls: 0.5681
train: acc: 0.9502 || macc: 0.9252 || miou: 0.8765 || iou: [0.9689, 0.9768, 0.9128, 0.9004, 0.7794, 0.8787, 0.8823, 0.8522, 0.9116, 0.8653, 0.8572, 0.7816, 0.8272]
val:   acc: 0.8859 || macc: 0.7357 || miou: 0.6619 || iou: [0.9433, 0.9784, 0.8291, 0.0, 0.3591, 0.5706, 0.6592, 0.7927, 0.8901, 0.6274, 0.674, 0.6987, 0.5821]
duration: 107.50071382522583
epoch 25:
loss: 1.0352 || cls: 0.5655
train: acc: 0.9521 || macc: 0.9275 || miou: 0.8794 || iou: [0.9691, 0.9768, 0.9169, 0.9011, 0.7947, 0.8759, 0.8875, 0.8571, 0.9103, 0.8534, 0.8678, 0.7895, 0.8327]
val:   acc: 0.8951 || macc: 0.7228 || miou: 0.6591 || iou: [0.9337, 0.9785, 0.8286, 0.0, 0.24, 0.5846, 0.7028, 0.7956, 0.8869, 0.5464, 0.7717, 0.704, 0.596]
duration: 107.9764792919159
epoch 26:
loss: 1.0347 || cls: 0.5708
train: acc: 0.9521 || macc: 0.9277 || miou: 0.8798 || iou: [0.9689, 0.9772, 0.9168, 0.904, 0.7961, 0.8724, 0.8893, 0.8536, 0.9152, 0.8516, 0.864, 0.7946, 0.8338]
val:   acc: 0.887 || macc: 0.7367 || miou: 0.6709 || iou: [0.9292, 0.9791, 0.825, 0.0, 0.3857, 0.6143, 0.6462, 0.7966, 0.9163, 0.6299, 0.7057, 0.7392, 0.555]
duration: 108.70791983604431
epoch 27:
loss: 1.0347 || cls: 0.5759
train: acc: 0.9521 || macc: 0.9272 || miou: 0.879 || iou: [0.9685, 0.9769, 0.9161, 0.9003, 0.793, 0.8761, 0.8914, 0.8588, 0.9137, 0.8389, 0.866, 0.7928, 0.8347]
val:   acc: 0.8962 || macc: 0.7584 || miou: 0.683 || iou: [0.9392, 0.98, 0.8368, 0.0, 0.3615, 0.5425, 0.695, 0.8159, 0.8916, 0.6988, 0.7601, 0.7516, 0.6061]
duration: 107.41270709037781
epoch 28:
loss: 1.0332 || cls: 0.5803
train: acc: 0.9531 || macc: 0.9304 || miou: 0.8832 || iou: [0.9684, 0.9775, 0.9175, 0.9066, 0.8016, 0.8756, 0.8904, 0.8619, 0.9151, 0.8602, 0.8681, 0.8019, 0.8369]
val:   acc: 0.9008 || macc: 0.7504 || miou: 0.6853 || iou: [0.9383, 0.9811, 0.8348, 0.0, 0.367, 0.575, 0.749, 0.8079, 0.9036, 0.6089, 0.7831, 0.7367, 0.6233]
duration: 107.43917393684387
new best!
epoch 29:
loss: 1.0344 || cls: 0.5899
train: acc: 0.9523 || macc: 0.9289 || miou: 0.8819 || iou: [0.969, 0.9772, 0.9175, 0.9006, 0.8037, 0.8758, 0.8824, 0.8617, 0.9099, 0.8681, 0.8671, 0.7971, 0.8348]
val:   acc: 0.8937 || macc: 0.7246 || miou: 0.6643 || iou: [0.9305, 0.9807, 0.8361, 0.0, 0.3317, 0.5912, 0.6495, 0.8134, 0.91, 0.5463, 0.7461, 0.7165, 0.584]
duration: 109.08881950378418
epoch 30:
loss: 1.0268 || cls: 0.5751
train: acc: 0.956 || macc: 0.9344 || miou: 0.8904 || iou: [0.97, 0.9783, 0.922, 0.9115, 0.8194, 0.8845, 0.8951, 0.8686, 0.9209, 0.8615, 0.8799, 0.8162, 0.8468]
val:   acc: 0.898 || macc: 0.7605 || miou: 0.6923 || iou: [0.9448, 0.9808, 0.8349, 0.0, 0.4079, 0.5704, 0.6756, 0.8162, 0.9165, 0.7668, 0.7607, 0.7118, 0.6132]
duration: 109.22179412841797
new best!
epoch 31:
loss: 1.0305 || cls: 0.5865
train: acc: 0.9543 || macc: 0.9323 || miou: 0.8862 || iou: [0.9689, 0.978, 0.9196, 0.9013, 0.808, 0.8804, 0.8881, 0.864, 0.9201, 0.8655, 0.8751, 0.8085, 0.8426]
val:   acc: 0.9009 || macc: 0.7461 || miou: 0.6812 || iou: [0.9416, 0.9807, 0.8501, 0.0, 0.4777, 0.5825, 0.6913, 0.7897, 0.9012, 0.549, 0.7675, 0.7232, 0.6009]
duration: 108.4150378704071
epoch 32:
loss: 1.0307 || cls: 0.6001
train: acc: 0.954 || macc: 0.931 || miou: 0.8845 || iou: [0.9697, 0.9778, 0.9193, 0.9054, 0.8111, 0.88, 0.8915, 0.8626, 0.915, 0.8566, 0.8707, 0.7973, 0.8415]
val:   acc: 0.8986 || macc: 0.7632 || miou: 0.6858 || iou: [0.9434, 0.9788, 0.8419, 0.0, 0.3791, 0.6051, 0.6883, 0.7879, 0.8934, 0.7242, 0.7627, 0.7062, 0.6045]
duration: 108.57511186599731
epoch 33:
loss: 1.0277 || cls: 0.5998
train: acc: 0.9553 || macc: 0.9343 || miou: 0.8896 || iou: [0.9698, 0.9779, 0.9207, 0.915, 0.8169, 0.8786, 0.8878, 0.8689, 0.9207, 0.8691, 0.8777, 0.8146, 0.8464]
val:   acc: 0.894 || macc: 0.7228 || miou: 0.6601 || iou: [0.9425, 0.9803, 0.8382, 0.0, 0.3114, 0.581, 0.6442, 0.8169, 0.9066, 0.5711, 0.7382, 0.6533, 0.5981]
duration: 108.6972029209137
epoch 34:
loss: 1.0278 || cls: 0.6072
train: acc: 0.9554 || macc: 0.9335 || miou: 0.8888 || iou: [0.9698, 0.9782, 0.9213, 0.9053, 0.813, 0.8851, 0.8933, 0.8679, 0.9189, 0.8749, 0.8801, 0.8016, 0.8445]
val:   acc: 0.8959 || macc: 0.7465 || miou: 0.6789 || iou: [0.9348, 0.9815, 0.834, 0.0, 0.3293, 0.5642, 0.7093, 0.8031, 0.9063, 0.7169, 0.7519, 0.6995, 0.5946]
duration: 108.40804529190063
epoch 35:
loss: 1.0247 || cls: 0.6022
train: acc: 0.9569 || macc: 0.9366 || miou: 0.8932 || iou: [0.9705, 0.9783, 0.9231, 0.9133, 0.8114, 0.8867, 0.8958, 0.8718, 0.9276, 0.8773, 0.8826, 0.8223, 0.8514]
val:   acc: 0.8943 || macc: 0.7473 || miou: 0.6733 || iou: [0.9441, 0.9804, 0.8305, 0.0, 0.4297, 0.5643, 0.6268, 0.8057, 0.886, 0.5596, 0.7577, 0.7631, 0.6055]
duration: 107.05607771873474
epoch 36:
loss: 1.0243 || cls: 0.6093
train: acc: 0.9571 || macc: 0.9382 || miou: 0.8947 || iou: [0.9698, 0.9789, 0.9232, 0.9089, 0.8195, 0.8872, 0.8982, 0.874, 0.9245, 0.8899, 0.8856, 0.82, 0.8516]
val:   acc: 0.8983 || macc: 0.7399 || miou: 0.6803 || iou: [0.9416, 0.9818, 0.8437, 0.0, 0.4366, 0.5872, 0.6611, 0.823, 0.8958, 0.5569, 0.7464, 0.7752, 0.5946]
duration: 108.54059767723083
epoch 37:
loss: 1.022 || cls: 0.6143
train: acc: 0.9582 || macc: 0.9395 || miou: 0.8972 || iou: [0.9712, 0.9787, 0.9255, 0.9194, 0.8259, 0.8884, 0.8983, 0.8766, 0.9294, 0.8961, 0.8868, 0.8114, 0.8555]
val:   acc: 0.8988 || macc: 0.7517 || miou: 0.6818 || iou: [0.9334, 0.9734, 0.8444, 0.0, 0.3918, 0.5815, 0.677, 0.7692, 0.9003, 0.7369, 0.7636, 0.682, 0.6098]
duration: 107.25227761268616
epoch 38:
loss: 1.0229 || cls: 0.6181
train: acc: 0.9579 || macc: 0.9394 || miou: 0.8968 || iou: [0.9708, 0.978, 0.926, 0.9155, 0.8336, 0.8859, 0.903, 0.8732, 0.9214, 0.8804, 0.8809, 0.8364, 0.8527]
val:   acc: 0.9008 || macc: 0.7691 || miou: 0.6953 || iou: [0.9389, 0.9812, 0.8389, 0.0, 0.4617, 0.5956, 0.677, 0.8089, 0.9078, 0.7141, 0.7786, 0.7257, 0.611]
duration: 108.57477569580078
new best!
epoch 39:
loss: 1.0223 || cls: 0.6314
train: acc: 0.9581 || macc: 0.9387 || miou: 0.896 || iou: [0.9699, 0.9787, 0.9255, 0.9184, 0.8218, 0.8904, 0.8986, 0.8712, 0.9257, 0.872, 0.8912, 0.8301, 0.8545]
val:   acc: 0.8974 || macc: 0.7468 || miou: 0.6843 || iou: [0.9415, 0.982, 0.8377, 0.0, 0.4371, 0.5613, 0.639, 0.7978, 0.9063, 0.716, 0.7692, 0.714, 0.5938]
duration: 108.05695366859436
epoch 40:
loss: 1.0203 || cls: 0.6272
train: acc: 0.9589 || macc: 0.9406 || miou: 0.8986 || iou: [0.9707, 0.9789, 0.9265, 0.9159, 0.8311, 0.8927, 0.9057, 0.8791, 0.9256, 0.8855, 0.889, 0.8242, 0.8573]
val:   acc: 0.8843 || macc: 0.7403 || miou: 0.673 || iou: [0.938, 0.9801, 0.8363, 0.0, 0.4557, 0.5778, 0.6684, 0.7854, 0.9014, 0.6329, 0.6671, 0.755, 0.5516]
duration: 107.24523973464966
epoch 41:
loss: 1.0188 || cls: 0.6351
train: acc: 0.9595 || macc: 0.9411 || miou: 0.9 || iou: [0.9713, 0.9792, 0.9279, 0.9166, 0.8231, 0.8937, 0.9032, 0.8794, 0.9277, 0.8912, 0.8894, 0.8382, 0.8597]
val:   acc: 0.8959 || macc: 0.7468 || miou: 0.6845 || iou: [0.9264, 0.9814, 0.8369, 0.0, 0.3459, 0.5856, 0.7072, 0.8075, 0.9089, 0.7173, 0.7523, 0.7354, 0.5934]
duration: 107.28494095802307
epoch 42:
loss: 1.0187 || cls: 0.6457
train: acc: 0.9596 || macc: 0.9419 || miou: 0.9008 || iou: [0.9709, 0.9792, 0.9277, 0.9181, 0.8272, 0.8919, 0.9012, 0.8806, 0.9292, 0.9019, 0.8943, 0.8279, 0.8597]
val:   acc: 0.8988 || macc: 0.7272 || miou: 0.6695 || iou: [0.9369, 0.9768, 0.8299, 0.0, 0.3633, 0.6233, 0.7581, 0.8154, 0.8995, 0.4278, 0.756, 0.7224, 0.5937]
duration: 108.699209690094
epoch 43:
loss: 1.0161 || cls: 0.6393
train: acc: 0.961 || macc: 0.9448 || miou: 0.9055 || iou: [0.9714, 0.9783, 0.9305, 0.9261, 0.8373, 0.8994, 0.9083, 0.8823, 0.9293, 0.907, 0.8971, 0.8418, 0.863]
val:   acc: 0.8939 || macc: 0.736 || miou: 0.6767 || iou: [0.9138, 0.9803, 0.8356, 0.0, 0.399, 0.5601, 0.6661, 0.8115, 0.9053, 0.6656, 0.7772, 0.7224, 0.5607]
duration: 109.37658929824829
epoch 44:
loss: 1.0167 || cls: 0.651
train: acc: 0.9607 || macc: 0.9432 || miou: 0.903 || iou: [0.9712, 0.9789, 0.9305, 0.92, 0.841, 0.8961, 0.9135, 0.8805, 0.9311, 0.8895, 0.8963, 0.831, 0.86]
val:   acc: 0.8971 || macc: 0.7582 || miou: 0.689 || iou: [0.9394, 0.9797, 0.8343, 0.0, 0.4638, 0.6105, 0.6822, 0.7864, 0.8411, 0.7274, 0.7516, 0.7419, 0.5987]
duration: 109.45459842681885
epoch 45:
loss: 1.0147 || cls: 0.6477
train: acc: 0.9614 || macc: 0.9445 || miou: 0.9051 || iou: [0.9721, 0.9793, 0.9305, 0.9196, 0.8426, 0.9017, 0.9077, 0.8873, 0.9297, 0.8878, 0.8988, 0.8429, 0.8659]
val:   acc: 0.9018 || macc: 0.7528 || miou: 0.6912 || iou: [0.9441, 0.9805, 0.845, 0.0, 0.4378, 0.5907, 0.7368, 0.8067, 0.9098, 0.678, 0.7631, 0.6888, 0.6044]
duration: 108.59596371650696
epoch 46:
loss: 1.0164 || cls: 0.6668
train: acc: 0.9606 || macc: 0.9434 || miou: 0.9033 || iou: [0.9707, 0.9795, 0.9287, 0.9187, 0.8281, 0.8982, 0.906, 0.8841, 0.9318, 0.9004, 0.8975, 0.8369, 0.8625]
val:   acc: 0.8922 || macc: 0.7371 || miou: 0.6714 || iou: [0.9308, 0.9796, 0.8272, 0.0, 0.3005, 0.5661, 0.655, 0.7952, 0.907, 0.7202, 0.7698, 0.692, 0.5851]
duration: 110.09982442855835
epoch 47:
loss: 1.0106 || cls: 0.6557
train: acc: 0.9634 || macc: 0.9487 || miou: 0.9118 || iou: [0.9722, 0.9799, 0.9337, 0.9297, 0.8459, 0.9053, 0.9129, 0.8919, 0.9359, 0.913, 0.9047, 0.8567, 0.8714]
val:   acc: 0.8955 || macc: 0.7324 || miou: 0.6642 || iou: [0.9205, 0.9807, 0.8509, 0.0, 0.3993, 0.5804, 0.6493, 0.7865, 0.8893, 0.4925, 0.7694, 0.7395, 0.5758]
duration: 109.46513414382935
epoch 48:
loss: 1.0118 || cls: 0.6648
train: acc: 0.9627 || macc: 0.9455 || miou: 0.9066 || iou: [0.9724, 0.98, 0.9336, 0.9264, 0.8462, 0.9024, 0.9145, 0.8885, 0.9316, 0.8716, 0.9021, 0.8477, 0.8687]
val:   acc: 0.9002 || macc: 0.757 || miou: 0.6896 || iou: [0.9498, 0.9799, 0.8336, 0.0, 0.4985, 0.5864, 0.6672, 0.8134, 0.8868, 0.5976, 0.7731, 0.7631, 0.6159]
duration: 109.34116244316101
epoch 49:
loss: 1.0109 || cls: 0.6762
train: acc: 0.9633 || macc: 0.9477 || miou: 0.9096 || iou: [0.9727, 0.9796, 0.9346, 0.9198, 0.8435, 0.9019, 0.9145, 0.8887, 0.9346, 0.9058, 0.904, 0.8527, 0.8719]
val:   acc: 0.896 || macc: 0.7506 || miou: 0.6864 || iou: [0.9434, 0.9806, 0.8159, 0.0, 0.3785, 0.5677, 0.7018, 0.8192, 0.9062, 0.7547, 0.7296, 0.6903, 0.6347]
duration: 108.55350494384766
epoch 50:
loss: 1.0105 || cls: 0.68
train: acc: 0.9634 || macc: 0.9476 || miou: 0.91 || iou: [0.9727, 0.9803, 0.9332, 0.921, 0.8419, 0.9046, 0.9119, 0.8955, 0.935, 0.8953, 0.905, 0.8603, 0.8734]
val:   acc: 0.9052 || macc: 0.7533 || miou: 0.6944 || iou: [0.9342, 0.9822, 0.8452, 0.0, 0.4153, 0.6097, 0.7337, 0.8233, 0.9072, 0.6559, 0.7892, 0.7169, 0.6148]
duration: 108.223149061203
epoch 51:
loss: 1.0097 || cls: 0.6813
train: acc: 0.9638 || macc: 0.9494 || miou: 0.9122 || iou: [0.9723, 0.9802, 0.9349, 0.9268, 0.8421, 0.91, 0.9113, 0.8903, 0.9376, 0.9174, 0.906, 0.8556, 0.8737]
val:   acc: 0.8994 || macc: 0.7509 || miou: 0.688 || iou: [0.9319, 0.9817, 0.8403, 0.0, 0.3416, 0.5838, 0.6888, 0.7981, 0.9175, 0.7835, 0.7781, 0.6988, 0.6]
duration: 107.73204350471497
epoch 52:
loss: 1.0065 || cls: 0.6808
train: acc: 0.9653 || macc: 0.9517 || miou: 0.9156 || iou: [0.9732, 0.98, 0.9373, 0.9266, 0.8599, 0.9065, 0.9196, 0.8981, 0.9393, 0.9177, 0.9122, 0.8548, 0.8779]
val:   acc: 0.9026 || macc: 0.7523 || miou: 0.687 || iou: [0.9421, 0.9813, 0.8524, 0.0, 0.4554, 0.5653, 0.7127, 0.8236, 0.9042, 0.5852, 0.7564, 0.7391, 0.6129]
duration: 108.23987770080566
epoch 53:
loss: 1.0063 || cls: 0.6889
train: acc: 0.9653 || macc: 0.9513 || miou: 0.9156 || iou: [0.9731, 0.9805, 0.9371, 0.9326, 0.8602, 0.9103, 0.9171, 0.8973, 0.9399, 0.9113, 0.9089, 0.8548, 0.8793]
val:   acc: 0.9065 || macc: 0.7508 || miou: 0.6933 || iou: [0.9428, 0.9817, 0.8394, 0.0, 0.3005, 0.609, 0.7386, 0.8143, 0.9143, 0.68, 0.7939, 0.7572, 0.6407]
duration: 106.65326380729675
epoch 54:
loss: 1.0078 || cls: 0.7027
train: acc: 0.9646 || macc: 0.9508 || miou: 0.9144 || iou: [0.9728, 0.9798, 0.9369, 0.9288, 0.8459, 0.9066, 0.9165, 0.8951, 0.933, 0.9218, 0.9067, 0.8686, 0.8748]
val:   acc: 0.9006 || macc: 0.7675 || miou: 0.6999 || iou: [0.9453, 0.9812, 0.8373, 0.0, 0.444, 0.5938, 0.7431, 0.8015, 0.9109, 0.7364, 0.7594, 0.7274, 0.6189]
duration: 109.17947363853455
new best!
epoch 55:
loss: 1.0032 || cls: 0.6936
train: acc: 0.967 || macc: 0.9541 || miou: 0.9194 || iou: [0.9742, 0.9802, 0.9405, 0.9319, 0.8677, 0.9173, 0.926, 0.8992, 0.9409, 0.9043, 0.9149, 0.8722, 0.8835]
val:   acc: 0.9033 || macc: 0.7516 || miou: 0.6884 || iou: [0.9508, 0.9811, 0.8423, 0.0, 0.4107, 0.5721, 0.7051, 0.8221, 0.9156, 0.6143, 0.7652, 0.7389, 0.6309]
duration: 109.32611751556396
epoch 56:
loss: 1.0029 || cls: 0.6943
train: acc: 0.967 || macc: 0.9544 || miou: 0.92 || iou: [0.9736, 0.9807, 0.9398, 0.9313, 0.8617, 0.9151, 0.9243, 0.902, 0.9406, 0.9201, 0.918, 0.8684, 0.8847]
val:   acc: 0.9058 || macc: 0.7629 || miou: 0.6934 || iou: [0.9495, 0.9796, 0.8511, 0.0, 0.4273, 0.5974, 0.6617, 0.8014, 0.9157, 0.689, 0.7809, 0.7263, 0.6344]
duration: 107.31009912490845
epoch 57:
loss: 1.0006 || cls: 0.694
train: acc: 0.968 || macc: 0.9564 || miou: 0.9234 || iou: [0.9739, 0.981, 0.9418, 0.9311, 0.8588, 0.9204, 0.9274, 0.9028, 0.946, 0.9369, 0.9189, 0.8777, 0.8875]
val:   acc: 0.9039 || macc: 0.7585 || miou: 0.6925 || iou: [0.9429, 0.9815, 0.8428, 0.0, 0.4437, 0.6029, 0.703, 0.8132, 0.9088, 0.6109, 0.7814, 0.7471, 0.6246]
duration: 108.1221170425415
epoch 58:
loss: 1.0022 || cls: 0.7053
train: acc: 0.9673 || macc: 0.9542 || miou: 0.92 || iou: [0.9735, 0.9808, 0.9409, 0.9323, 0.8671, 0.9125, 0.9233, 0.904, 0.9407, 0.9217, 0.9165, 0.8609, 0.8857]
val:   acc: 0.9038 || macc: 0.7609 || miou: 0.6966 || iou: [0.9437, 0.982, 0.8479, 0.0, 0.3708, 0.5418, 0.7371, 0.8177, 0.9178, 0.823, 0.7737, 0.6906, 0.61]
duration: 108.37524008750916
epoch 59:
loss: 0.9987 || cls: 0.6954
train: acc: 0.969 || macc: 0.9576 || miou: 0.9253 || iou: [0.9743, 0.9814, 0.9432, 0.9327, 0.8773, 0.9204, 0.9265, 0.9073, 0.9452, 0.922, 0.9238, 0.8843, 0.891]
val:   acc: 0.9086 || macc: 0.7557 || miou: 0.6953 || iou: [0.9522, 0.9821, 0.847, 0.0, 0.4186, 0.5809, 0.7665, 0.7902, 0.9005, 0.5781, 0.7832, 0.7937, 0.6453]
duration: 107.4294068813324
epoch 60:
loss: 0.9974 || cls: 0.6946
train: acc: 0.9695 || macc: 0.9585 || miou: 0.9267 || iou: [0.9751, 0.9813, 0.9438, 0.9385, 0.877, 0.9176, 0.9256, 0.9084, 0.9463, 0.9286, 0.9277, 0.8841, 0.8936]
val:   acc: 0.8985 || macc: 0.7495 || miou: 0.688 || iou: [0.9489, 0.9806, 0.84, 0.0, 0.4371, 0.6006, 0.6966, 0.8285, 0.9005, 0.6162, 0.7381, 0.7448, 0.6125]
duration: 108.97676181793213
epoch 61:
loss: 0.9976 || cls: 0.699
train: acc: 0.9695 || macc: 0.9584 || miou: 0.9264 || iou: [0.9749, 0.9813, 0.9448, 0.936, 0.8696, 0.9225, 0.9303, 0.9083, 0.9452, 0.9295, 0.9226, 0.8863, 0.8923]
val:   acc: 0.9033 || macc: 0.7612 || miou: 0.6947 || iou: [0.9479, 0.9818, 0.8555, 0.0, 0.5045, 0.5825, 0.6944, 0.8086, 0.9039, 0.6112, 0.7459, 0.7843, 0.6102]
duration: 108.24972653388977
epoch 62:
loss: 0.9982 || cls: 0.7152
train: acc: 0.9692 || macc: 0.9579 || miou: 0.926 || iou: [0.975, 0.9814, 0.9434, 0.94, 0.8758, 0.9197, 0.9276, 0.9077, 0.9474, 0.928, 0.9244, 0.8756, 0.8914]
val:   acc: 0.8996 || macc: 0.7462 || miou: 0.6848 || iou: [0.9351, 0.9815, 0.8443, 0.0, 0.4593, 0.602, 0.6707, 0.8284, 0.9065, 0.5512, 0.7668, 0.7684, 0.5877]
duration: 106.97050762176514
epoch 63:
loss: 0.9931 || cls: 0.6984
train: acc: 0.9715 || macc: 0.9605 || miou: 0.9304 || iou: [0.9762, 0.9817, 0.9485, 0.9429, 0.8804, 0.9256, 0.9366, 0.9135, 0.9471, 0.9204, 0.9329, 0.8911, 0.8985]
val:   acc: 0.8981 || macc: 0.7478 || miou: 0.6764 || iou: [0.9484, 0.9822, 0.8368, 0.0, 0.3776, 0.5721, 0.7029, 0.8065, 0.8974, 0.6341, 0.7749, 0.6619, 0.598]
duration: 108.21263837814331
epoch 64:
loss: 0.9959 || cls: 0.7142
train: acc: 0.9702 || macc: 0.9602 || miou: 0.9292 || iou: [0.9752, 0.9819, 0.9453, 0.9412, 0.8874, 0.9254, 0.9266, 0.9111, 0.9476, 0.9324, 0.9271, 0.8825, 0.8958]
val:   acc: 0.9067 || macc: 0.7621 || miou: 0.7024 || iou: [0.9446, 0.9817, 0.8475, 0.0, 0.4118, 0.5945, 0.7309, 0.8247, 0.9206, 0.6817, 0.7688, 0.7818, 0.6425]
duration: 108.33335089683533
new best!
epoch 65:
loss: 0.9925 || cls: 0.7045
train: acc: 0.9718 || macc: 0.9624 || miou: 0.933 || iou: [0.9761, 0.9821, 0.9474, 0.9418, 0.886, 0.9282, 0.9348, 0.9173, 0.95, 0.9364, 0.9326, 0.8955, 0.9006]
val:   acc: 0.901 || macc: 0.7468 || miou: 0.6865 || iou: [0.9449, 0.9815, 0.8344, 0.0, 0.3689, 0.6033, 0.692, 0.7967, 0.915, 0.6868, 0.7838, 0.7015, 0.6154]
duration: 107.82827568054199
epoch 66:
loss: 0.9912 || cls: 0.7053
train: acc: 0.9725 || macc: 0.9642 || miou: 0.9359 || iou: [0.9761, 0.9824, 0.9487, 0.9424, 0.8917, 0.9296, 0.9333, 0.9184, 0.9529, 0.9502, 0.9359, 0.9024, 0.9033]
val:   acc: 0.9048 || macc: 0.7616 || miou: 0.7029 || iou: [0.9419, 0.9819, 0.8409, 0.0, 0.4405, 0.5858, 0.7746, 0.8116, 0.9202, 0.7092, 0.7714, 0.7339, 0.6253]
duration: 107.57444643974304
new best!
epoch 67:
loss: 0.9918 || cls: 0.7143
train: acc: 0.9721 || macc: 0.9624 || miou: 0.9332 || iou: [0.9762, 0.9821, 0.9489, 0.9458, 0.884, 0.9297, 0.9335, 0.9173, 0.9494, 0.933, 0.9325, 0.8967, 0.9018]
val:   acc: 0.9038 || macc: 0.7575 || miou: 0.696 || iou: [0.9422, 0.9818, 0.8457, 0.0, 0.3873, 0.5921, 0.725, 0.8106, 0.915, 0.7066, 0.7603, 0.7611, 0.6201]
duration: 108.78699684143066
epoch 68:
loss: 0.9903 || cls: 0.7091
train: acc: 0.9729 || macc: 0.964 || miou: 0.9355 || iou: [0.9757, 0.982, 0.9505, 0.9447, 0.8914, 0.929, 0.9385, 0.919, 0.9513, 0.9428, 0.9353, 0.8963, 0.9047]
val:   acc: 0.9022 || macc: 0.7376 || miou: 0.677 || iou: [0.9489, 0.981, 0.8419, 0.0003, 0.2746, 0.5908, 0.7206, 0.7981, 0.906, 0.6075, 0.781, 0.7257, 0.6248]
duration: 108.14669561386108
epoch 69:
loss: 0.9884 || cls: 0.7077
train: acc: 0.9737 || macc: 0.9651 || miou: 0.9376 || iou: [0.9765, 0.9827, 0.9515, 0.9498, 0.8932, 0.9352, 0.9405, 0.9217, 0.9535, 0.9397, 0.9368, 0.901, 0.9068]
val:   acc: 0.9062 || macc: 0.7612 || miou: 0.7043 || iou: [0.94, 0.9808, 0.843, 0.0, 0.4039, 0.587, 0.7558, 0.8098, 0.9128, 0.757, 0.7887, 0.7456, 0.6311]
duration: 109.5361487865448
new best!
epoch 70:
loss: 0.9873 || cls: 0.7046
train: acc: 0.9743 || macc: 0.9656 || miou: 0.9383 || iou: [0.9769, 0.9828, 0.9527, 0.9472, 0.8918, 0.9326, 0.9408, 0.9235, 0.9548, 0.9467, 0.9413, 0.897, 0.9096]
val:   acc: 0.9064 || macc: 0.7681 || miou: 0.7056 || iou: [0.9452, 0.9819, 0.8406, 0.0, 0.4808, 0.5694, 0.7685, 0.7996, 0.9268, 0.7339, 0.791, 0.7077, 0.628]
duration: 107.43676543235779
new best!
epoch 71:
loss: 0.9857 || cls: 0.7021
train: acc: 0.9749 || macc: 0.9673 || miou: 0.941 || iou: [0.9769, 0.9832, 0.9536, 0.9489, 0.9038, 0.9379, 0.9425, 0.9232, 0.9551, 0.9396, 0.9431, 0.9139, 0.9119]
val:   acc: 0.9059 || macc: 0.7518 || miou: 0.6949 || iou: [0.9441, 0.9827, 0.8481, 0.0, 0.421, 0.5873, 0.7102, 0.8318, 0.9202, 0.6548, 0.7798, 0.7318, 0.6217]
duration: 107.19314455986023
epoch 72:
loss: 0.9847 || cls: 0.7018
train: acc: 0.9755 || macc: 0.9681 || miou: 0.9424 || iou: [0.9774, 0.9832, 0.9548, 0.9487, 0.8997, 0.9376, 0.9449, 0.9257, 0.9559, 0.9489, 0.9428, 0.9177, 0.9139]
val:   acc: 0.9069 || macc: 0.7672 || miou: 0.7066 || iou: [0.9387, 0.9826, 0.854, 0.0, 0.4744, 0.5779, 0.7102, 0.8249, 0.9215, 0.7423, 0.7787, 0.7558, 0.6245]
duration: 107.50732493400574
new best!
epoch 73:
loss: 0.9846 || cls: 0.708
train: acc: 0.9755 || macc: 0.9679 || miou: 0.9421 || iou: [0.9774, 0.9826, 0.9552, 0.9477, 0.9055, 0.9379, 0.9461, 0.9274, 0.957, 0.9452, 0.9444, 0.9084, 0.9127]
val:   acc: 0.9072 || macc: 0.7738 || miou: 0.7144 || iou: [0.9395, 0.9822, 0.8485, 0.0, 0.4977, 0.5648, 0.7241, 0.8162, 0.9269, 0.7773, 0.7852, 0.7809, 0.6437]
duration: 107.36585187911987
new best!
epoch 74:
loss: 0.9842 || cls: 0.7125
train: acc: 0.9756 || macc: 0.9683 || miou: 0.9427 || iou: [0.9776, 0.983, 0.9551, 0.9499, 0.9028, 0.9359, 0.9425, 0.928, 0.9575, 0.9458, 0.9444, 0.9196, 0.913]
val:   acc: 0.9083 || macc: 0.7756 || miou: 0.7138 || iou: [0.9443, 0.9785, 0.8535, 0.0, 0.443, 0.5781, 0.7121, 0.8286, 0.9168, 0.8059, 0.7841, 0.7892, 0.6452]
duration: 107.97442102432251
epoch 75:
loss: 0.9822 || cls: 0.704
train: acc: 0.9767 || macc: 0.9701 || miou: 0.9456 || iou: [0.9781, 0.9835, 0.9569, 0.9519, 0.9077, 0.9409, 0.9484, 0.9288, 0.959, 0.9525, 0.9458, 0.9225, 0.9173]
val:   acc: 0.9075 || macc: 0.7602 || miou: 0.7033 || iou: [0.9437, 0.982, 0.8495, 0.0, 0.4295, 0.5937, 0.7132, 0.8278, 0.9242, 0.6953, 0.7793, 0.7627, 0.6422]
duration: 109.07854676246643
epoch 76:
loss: 0.9809 || cls: 0.6968
train: acc: 0.9773 || macc: 0.9711 || miou: 0.9472 || iou: [0.9781, 0.9837, 0.9581, 0.9523, 0.9127, 0.9426, 0.9491, 0.9327, 0.9598, 0.9531, 0.9498, 0.9232, 0.9189]
val:   acc: 0.9079 || macc: 0.773 || miou: 0.7134 || iou: [0.939, 0.9825, 0.855, 0.0, 0.4988, 0.5927, 0.7398, 0.8185, 0.9171, 0.7534, 0.7696, 0.7803, 0.6276]
duration: 108.0395610332489
epoch 77:
loss: 0.9814 || cls: 0.7019
train: acc: 0.977 || macc: 0.9703 || miou: 0.9459 || iou: [0.978, 0.9836, 0.9578, 0.9511, 0.9061, 0.9421, 0.9503, 0.9319, 0.9604, 0.951, 0.9471, 0.9187, 0.9186]
val:   acc: 0.9092 || macc: 0.7579 || miou: 0.6977 || iou: [0.9447, 0.9824, 0.8552, 0.0, 0.4525, 0.582, 0.7343, 0.83, 0.9118, 0.6153, 0.784, 0.7337, 0.6442]
duration: 107.44477081298828
epoch 78:
loss: 0.9796 || cls: 0.6962
train: acc: 0.9779 || macc: 0.9715 || miou: 0.9479 || iou: [0.9787, 0.984, 0.9592, 0.9557, 0.9125, 0.9452, 0.954, 0.9328, 0.961, 0.948, 0.9502, 0.9213, 0.9204]
val:   acc: 0.9102 || macc: 0.7646 || miou: 0.7061 || iou: [0.9436, 0.9823, 0.8561, 0.0, 0.4928, 0.5961, 0.7441, 0.8245, 0.9099, 0.6813, 0.7906, 0.7167, 0.6417]
duration: 108.20162725448608
epoch 79:
loss: 0.9786 || cls: 0.6979
train: acc: 0.9784 || macc: 0.9724 || miou: 0.9496 || iou: [0.9793, 0.9839, 0.9602, 0.956, 0.9167, 0.9445, 0.9505, 0.9347, 0.9604, 0.9547, 0.9518, 0.9276, 0.9239]
val:   acc: 0.9099 || macc: 0.7803 || miou: 0.718 || iou: [0.9427, 0.9828, 0.8575, 0.0, 0.5491, 0.5916, 0.7332, 0.8167, 0.9263, 0.723, 0.7895, 0.7865, 0.6353]
duration: 107.93025946617126
new best!
epoch 80:
loss: 0.9781 || cls: 0.6975
train: acc: 0.9786 || macc: 0.9728 || miou: 0.9502 || iou: [0.9792, 0.9843, 0.9602, 0.9568, 0.9145, 0.9451, 0.9517, 0.9358, 0.9619, 0.9564, 0.9536, 0.9293, 0.9245]
val:   acc: 0.9123 || macc: 0.7727 || miou: 0.7143 || iou: [0.9517, 0.9819, 0.8559, 0.0, 0.4597, 0.5838, 0.7409, 0.8206, 0.9213, 0.7462, 0.7932, 0.7731, 0.6573]
duration: 107.63010263442993
epoch 81:
loss: 0.9767 || cls: 0.6896
train: acc: 0.9793 || macc: 0.9741 || miou: 0.9524 || iou: [0.979, 0.9843, 0.9618, 0.9586, 0.9195, 0.9482, 0.9534, 0.9377, 0.9636, 0.9617, 0.9547, 0.9322, 0.9263]
val:   acc: 0.9104 || macc: 0.7696 || miou: 0.7104 || iou: [0.9496, 0.9819, 0.8521, 0.0, 0.4614, 0.5705, 0.7049, 0.8221, 0.918, 0.7732, 0.791, 0.7562, 0.6548]
duration: 108.5226092338562
epoch 82:
loss: 0.9763 || cls: 0.6914
train: acc: 0.9795 || macc: 0.9743 || miou: 0.9528 || iou: [0.98, 0.9845, 0.9619, 0.9579, 0.9208, 0.9503, 0.9542, 0.9387, 0.9631, 0.9622, 0.9551, 0.9302, 0.9273]
val:   acc: 0.9128 || macc: 0.7848 || miou: 0.7236 || iou: [0.946, 0.9821, 0.8587, 0.0, 0.522, 0.589, 0.7223, 0.8156, 0.9262, 0.8052, 0.7965, 0.7954, 0.6471]
duration: 107.90561985969543
new best!
epoch 83:
loss: 0.9759 || cls: 0.6917
train: acc: 0.9797 || macc: 0.9745 || miou: 0.9533 || iou: [0.9799, 0.9847, 0.9618, 0.9592, 0.9216, 0.9485, 0.952, 0.9392, 0.9642, 0.9607, 0.9571, 0.9351, 0.9282]
val:   acc: 0.914 || macc: 0.7906 || miou: 0.7295 || iou: [0.9525, 0.9823, 0.8593, 0.0002, 0.5231, 0.588, 0.7492, 0.8263, 0.9308, 0.8354, 0.7905, 0.7889, 0.6568]
duration: 106.28626704216003
new best!
epoch 84:
loss: 0.975 || cls: 0.689
train: acc: 0.9801 || macc: 0.9752 || miou: 0.9544 || iou: [0.9796, 0.9849, 0.9631, 0.9581, 0.9239, 0.9501, 0.959, 0.9401, 0.9656, 0.9638, 0.9567, 0.9337, 0.9284]
val:   acc: 0.9118 || macc: 0.7779 || miou: 0.7168 || iou: [0.9515, 0.9821, 0.8548, 0.0, 0.5281, 0.5835, 0.7318, 0.8217, 0.9162, 0.7299, 0.7907, 0.7788, 0.6491]
duration: 107.94678974151611
epoch 85:
loss: 0.9746 || cls: 0.6864
train: acc: 0.9803 || macc: 0.9754 || miou: 0.9548 || iou: [0.9799, 0.9849, 0.9632, 0.9618, 0.9262, 0.9509, 0.9561, 0.9405, 0.9647, 0.9621, 0.956, 0.9362, 0.9305]
val:   acc: 0.9131 || macc: 0.7801 || miou: 0.7231 || iou: [0.949, 0.9822, 0.8574, 0.0, 0.4964, 0.5947, 0.7336, 0.8297, 0.927, 0.8159, 0.7906, 0.7739, 0.6495]
duration: 107.65074920654297
epoch 86:
loss: 0.9734 || cls: 0.6818
train: acc: 0.9809 || macc: 0.9762 || miou: 0.956 || iou: [0.9805, 0.9848, 0.9646, 0.9616, 0.9222, 0.9523, 0.9581, 0.9429, 0.9666, 0.9643, 0.9596, 0.9383, 0.932]
val:   acc: 0.9113 || macc: 0.7783 || miou: 0.7203 || iou: [0.9476, 0.9825, 0.8569, 0.0, 0.4563, 0.5929, 0.7349, 0.8318, 0.9236, 0.8337, 0.7859, 0.7724, 0.6449]
duration: 107.90025925636292
epoch 87:
loss: 0.9729 || cls: 0.6829
train: acc: 0.9812 || macc: 0.9767 || miou: 0.9569 || iou: [0.9809, 0.985, 0.9651, 0.962, 0.9277, 0.9524, 0.9606, 0.943, 0.9663, 0.9644, 0.9589, 0.9403, 0.9327]
val:   acc: 0.9111 || macc: 0.7777 || miou: 0.717 || iou: [0.9468, 0.9824, 0.8541, 0.0, 0.4779, 0.5879, 0.7274, 0.8244, 0.929, 0.818, 0.7994, 0.7255, 0.6481]
duration: 109.00524282455444
epoch 88:
loss: 0.9724 || cls: 0.6792
train: acc: 0.9814 || macc: 0.977 || miou: 0.9574 || iou: [0.9807, 0.9855, 0.9656, 0.9629, 0.9279, 0.9537, 0.96, 0.9449, 0.9674, 0.9654, 0.9601, 0.9392, 0.9332]
val:   acc: 0.912 || macc: 0.7732 || miou: 0.7134 || iou: [0.9499, 0.9818, 0.8551, 0.0, 0.4882, 0.5904, 0.7174, 0.8227, 0.9213, 0.7418, 0.7976, 0.7552, 0.653]
duration: 108.69598340988159
epoch 89:
loss: 0.972 || cls: 0.6821
train: acc: 0.9816 || macc: 0.9773 || miou: 0.9578 || iou: [0.9809, 0.9854, 0.9662, 0.9613, 0.927, 0.9544, 0.9613, 0.9442, 0.9676, 0.9668, 0.9603, 0.9423, 0.9339]
val:   acc: 0.9113 || macc: 0.7801 || miou: 0.72 || iou: [0.9483, 0.9821, 0.8533, 0.0, 0.5318, 0.578, 0.7251, 0.8281, 0.9206, 0.781, 0.7939, 0.7699, 0.6485]
duration: 108.7446506023407
epoch 90:
loss: 0.9718 || cls: 0.6796
train: acc: 0.9817 || macc: 0.9774 || miou: 0.958 || iou: [0.9813, 0.9852, 0.9659, 0.9639, 0.9293, 0.9542, 0.9602, 0.9442, 0.9669, 0.9647, 0.9616, 0.9422, 0.9351]
val:   acc: 0.9116 || macc: 0.7804 || miou: 0.7219 || iou: [0.948, 0.9819, 0.8527, 0.0, 0.5175, 0.5901, 0.7415, 0.8313, 0.9244, 0.8019, 0.7933, 0.7566, 0.6455]
duration: 108.29583883285522
epoch 91:
loss: 0.9716 || cls: 0.6794
train: acc: 0.9818 || macc: 0.9775 || miou: 0.9584 || iou: [0.981, 0.9857, 0.9661, 0.9626, 0.9289, 0.9554, 0.9614, 0.9454, 0.968, 0.9665, 0.9619, 0.9406, 0.9351]
val:   acc: 0.9115 || macc: 0.7819 || miou: 0.7214 || iou: [0.9456, 0.982, 0.8534, 0.0, 0.5098, 0.5954, 0.7208, 0.8304, 0.9253, 0.7992, 0.7964, 0.7693, 0.6506]
duration: 107.63326501846313
epoch 92:
loss: 0.9711 || cls: 0.68
train: acc: 0.982 || macc: 0.9778 || miou: 0.9587 || iou: [0.9812, 0.9855, 0.9665, 0.9635, 0.9312, 0.9566, 0.9609, 0.9456, 0.9674, 0.9657, 0.9614, 0.9418, 0.9365]
val:   acc: 0.9123 || macc: 0.7784 || miou: 0.7221 || iou: [0.9443, 0.9817, 0.8552, 0.0, 0.4961, 0.5916, 0.7333, 0.8272, 0.9281, 0.7946, 0.7975, 0.788, 0.6497]
duration: 107.09945273399353
epoch 93:
loss: 0.971 || cls: 0.6781
train: acc: 0.9821 || macc: 0.978 || miou: 0.959 || iou: [0.9813, 0.9855, 0.9668, 0.9643, 0.9303, 0.9544, 0.9623, 0.9453, 0.9681, 0.9677, 0.9621, 0.9428, 0.9359]
val:   acc: 0.9119 || macc: 0.7806 || miou: 0.723 || iou: [0.9457, 0.9819, 0.8556, 0.0, 0.5101, 0.5851, 0.7418, 0.8282, 0.926, 0.8035, 0.7957, 0.7811, 0.644]
duration: 107.70874547958374
epoch 94:
loss: 0.9709 || cls: 0.6759
train: acc: 0.9821 || macc: 0.978 || miou: 0.9592 || iou: [0.9813, 0.9854, 0.9668, 0.9631, 0.9293, 0.9573, 0.9625, 0.9459, 0.9691, 0.967, 0.9624, 0.9432, 0.9366]
val:   acc: 0.9128 || macc: 0.7795 || miou: 0.7233 || iou: [0.9474, 0.9819, 0.8575, 0.0, 0.5032, 0.5912, 0.7364, 0.8303, 0.927, 0.7961, 0.7959, 0.7866, 0.6489]
duration: 109.10819602012634
epoch 95:
loss: 0.9704 || cls: 0.6787
train: acc: 0.9824 || macc: 0.9784 || miou: 0.9597 || iou: [0.9812, 0.9854, 0.9674, 0.9641, 0.9324, 0.9567, 0.9637, 0.9466, 0.9687, 0.9672, 0.9625, 0.9434, 0.9371]
val:   acc: 0.9127 || macc: 0.7795 || miou: 0.7226 || iou: [0.9471, 0.9818, 0.8561, 0.0, 0.5198, 0.5862, 0.7369, 0.8332, 0.9231, 0.79, 0.7985, 0.7704, 0.6504]
duration: 110.59077286720276
epoch 96:
loss: 0.9704 || cls: 0.6796
train: acc: 0.9824 || macc: 0.9783 || miou: 0.9597 || iou: [0.9815, 0.9857, 0.9673, 0.9645, 0.9303, 0.9559, 0.9634, 0.9467, 0.9679, 0.9694, 0.9632, 0.9432, 0.9369]
val:   acc: 0.9123 || macc: 0.778 || miou: 0.7215 || iou: [0.9461, 0.982, 0.8562, 0.0, 0.5177, 0.5894, 0.7369, 0.8297, 0.9266, 0.7811, 0.7957, 0.7696, 0.648]
duration: 108.84416079521179
epoch 97:
loss: 0.9703 || cls: 0.6759
train: acc: 0.9824 || macc: 0.9784 || miou: 0.9598 || iou: [0.9814, 0.9858, 0.9671, 0.9642, 0.9308, 0.9562, 0.9626, 0.947, 0.9692, 0.9675, 0.963, 0.945, 0.9369]
val:   acc: 0.9124 || macc: 0.782 || miou: 0.7244 || iou: [0.9465, 0.9819, 0.8563, 0.0, 0.5058, 0.5913, 0.7315, 0.8294, 0.9287, 0.8176, 0.7971, 0.7827, 0.6483]
duration: 107.44274663925171
epoch 98:
loss: 0.9704 || cls: 0.6765
train: acc: 0.9823 || macc: 0.9783 || miou: 0.9596 || iou: [0.9813, 0.9859, 0.9672, 0.9634, 0.9321, 0.9571, 0.9616, 0.9467, 0.9689, 0.9676, 0.9629, 0.9432, 0.9371]
val:   acc: 0.9126 || macc: 0.7798 || miou: 0.7231 || iou: [0.9474, 0.9818, 0.8568, 0.0, 0.5115, 0.5881, 0.7297, 0.8289, 0.9269, 0.7951, 0.7961, 0.7892, 0.6492]
duration: 107.67868137359619
epoch 99:
loss: 0.9702 || cls: 0.677
train: acc: 0.9825 || macc: 0.9785 || miou: 0.9601 || iou: [0.9816, 0.9856, 0.9677, 0.964, 0.932, 0.9566, 0.9634, 0.9469, 0.9688, 0.9685, 0.9636, 0.9449, 0.9373]
val:   acc: 0.913 || macc: 0.7813 || miou: 0.724 || iou: [0.9472, 0.9818, 0.8572, 0.0, 0.5177, 0.5871, 0.7353, 0.8294, 0.9294, 0.7898, 0.8001, 0.788, 0.649]
duration: 108.58558964729309
