base
[0.0, 0.010000000707805157, 0.020000001415610313, 0.030000001192092896]
[0.04000000283122063, 0.05000000447034836, 0.06000000238418579, 0.07000000774860382]
[0.07999999821186066, 0.09000000357627869, 0.10000000149011612, 0.10999999940395355]
[0.12000000476837158, 0.1300000101327896, 0.14000000059604645, 0.15000000596046448]
epoch 0:
loss: 1.8315 || cls: 1.8029
Instance mIoU 76.50, Class mIoU 58.16, 
 Class mIoUs [74.27, 44.72, 36.83, 54.3, 88.45, 35.57, 86.47, 72.4, 76.82, 94.26, 16.67, 48.61, 56.73, 22.83, 43.8, 77.83]
duration: 25.24999737739563
epoch 1:
loss: 1.4693 || cls: 0.4462
Instance mIoU 75.99, Class mIoU 67.10, 
 Class mIoUs [77.18, 46.99, 70.74, 57.32, 88.57, 64.67, 89.14, 80.93, 76.09, 95.2, 21.82, 86.2, 62.68, 23.08, 63.92, 69.11]
duration: 36.8720862865448
epoch 2:
loss: 1.4351 || cls: 0.3485
Instance mIoU 81.19, Class mIoU 72.85, 
 Class mIoUs [77.98, 57.57, 80.02, 72.79, 89.66, 72.51, 89.24, 83.72, 80.22, 95.29, 27.99, 92.32, 75.7, 24.76, 66.67, 79.09]
duration: 41.48593592643738
epoch 3:
loss: 1.4202 || cls: 0.3223
Instance mIoU 82.42, Class mIoU 75.27, 
 Class mIoUs [78.86, 56.43, 74.73, 73.88, 90.19, 72.01, 89.97, 86.1, 83.02, 95.68, 28.08, 90.64, 79.08, 52.93, 72.41, 80.27]
duration: 40.543737173080444
epoch 4:
loss: 1.4115 || cls: 0.3085
Instance mIoU 83.05, Class mIoU 76.97, 
 Class mIoUs [79.78, 65.46, 80.65, 73.5, 90.33, 73.02, 90.04, 87.32, 82.43, 95.77, 41.31, 92.61, 75.97, 49.97, 72.22, 81.15]
duration: 40.59127163887024
epoch 5:
loss: 1.4038 || cls: 0.2967
Instance mIoU 83.44, Class mIoU 79.34, 
 Class mIoUs [79.92, 82.66, 80.18, 73.61, 90.0, 77.3, 88.1, 85.92, 83.02, 95.62, 53.21, 93.75, 77.29, 55.63, 71.52, 81.74]
duration: 41.927542209625244
epoch 6:
loss: 1.3985 || cls: 0.2874
Instance mIoU 83.64, Class mIoU 78.10, 
 Class mIoUs [79.17, 64.11, 80.01, 76.29, 90.6, 75.92, 90.72, 76.94, 83.45, 95.76, 53.77, 92.51, 77.42, 56.87, 73.89, 82.16]
duration: 41.51040577888489
epoch 7:
loss: 1.3953 || cls: 0.281
Instance mIoU 84.68, Class mIoU 81.19, 
 Class mIoUs [81.57, 81.16, 84.99, 75.85, 90.74, 76.17, 90.65, 88.31, 83.13, 95.9, 64.02, 94.35, 80.43, 54.52, 74.82, 82.51]
duration: 40.89147090911865
epoch 8:
loss: 1.3912 || cls: 0.2725
Instance mIoU 84.13, Class mIoU 80.07, 
 Class mIoUs [81.19, 73.32, 84.15, 76.58, 90.53, 78.65, 90.73, 87.2, 84.6, 95.75, 54.41, 92.44, 79.59, 56.18, 74.51, 81.23]
duration: 40.06978225708008
epoch 9:
loss: 1.3882 || cls: 0.2625
Instance mIoU 83.90, Class mIoU 79.53, 
 Class mIoUs [80.99, 79.27, 81.87, 76.11, 90.84, 71.93, 91.04, 86.73, 83.8, 95.83, 60.46, 91.71, 77.66, 48.68, 74.98, 80.52]
duration: 40.52184724807739
epoch 10:
loss: 1.3872 || cls: 0.2577
Instance mIoU 84.79, Class mIoU 81.19, 
 Class mIoUs [81.19, 83.74, 74.81, 73.74, 91.14, 76.78, 90.82, 87.35, 84.07, 96.09, 66.99, 94.52, 81.79, 58.49, 75.0, 82.58]
duration: 41.00843858718872
epoch 11:
loss: 1.385 || cls: 0.2495
Instance mIoU 84.98, Class mIoU 81.05, 
 Class mIoUs [81.56, 76.23, 83.0, 77.35, 90.79, 72.32, 90.97, 88.35, 84.73, 96.2, 63.41, 94.35, 82.13, 60.16, 72.63, 82.71]
duration: 41.89939856529236
epoch 12:
loss: 1.384 || cls: 0.2417
Instance mIoU 84.97, Class mIoU 81.44, 
 Class mIoUs [81.53, 83.55, 84.34, 77.89, 90.79, 76.37, 90.91, 87.69, 84.38, 96.0, 61.99, 94.58, 80.95, 54.31, 75.06, 82.73]
duration: 41.600324630737305
epoch 13:
loss: 1.3822 || cls: 0.2332
Instance mIoU 84.49, Class mIoU 79.06, 
 Class mIoUs [82.11, 82.52, 80.03, 76.97, 90.76, 75.86, 90.45, 88.32, 83.41, 95.93, 57.37, 94.34, 80.88, 28.61, 75.21, 82.16]
duration: 41.67000460624695
epoch 14:
loss: 1.3819 || cls: 0.2246
Instance mIoU 85.18, Class mIoU 81.57, 
 Class mIoUs [82.13, 80.58, 80.87, 78.76, 91.16, 76.5, 90.82, 85.6, 82.82, 96.0, 70.17, 93.9, 82.97, 56.42, 73.47, 83.01]
duration: 40.183855056762695
epoch 15:
loss: 1.3795 || cls: 0.2127
Instance mIoU 84.95, Class mIoU 81.44, 
 Class mIoUs [82.38, 83.96, 78.28, 74.66, 90.81, 75.13, 90.26, 87.81, 83.99, 96.17, 68.0, 94.78, 80.27, 58.47, 75.27, 82.8]
duration: 40.329299211502075
epoch 16:
loss: 1.3792 || cls: 0.208
Instance mIoU 84.98, Class mIoU 81.56, 
 Class mIoUs [82.4, 83.95, 78.76, 78.68, 91.06, 78.52, 91.12, 86.96, 81.24, 96.13, 69.76, 94.23, 80.79, 52.7, 76.03, 82.69]
duration: 40.33120536804199
epoch 17:
loss: 1.3771 || cls: 0.2011
Instance mIoU 85.35, Class mIoU 82.81, 
 Class mIoUs [82.92, 81.84, 86.59, 78.23, 90.85, 77.56, 91.16, 88.43, 85.07, 95.74, 70.54, 94.71, 83.24, 61.2, 74.54, 82.27]
duration: 55.487290143966675
epoch 18:
loss: 1.377 || cls: 0.1983
Instance mIoU 85.20, Class mIoU 82.93, 
 Class mIoUs [82.4, 86.09, 84.21, 79.21, 91.38, 79.58, 90.81, 87.9, 82.75, 96.18, 71.27, 93.73, 82.6, 60.69, 75.97, 82.13]
duration: 62.38307023048401
epoch 19:
loss: 1.3758 || cls: 0.1926
Instance mIoU 84.90, Class mIoU 79.76, 
 Class mIoUs [81.54, 80.56, 87.24, 77.97, 91.08, 76.16, 90.42, 87.81, 84.02, 96.15, 60.95, 94.68, 83.46, 25.76, 75.62, 82.74]
duration: 66.5301353931427
epoch 20:
loss: 1.3751 || cls: 0.1892
Instance mIoU 84.94, Class mIoU 81.33, 
 Class mIoUs [81.43, 83.16, 81.18, 78.55, 90.61, 77.48, 90.07, 88.7, 83.87, 96.16, 65.32, 94.29, 82.12, 49.28, 76.43, 82.7]
duration: 64.63614130020142
epoch 21:
loss: 1.3715 || cls: 0.1853
Instance mIoU 85.40, Class mIoU 82.23, 
 Class mIoUs [82.79, 83.93, 87.4, 78.13, 91.21, 70.46, 90.88, 88.84, 84.17, 96.12, 68.29, 94.79, 82.57, 57.81, 75.48, 82.74]
duration: 39.235612630844116
epoch 22:
loss: 1.3712 || cls: 0.1808
Instance mIoU 85.84, Class mIoU 82.70, 
 Class mIoUs [83.71, 83.21, 84.69, 78.82, 91.58, 74.07, 90.88, 86.21, 84.14, 96.11, 69.4, 94.87, 82.0, 63.89, 76.01, 83.54]
duration: 41.91616463661194
epoch 23:
loss: 1.3697 || cls: 0.178
Instance mIoU 85.00, Class mIoU 82.39, 
 Class mIoUs [82.33, 84.45, 88.98, 78.42, 91.2, 79.07, 90.99, 86.22, 81.35, 96.17, 61.07, 95.05, 81.76, 62.41, 75.86, 82.91]
duration: 41.14301657676697
epoch 24:
loss: 1.3701 || cls: 0.1771
Instance mIoU 85.56, Class mIoU 82.74, 
 Class mIoUs [83.42, 86.08, 80.42, 80.15, 91.54, 74.95, 89.97, 88.56, 84.59, 96.34, 72.44, 94.36, 82.54, 60.99, 75.31, 82.15]
duration: 40.91902732849121
epoch 25:
loss: 1.3667 || cls: 0.17
Instance mIoU 85.60, Class mIoU 82.08, 
 Class mIoUs [83.78, 85.97, 85.55, 79.42, 91.22, 78.78, 91.45, 83.81, 83.25, 96.19, 70.61, 94.95, 77.91, 51.95, 74.96, 83.49]
duration: 40.597960233688354
epoch 26:
loss: 1.3674 || cls: 0.1724
Instance mIoU 85.73, Class mIoU 82.94, 
 Class mIoUs [83.85, 84.11, 86.94, 79.26, 91.6, 77.6, 90.99, 88.86, 83.76, 95.75, 71.0, 93.8, 82.06, 59.21, 75.42, 82.83]
duration: 42.34676671028137
epoch 27:
loss: 1.3659 || cls: 0.1684
Instance mIoU 86.13, Class mIoU 83.10, 
 Class mIoUs [84.15, 86.56, 84.96, 80.38, 91.5, 78.53, 91.32, 89.24, 85.42, 96.11, 66.43, 94.73, 81.53, 60.15, 75.15, 83.49]
duration: 41.359381675720215
epoch 28:
loss: 1.3646 || cls: 0.1665
Instance mIoU 86.07, Class mIoU 83.38, 
 Class mIoUs [83.86, 84.73, 82.75, 79.46, 91.61, 78.67, 91.15, 88.41, 84.8, 96.05, 73.14, 95.31, 81.18, 64.07, 75.44, 83.39]
duration: 39.495527505874634
epoch 29:
loss: 1.3639 || cls: 0.1645
Instance mIoU 86.18, Class mIoU 83.28, 
 Class mIoUs [84.03, 86.23, 86.86, 78.61, 91.7, 74.75, 90.66, 87.76, 85.77, 96.26, 70.93, 95.22, 82.45, 61.57, 75.94, 83.65]
duration: 41.38577437400818
epoch 30:
loss: 1.3625 || cls: 0.164
Instance mIoU 85.64, Class mIoU 83.16, 
 Class mIoUs [84.16, 85.28, 87.66, 79.97, 91.54, 75.69, 91.05, 89.46, 84.55, 96.14, 70.21, 95.09, 82.41, 59.86, 75.52, 81.91]
duration: 39.58957290649414
epoch 31:
loss: 1.3628 || cls: 0.1635
Instance mIoU 86.08, Class mIoU 83.56, 
 Class mIoUs [83.36, 85.1, 88.45, 80.21, 91.73, 73.53, 91.31, 88.92, 84.88, 96.36, 74.18, 94.82, 81.49, 64.19, 75.15, 83.2]
duration: 39.167386293411255
epoch 32:
loss: 1.3611 || cls: 0.1633
Instance mIoU 85.99, Class mIoU 82.84, 
 Class mIoUs [83.72, 85.93, 82.77, 79.25, 91.63, 78.99, 90.51, 87.39, 84.96, 96.02, 71.8, 94.99, 82.62, 55.91, 75.55, 83.47]
duration: 41.11150550842285
epoch 33:
loss: 1.3611 || cls: 0.1618
Instance mIoU 86.02, Class mIoU 83.08, 
 Class mIoUs [83.17, 86.76, 86.36, 79.79, 91.8, 75.3, 91.35, 89.47, 84.27, 96.41, 72.43, 95.47, 82.36, 55.29, 75.73, 83.34]
duration: 40.41370248794556
epoch 34:
loss: 1.3585 || cls: 0.1594
Instance mIoU 85.82, Class mIoU 82.84, 
 Class mIoUs [83.79, 87.39, 81.01, 80.24, 91.53, 72.54, 91.54, 87.95, 83.92, 96.11, 73.46, 95.02, 83.75, 60.62, 73.78, 82.78]
duration: 40.949445486068726
epoch 35:
loss: 1.3584 || cls: 0.1578
Instance mIoU 86.24, Class mIoU 83.45, 
 Class mIoUs [84.16, 85.07, 84.28, 79.65, 91.72, 77.85, 91.2, 89.2, 84.54, 95.89, 74.21, 94.94, 81.77, 61.91, 75.06, 83.69]
duration: 41.02157688140869
epoch 36:
loss: 1.3576 || cls: 0.1574
Instance mIoU 86.19, Class mIoU 83.64, 
 Class mIoUs [83.57, 86.49, 86.38, 80.21, 91.84, 72.82, 91.23, 88.8, 84.52, 96.29, 73.09, 95.36, 80.71, 67.13, 76.21, 83.56]
duration: 41.49864959716797
epoch 37:
loss: 1.3575 || cls: 0.1587
Instance mIoU 86.09, Class mIoU 83.47, 
 Class mIoUs [84.57, 88.04, 84.73, 79.95, 91.85, 76.02, 91.3, 89.17, 83.81, 96.19, 74.49, 95.74, 81.09, 60.01, 75.62, 83.0]
duration: 40.23101329803467
epoch 38:
loss: 1.3564 || cls: 0.1563
Instance mIoU 85.84, Class mIoU 83.36, 
 Class mIoUs [83.08, 83.39, 88.1, 78.48, 91.71, 76.97, 91.49, 87.82, 84.47, 96.09, 73.67, 94.25, 82.03, 64.13, 74.94, 83.08]
duration: 38.8290114402771
epoch 39:
loss: 1.3553 || cls: 0.1559
Instance mIoU 86.38, Class mIoU 83.66, 
 Class mIoUs [84.11, 86.11, 86.28, 80.49, 91.87, 72.46, 90.98, 88.81, 84.69, 96.44, 75.17, 94.98, 83.61, 62.79, 76.08, 83.69]
duration: 39.6827175617218
epoch 40:
loss: 1.3554 || cls: 0.1571
Instance mIoU 86.25, Class mIoU 83.72, 
 Class mIoUs [83.87, 84.22, 87.79, 80.37, 91.75, 76.64, 91.52, 86.77, 84.65, 96.36, 73.93, 95.17, 82.82, 64.12, 75.93, 83.64]
duration: 39.48184418678284
epoch 41:
loss: 1.3554 || cls: 0.1586
Instance mIoU 86.18, Class mIoU 83.13, 
 Class mIoUs [84.39, 84.86, 83.04, 80.5, 91.5, 77.44, 90.88, 88.53, 84.66, 95.88, 75.37, 95.35, 82.11, 56.47, 75.69, 83.46]
duration: 39.515591859817505
epoch 42:
loss: 1.3542 || cls: 0.1568
Instance mIoU 86.19, Class mIoU 82.97, 
 Class mIoUs [83.71, 83.56, 86.33, 80.15, 91.9, 77.85, 91.06, 89.0, 84.7, 96.32, 69.03, 95.39, 83.51, 55.11, 76.31, 83.64]
duration: 39.66152000427246
epoch 43:
loss: 1.3546 || cls: 0.1577
Instance mIoU 86.55, Class mIoU 83.65, 
 Class mIoUs [84.8, 84.32, 87.84, 80.85, 91.76, 72.63, 91.41, 89.13, 85.1, 96.41, 72.84, 95.7, 82.54, 63.32, 75.76, 83.97]
duration: 40.45491600036621
epoch 44:
loss: 1.3548 || cls: 0.1612
Instance mIoU 86.34, Class mIoU 83.62, 
 Class mIoUs [84.03, 86.54, 84.46, 80.96, 91.79, 76.6, 91.34, 88.17, 85.78, 96.4, 73.81, 95.33, 83.55, 60.95, 74.89, 83.28]
duration: 40.287402868270874
epoch 45:
loss: 1.3558 || cls: 0.1624
Instance mIoU 86.32, Class mIoU 83.36, 
 Class mIoUs [84.72, 84.4, 87.5, 79.62, 91.58, 77.76, 91.61, 87.45, 84.89, 95.99, 70.04, 95.52, 83.7, 59.9, 75.18, 83.92]
duration: 40.10771703720093
epoch 46:
loss: 1.3525 || cls: 0.158
Instance mIoU 86.02, Class mIoU 83.52, 
 Class mIoUs [84.61, 84.9, 84.94, 80.85, 91.77, 77.3, 91.57, 86.99, 84.95, 96.04, 70.2, 95.55, 82.65, 64.8, 76.62, 82.54]
duration: 40.11203598976135
epoch 47:
loss: 1.3525 || cls: 0.1575
Instance mIoU 86.46, Class mIoU 83.98, 
 Class mIoUs [84.63, 86.89, 84.92, 80.84, 91.66, 77.89, 91.62, 88.73, 84.83, 96.08, 75.13, 95.42, 82.3, 61.76, 77.22, 83.7]
duration: 39.99151039123535
epoch 48:
loss: 1.3502 || cls: 0.1543
Instance mIoU 86.34, Class mIoU 83.85, 
 Class mIoUs [83.99, 83.81, 86.87, 80.7, 91.59, 74.46, 91.58, 89.06, 84.73, 96.39, 75.45, 94.9, 83.51, 63.71, 77.19, 83.6]
duration: 40.56530714035034
epoch 49:
loss: 1.3505 || cls: 0.1553
Instance mIoU 86.47, Class mIoU 83.13, 
 Class mIoUs [84.74, 86.75, 84.48, 80.91, 91.8, 65.19, 91.37, 86.62, 84.54, 96.22, 76.11, 94.21, 82.69, 64.29, 76.04, 84.07]
duration: 40.61302423477173
epoch 50:
loss: 1.3517 || cls: 0.1596
Instance mIoU 86.22, Class mIoU 83.90, 
 Class mIoUs [83.03, 86.64, 87.81, 80.15, 91.78, 75.03, 91.17, 88.58, 83.76, 96.05, 74.99, 94.82, 84.18, 63.35, 77.17, 83.96]
duration: 40.615113258361816
epoch 51:
loss: 1.3537 || cls: 0.1646
Instance mIoU 86.40, Class mIoU 83.79, 
 Class mIoUs [83.86, 80.34, 87.96, 80.4, 91.84, 79.55, 91.68, 89.97, 84.98, 96.3, 74.98, 95.62, 81.86, 60.73, 76.98, 83.62]
duration: 40.61007523536682
epoch 52:
loss: 1.3501 || cls: 0.1574
Instance mIoU 86.45, Class mIoU 83.92, 
 Class mIoUs [84.03, 88.04, 86.25, 80.46, 91.85, 76.6, 91.27, 88.63, 85.27, 96.31, 74.21, 95.41, 83.41, 60.37, 76.97, 83.71]
duration: 40.683130741119385
epoch 53:
loss: 1.3501 || cls: 0.1589
Instance mIoU 86.49, Class mIoU 84.19, 
 Class mIoUs [84.31, 86.75, 87.45, 80.86, 91.89, 77.17, 91.47, 89.08, 84.39, 96.34, 73.65, 95.18, 83.31, 65.53, 75.87, 83.85]
duration: 40.744577169418335
epoch 54:
loss: 1.3483 || cls: 0.155
Instance mIoU 85.56, Class mIoU 83.99, 
 Class mIoUs [84.83, 85.76, 86.41, 81.14, 91.66, 77.17, 91.41, 89.25, 84.34, 96.42, 75.23, 95.75, 83.74, 63.73, 76.45, 80.53]
duration: 40.749905824661255
epoch 55:
loss: 1.3489 || cls: 0.1572
Instance mIoU 86.19, Class mIoU 83.13, 
 Class mIoUs [84.21, 87.59, 75.61, 80.33, 91.68, 79.97, 91.8, 86.43, 85.8, 96.28, 71.46, 95.32, 83.13, 59.58, 77.77, 83.14]
duration: 40.65817403793335
epoch 56:
loss: 1.3512 || cls: 0.1645
Instance mIoU 85.96, Class mIoU 83.86, 
 Class mIoUs [84.54, 86.93, 87.25, 79.73, 91.55, 77.95, 91.61, 88.92, 83.3, 96.35, 71.73, 95.82, 83.36, 63.52, 76.33, 82.92]
duration: 40.69206190109253
epoch 57:
loss: 1.3497 || cls: 0.1623
Instance mIoU 86.01, Class mIoU 83.76, 
 Class mIoUs [84.83, 86.27, 85.02, 81.12, 91.79, 78.44, 91.54, 88.42, 84.6, 96.4, 73.25, 95.66, 82.81, 62.38, 75.55, 82.13]
duration: 40.77561283111572
epoch 58:
loss: 1.3488 || cls: 0.1603
Instance mIoU 86.24, Class mIoU 84.07, 
 Class mIoUs [83.42, 86.26, 88.24, 80.93, 91.9, 78.22, 91.09, 89.08, 84.54, 96.37, 74.89, 95.75, 84.25, 61.38, 75.56, 83.28]
duration: 40.60701894760132
epoch 59:
loss: 1.3495 || cls: 0.1623
Instance mIoU 86.69, Class mIoU 84.22, 
 Class mIoUs [85.04, 87.12, 88.08, 80.71, 91.92, 77.75, 91.63, 89.47, 84.6, 96.28, 73.57, 95.49, 82.66, 62.52, 76.62, 84.13]
duration: 40.71742343902588
epoch 60:
loss: 1.3468 || cls: 0.1586
Instance mIoU 86.44, Class mIoU 84.37, 
 Class mIoUs [85.47, 88.04, 87.8, 80.49, 91.9, 78.47, 91.78, 89.66, 84.47, 96.15, 71.47, 95.65, 83.64, 65.39, 76.35, 83.19]
duration: 40.62818956375122
epoch 61:
loss: 1.3476 || cls: 0.1598
Instance mIoU 85.92, Class mIoU 83.23, 
 Class mIoUs [84.19, 86.62, 87.33, 80.3, 91.73, 73.99, 91.77, 88.78, 83.48, 96.41, 74.29, 94.84, 83.77, 54.7, 76.84, 82.61]
duration: 40.58600616455078
epoch 62:
loss: 1.3469 || cls: 0.1614
Instance mIoU 86.37, Class mIoU 83.84, 
 Class mIoUs [84.21, 87.06, 85.75, 80.72, 91.83, 76.84, 91.86, 88.91, 85.1, 96.3, 73.47, 95.77, 82.83, 61.26, 76.22, 83.36]
duration: 40.63882851600647
epoch 63:
loss: 1.3451 || cls: 0.1565
Instance mIoU 86.56, Class mIoU 84.21, 
 Class mIoUs [84.95, 86.32, 87.84, 80.68, 91.85, 78.19, 91.59, 88.81, 85.17, 96.31, 74.62, 95.57, 82.7, 62.84, 76.35, 83.63]
duration: 40.53709936141968
epoch 64:
loss: 1.3473 || cls: 0.1645
Instance mIoU 86.44, Class mIoU 83.86, 
 Class mIoUs [84.57, 81.95, 87.43, 81.33, 91.57, 77.7, 91.54, 87.21, 85.02, 96.44, 74.93, 95.88, 83.49, 62.81, 76.22, 83.69]
duration: 40.622474670410156
epoch 65:
loss: 1.3484 || cls: 0.1671
Instance mIoU 86.45, Class mIoU 83.46, 
 Class mIoUs [84.63, 86.96, 87.05, 79.37, 91.7, 74.56, 91.94, 88.21, 85.86, 96.46, 74.1, 95.62, 81.49, 56.78, 76.85, 83.72]
duration: 40.670586585998535
epoch 66:
loss: 1.3446 || cls: 0.1608
Instance mIoU 86.75, Class mIoU 84.24, 
 Class mIoUs [85.17, 85.7, 88.73, 80.61, 92.1, 75.26, 91.79, 88.39, 85.07, 96.32, 76.0, 95.89, 82.55, 64.41, 75.89, 83.97]
duration: 40.63456463813782
epoch 67:
loss: 1.3461 || cls: 0.1661
Instance mIoU 86.29, Class mIoU 84.42, 
 Class mIoUs [84.61, 87.54, 88.76, 81.01, 91.85, 76.86, 91.71, 88.92, 83.66, 96.42, 74.11, 95.87, 83.81, 66.36, 76.15, 83.16]
duration: 40.73645782470703
epoch 68:
loss: 1.3448 || cls: 0.1631
Instance mIoU 86.66, Class mIoU 84.38, 
 Class mIoUs [84.94, 86.29, 86.85, 80.62, 91.99, 78.44, 91.65, 88.34, 85.76, 96.42, 75.42, 95.67, 84.34, 62.04, 77.87, 83.51]
duration: 40.723469257354736
epoch 69:
loss: 1.3456 || cls: 0.1652
Instance mIoU 86.54, Class mIoU 84.22, 
 Class mIoUs [84.3, 86.66, 87.58, 80.67, 92.06, 77.79, 91.66, 89.41, 84.69, 96.38, 75.45, 95.72, 82.64, 62.59, 76.2, 83.69]
duration: 40.60994100570679
epoch 70:
loss: 1.3463 || cls: 0.1687
Instance mIoU 86.64, Class mIoU 84.28, 
 Class mIoUs [85.38, 87.25, 86.22, 80.82, 91.73, 77.94, 91.8, 88.04, 84.53, 96.17, 74.79, 95.5, 83.17, 64.82, 76.38, 84.02]
duration: 40.52889442443848
epoch 71:
loss: 1.3434 || cls: 0.1628
Instance mIoU 86.31, Class mIoU 83.82, 
 Class mIoUs [84.67, 87.23, 87.23, 81.34, 91.35, 74.04, 91.65, 88.64, 84.83, 95.95, 74.42, 95.46, 81.71, 63.3, 75.87, 83.46]
duration: 40.53766345977783
epoch 72:
loss: 1.344 || cls: 0.1662
Instance mIoU 86.71, Class mIoU 84.45, 
 Class mIoUs [84.89, 88.4, 87.64, 81.07, 92.02, 77.3, 91.62, 88.95, 85.01, 96.35, 75.21, 95.66, 83.49, 63.35, 76.34, 83.87]
duration: 40.7478289604187
epoch 73:
loss: 1.3441 || cls: 0.1688
Instance mIoU 85.66, Class mIoU 83.66, 
 Class mIoUs [84.75, 81.26, 86.93, 81.18, 91.59, 78.91, 91.71, 86.91, 84.03, 96.38, 75.75, 95.68, 84.12, 60.14, 78.02, 81.23]
duration: 40.67379403114319
epoch 74:
loss: 1.3465 || cls: 0.1747
Instance mIoU 86.85, Class mIoU 84.23, 
 Class mIoUs [85.41, 85.9, 89.06, 81.1, 91.88, 74.72, 91.9, 88.13, 84.98, 96.54, 77.56, 95.93, 83.99, 59.84, 76.59, 84.18]
duration: 40.66096806526184
epoch 75:
loss: 1.3431 || cls: 0.1679
Instance mIoU 86.66, Class mIoU 84.67, 
 Class mIoUs [85.01, 86.38, 86.82, 81.6, 91.56, 76.94, 91.72, 89.47, 85.46, 95.83, 76.81, 95.7, 83.39, 67.16, 77.18, 83.63]
duration: 40.68587517738342
epoch 76:
loss: 1.3422 || cls: 0.1665
Instance mIoU 86.66, Class mIoU 84.43, 
 Class mIoUs [85.44, 85.56, 86.09, 81.39, 91.95, 78.76, 92.02, 89.02, 83.75, 96.41, 75.78, 95.38, 84.23, 65.13, 76.21, 83.75]
duration: 40.62245988845825
epoch 77:
loss: 1.3425 || cls: 0.1663
Instance mIoU 86.23, Class mIoU 84.07, 
 Class mIoUs [85.04, 86.95, 88.61, 80.84, 91.92, 77.21, 90.91, 86.19, 83.58, 96.47, 76.12, 95.75, 82.81, 64.1, 75.46, 83.19]
duration: 40.617915391922
epoch 78:
loss: 1.3423 || cls: 0.1707
Instance mIoU 86.44, Class mIoU 83.95, 
 Class mIoUs [85.11, 86.48, 86.88, 81.65, 91.85, 73.77, 90.7, 89.11, 85.02, 96.38, 74.67, 96.0, 83.06, 62.65, 76.77, 83.17]
duration: 40.686540603637695
epoch 79:
loss: 1.3434 || cls: 0.1721
Instance mIoU 86.53, Class mIoU 84.26, 
 Class mIoUs [84.9, 85.57, 87.1, 81.57, 91.91, 78.03, 91.41, 88.87, 84.21, 96.43, 76.61, 96.01, 82.56, 62.15, 77.31, 83.54]
duration: 40.62692165374756
epoch 80:
loss: 1.3422 || cls: 0.1694
Instance mIoU 86.69, Class mIoU 84.34, 
 Class mIoUs [84.77, 85.96, 87.53, 81.47, 92.09, 77.67, 91.77, 88.54, 84.94, 96.39, 76.47, 95.99, 83.82, 62.35, 75.96, 83.68]
duration: 40.72264099121094
epoch 81:
loss: 1.3399 || cls: 0.1659
Instance mIoU 86.59, Class mIoU 83.95, 
 Class mIoUs [84.73, 85.59, 88.53, 81.44, 92.06, 71.33, 91.82, 88.22, 85.12, 96.4, 75.8, 95.95, 82.63, 63.4, 76.64, 83.53]
duration: 40.70190501213074
epoch 82:
loss: 1.3401 || cls: 0.1691
Instance mIoU 86.26, Class mIoU 84.13, 
 Class mIoUs [85.2, 85.29, 87.16, 81.5, 91.8, 71.11, 91.89, 88.81, 84.17, 96.46, 76.37, 95.8, 84.67, 65.76, 77.65, 82.5]
duration: 40.74919319152832
epoch 83:
loss: 1.3404 || cls: 0.1729
Instance mIoU 86.36, Class mIoU 83.86, 
 Class mIoUs [84.58, 86.49, 89.2, 79.74, 91.49, 71.63, 91.64, 87.31, 84.08, 96.39, 76.77, 95.64, 83.94, 62.09, 76.88, 83.94]
duration: 40.80432200431824
epoch 84:
loss: 1.3409 || cls: 0.1717
Instance mIoU 86.15, Class mIoU 83.79, 
 Class mIoUs [84.78, 86.32, 84.87, 81.44, 91.7, 75.42, 91.81, 88.17, 81.82, 96.04, 75.04, 95.84, 83.63, 64.31, 75.94, 83.45]
duration: 40.693894147872925
epoch 85:
loss: 1.3413 || cls: 0.1746
Instance mIoU 86.32, Class mIoU 84.18, 
 Class mIoUs [85.29, 85.22, 88.3, 81.37, 91.81, 74.74, 91.49, 88.84, 84.82, 96.41, 75.64, 95.96, 82.28, 64.72, 77.39, 82.63]
duration: 40.645498275756836
epoch 86:
loss: 1.3416 || cls: 0.1755
Instance mIoU 86.72, Class mIoU 84.48, 
 Class mIoUs [85.35, 86.47, 88.02, 81.78, 91.94, 78.51, 91.91, 88.72, 85.1, 96.05, 76.96, 95.7, 83.22, 61.49, 76.95, 83.53]
duration: 40.66602420806885
epoch 87:
loss: 1.3379 || cls: 0.1685
Instance mIoU 86.83, Class mIoU 84.68, 
 Class mIoUs [85.21, 86.99, 88.94, 81.61, 91.85, 74.86, 91.99, 88.54, 85.42, 96.29, 76.41, 95.84, 84.46, 63.96, 78.62, 83.84]
duration: 40.65556883811951
epoch 88:
loss: 1.3386 || cls: 0.1721
Instance mIoU 86.55, Class mIoU 84.45, 
 Class mIoUs [84.7, 87.03, 87.9, 80.91, 92.03, 74.0, 91.97, 88.65, 83.96, 96.41, 77.11, 95.91, 83.4, 67.5, 76.03, 83.65]
duration: 40.72434639930725
epoch 89:
loss: 1.3396 || cls: 0.1745
Instance mIoU 86.56, Class mIoU 84.18, 
 Class mIoUs [84.76, 87.15, 87.9, 81.58, 92.19, 73.97, 91.5, 87.54, 84.19, 96.5, 75.39, 95.84, 83.76, 63.23, 77.78, 83.59]
duration: 40.599157094955444
epoch 90:
loss: 1.3408 || cls: 0.1808
Instance mIoU 86.03, Class mIoU 83.39, 
 Class mIoUs [83.98, 85.94, 87.72, 80.72, 91.9, 72.32, 91.63, 87.84, 85.39, 96.04, 66.3, 95.72, 84.29, 64.26, 77.56, 82.65]
duration: 40.77592182159424
epoch 91:
loss: 1.3394 || cls: 0.1784
Instance mIoU 86.74, Class mIoU 84.59, 
 Class mIoUs [85.23, 87.1, 88.58, 81.87, 92.17, 77.72, 91.91, 88.85, 84.77, 96.4, 75.59, 96.01, 84.62, 62.15, 77.05, 83.5]
duration: 40.74788427352905
epoch 92:
loss: 1.3378 || cls: 0.1744
Instance mIoU 87.00, Class mIoU 84.82, 
 Class mIoUs [85.43, 86.18, 88.95, 81.82, 92.26, 76.94, 91.65, 89.22, 85.74, 96.07, 76.8, 96.05, 83.51, 66.25, 76.28, 83.91]
duration: 40.575066328048706
epoch 93:
loss: 1.3383 || cls: 0.1768
Instance mIoU 86.33, Class mIoU 83.92, 
 Class mIoUs [84.31, 85.81, 87.44, 81.49, 92.07, 75.4, 91.68, 88.69, 84.81, 96.49, 74.47, 95.6, 82.3, 61.79, 77.48, 82.94]
duration: 40.45700716972351
epoch 94:
loss: 1.3413 || cls: 0.1884
Instance mIoU 86.74, Class mIoU 84.60, 
 Class mIoUs [85.07, 86.38, 88.4, 81.35, 91.87, 77.43, 91.89, 88.29, 85.67, 96.4, 76.05, 95.41, 84.44, 64.54, 76.77, 83.65]
duration: 40.68163061141968
epoch 95:
loss: 1.3371 || cls: 0.1775
Instance mIoU 86.77, Class mIoU 84.85, 
 Class mIoUs [85.56, 87.26, 88.93, 81.46, 92.02, 81.39, 91.8, 88.22, 85.32, 95.9, 77.47, 95.67, 83.83, 63.74, 75.55, 83.5]
duration: 40.65242552757263
epoch 96:
loss: 1.3365 || cls: 0.1777
Instance mIoU 86.75, Class mIoU 84.47, 
 Class mIoUs [85.53, 87.97, 87.15, 82.31, 92.1, 75.86, 91.62, 87.89, 84.51, 96.55, 77.57, 95.79, 82.08, 64.79, 76.18, 83.63]
duration: 40.77172350883484
epoch 97:
loss: 1.3355 || cls: 0.1738
Instance mIoU 86.36, Class mIoU 84.26, 
 Class mIoUs [85.59, 86.91, 89.07, 81.15, 91.8, 75.38, 92.04, 88.92, 84.01, 96.29, 75.72, 95.91, 83.2, 62.81, 76.53, 82.84]
duration: 40.74201583862305
epoch 98:
loss: 1.3381 || cls: 0.1831
Instance mIoU 86.34, Class mIoU 84.00, 
 Class mIoUs [84.71, 86.84, 88.2, 81.37, 91.75, 77.68, 91.46, 87.16, 84.51, 96.39, 74.42, 96.28, 82.19, 61.48, 76.24, 83.33]
duration: 40.70954465866089
epoch 99:
loss: 1.3366 || cls: 0.1823
Instance mIoU 86.69, Class mIoU 84.52, 
 Class mIoUs [84.8, 88.28, 88.33, 81.45, 92.01, 78.86, 91.96, 86.82, 84.21, 96.58, 77.05, 96.13, 83.17, 62.23, 76.4, 84.03]
duration: 40.69959497451782
epoch 100:
loss: 1.3358 || cls: 0.1802
Instance mIoU 86.62, Class mIoU 84.19, 
 Class mIoUs [84.7, 86.27, 87.29, 82.07, 92.11, 76.78, 91.97, 88.66, 84.68, 96.54, 76.75, 95.84, 82.95, 60.24, 76.74, 83.43]
duration: 40.677828550338745
epoch 101:
loss: 1.3353 || cls: 0.1787
Instance mIoU 86.49, Class mIoU 84.24, 
 Class mIoUs [84.29, 87.61, 88.15, 81.46, 91.94, 73.13, 91.79, 88.29, 84.46, 96.53, 76.32, 96.23, 84.32, 62.52, 77.4, 83.48]
duration: 40.64212226867676
epoch 102:
loss: 1.3356 || cls: 0.1825
Instance mIoU 86.54, Class mIoU 84.23, 
 Class mIoUs [84.99, 87.09, 88.13, 81.53, 92.11, 77.47, 91.6, 88.89, 84.35, 96.57, 74.71, 95.96, 83.76, 60.61, 76.62, 83.35]
duration: 40.69045877456665
epoch 103:
loss: 1.3342 || cls: 0.1782
Instance mIoU 86.59, Class mIoU 84.51, 
 Class mIoUs [85.21, 85.58, 87.97, 81.13, 91.96, 79.96, 91.93, 88.89, 85.66, 96.37, 73.67, 96.17, 82.37, 64.97, 77.21, 83.18]
duration: 40.569140911102295
epoch 104:
loss: 1.3344 || cls: 0.1803
Instance mIoU 86.65, Class mIoU 84.40, 
 Class mIoUs [84.58, 87.85, 88.21, 81.64, 92.22, 77.52, 91.85, 87.75, 84.69, 96.5, 76.17, 95.95, 83.13, 63.25, 75.38, 83.65]
duration: 40.633357763290405
epoch 105:
loss: 1.3388 || cls: 0.1961
Instance mIoU 86.33, Class mIoU 84.04, 
 Class mIoUs [85.37, 87.08, 88.02, 81.6, 91.8, 76.88, 91.95, 88.05, 85.19, 96.32, 74.99, 95.79, 83.84, 58.62, 76.71, 82.5]
duration: 40.64262890815735
epoch 106:
loss: 1.335 || cls: 0.1852
Instance mIoU 86.39, Class mIoU 84.50, 
 Class mIoUs [84.61, 86.93, 87.66, 81.76, 91.96, 78.09, 91.98, 88.94, 84.51, 96.2, 75.87, 96.2, 84.56, 63.31, 76.62, 82.81]
duration: 40.619372844696045
epoch 107:
loss: 1.3331 || cls: 0.1818
Instance mIoU 86.59, Class mIoU 84.54, 
 Class mIoUs [83.79, 87.31, 88.61, 81.89, 91.89, 78.52, 91.8, 88.01, 85.45, 95.73, 77.42, 96.2, 83.28, 63.06, 75.97, 83.69]
duration: 40.663225173950195
epoch 108:
loss: 1.333 || cls: 0.1816
Instance mIoU 86.66, Class mIoU 84.95, 
 Class mIoUs [85.57, 89.07, 87.17, 81.82, 92.02, 80.57, 91.83, 88.92, 84.16, 96.37, 77.19, 95.62, 84.14, 65.29, 76.21, 83.31]
duration: 40.44760298728943
epoch 109:
loss: 1.3361 || cls: 0.194
Instance mIoU 86.49, Class mIoU 84.47, 
 Class mIoUs [85.01, 87.58, 89.05, 80.58, 91.78, 76.14, 91.84, 88.38, 84.65, 96.45, 76.37, 96.25, 83.95, 63.76, 76.45, 83.36]
duration: 40.72740435600281
epoch 110:
loss: 1.3348 || cls: 0.1912
Instance mIoU 86.67, Class mIoU 83.97, 
 Class mIoUs [85.3, 86.74, 86.86, 80.99, 91.75, 75.18, 91.98, 88.48, 85.74, 95.85, 73.03, 95.51, 83.67, 62.09, 76.61, 83.79]
duration: 40.7824969291687
epoch 111:
loss: 1.3327 || cls: 0.1857
Instance mIoU 86.45, Class mIoU 84.55, 
 Class mIoUs [85.18, 86.48, 88.26, 81.8, 91.83, 77.46, 92.02, 88.95, 85.34, 96.37, 76.27, 96.26, 83.87, 62.34, 77.79, 82.59]
duration: 40.63291549682617
epoch 112:
loss: 1.3332 || cls: 0.1865
Instance mIoU 86.61, Class mIoU 84.15, 
 Class mIoUs [85.47, 85.59, 87.18, 82.4, 91.83, 73.2, 91.91, 88.74, 83.93, 96.28, 74.84, 96.03, 84.17, 63.95, 77.34, 83.6]
duration: 40.700350761413574
epoch 113:
loss: 1.332 || cls: 0.186
Instance mIoU 86.51, Class mIoU 84.63, 
 Class mIoUs [84.42, 86.12, 88.78, 81.97, 91.79, 79.23, 91.84, 88.69, 84.77, 96.19, 75.81, 95.93, 83.9, 65.0, 76.33, 83.38]
duration: 40.78498315811157
epoch 114:
loss: 1.3359 || cls: 0.2031
Instance mIoU 86.18, Class mIoU 84.10, 
 Class mIoUs [84.99, 85.07, 87.69, 81.65, 92.17, 73.65, 91.94, 88.77, 84.47, 96.08, 77.92, 95.88, 83.31, 63.71, 76.34, 81.91]
duration: 40.717674016952515
epoch 115:
loss: 1.3322 || cls: 0.1911
Instance mIoU 86.77, Class mIoU 84.33, 
 Class mIoUs [85.66, 87.49, 87.01, 82.27, 91.97, 72.32, 91.95, 87.35, 84.65, 96.4, 77.07, 96.08, 84.21, 64.94, 76.14, 83.72]
duration: 40.69724249839783
epoch 116:
loss: 1.3306 || cls: 0.1844
Instance mIoU 86.23, Class mIoU 84.53, 
 Class mIoUs [85.18, 85.59, 88.81, 82.23, 92.15, 77.03, 92.21, 88.24, 84.9, 96.53, 76.18, 95.93, 83.83, 65.46, 76.5, 81.68]
duration: 40.62131404876709
epoch 117:
loss: 1.3296 || cls: 0.1845
Instance mIoU 86.58, Class mIoU 84.71, 
 Class mIoUs [85.39, 87.26, 87.97, 82.07, 92.05, 76.18, 92.16, 88.43, 83.83, 96.35, 77.37, 96.15, 83.69, 66.07, 77.16, 83.17]
duration: 40.559035778045654
epoch 118:
loss: 1.3306 || cls: 0.187
Instance mIoU 86.77, Class mIoU 84.57, 
 Class mIoUs [85.38, 86.63, 88.36, 82.05, 91.99, 78.58, 92.04, 88.09, 83.58, 96.57, 76.28, 95.13, 83.19, 63.17, 77.95, 84.09]
duration: 40.61137652397156
epoch 119:
loss: 1.3328 || cls: 0.1986
Instance mIoU 86.25, Class mIoU 84.46, 
 Class mIoUs [84.93, 84.09, 88.86, 82.24, 91.89, 79.59, 92.13, 89.06, 82.04, 96.23, 77.49, 96.03, 81.86, 64.58, 77.39, 82.97]
duration: 40.56340193748474
epoch 120:
loss: 1.3326 || cls: 0.1984
Instance mIoU 86.39, Class mIoU 84.67, 
 Class mIoUs [85.76, 85.21, 88.64, 81.75, 92.04, 80.11, 92.08, 88.36, 84.43, 96.4, 77.02, 95.93, 83.11, 65.18, 76.3, 82.32]
duration: 40.735312938690186
epoch 121:
loss: 1.3291 || cls: 0.1894
Instance mIoU 86.87, Class mIoU 84.69, 
 Class mIoUs [85.13, 88.1, 87.95, 82.38, 92.09, 77.79, 92.16, 88.78, 84.29, 96.36, 76.81, 95.92, 83.72, 63.46, 76.14, 84.03]
duration: 40.73965764045715
epoch 122:
loss: 1.3293 || cls: 0.191
Instance mIoU 86.86, Class mIoU 84.62, 
 Class mIoUs [85.4, 87.84, 88.06, 81.36, 92.2, 75.67, 91.85, 87.63, 85.18, 96.51, 76.9, 96.04, 83.93, 64.61, 77.01, 83.81]
duration: 40.582196950912476
epoch 123:
loss: 1.3289 || cls: 0.188
Instance mIoU 86.41, Class mIoU 84.01, 
 Class mIoUs [85.31, 88.11, 88.41, 81.62, 91.88, 69.46, 92.13, 87.93, 83.64, 96.48, 77.12, 94.96, 83.77, 63.87, 76.35, 83.16]
duration: 40.610209703445435
epoch 124:
loss: 1.3289 || cls: 0.1897
Instance mIoU 86.72, Class mIoU 84.65, 
 Class mIoUs [85.57, 87.48, 88.27, 82.36, 91.91, 75.75, 91.96, 87.41, 83.82, 96.29, 77.4, 96.17, 84.0, 64.87, 77.41, 83.75]
duration: 40.7246778011322
epoch 125:
loss: 1.3314 || cls: 0.2026
Instance mIoU 86.57, Class mIoU 84.59, 
 Class mIoUs [85.4, 85.99, 86.12, 81.98, 92.1, 77.55, 91.65, 88.41, 83.95, 96.59, 78.32, 95.87, 84.39, 64.5, 77.54, 83.07]
duration: 40.541606426239014
epoch 126:
loss: 1.3289 || cls: 0.1977
Instance mIoU 86.43, Class mIoU 85.06, 
 Class mIoUs [84.58, 88.23, 87.86, 82.6, 92.31, 81.11, 92.01, 88.58, 85.02, 96.34, 76.83, 96.04, 82.93, 65.49, 78.82, 82.2]
duration: 40.52111482620239
epoch 127:
loss: 1.3287 || cls: 0.1976
Instance mIoU 86.61, Class mIoU 84.61, 
 Class mIoUs [84.84, 87.03, 87.66, 82.3, 92.2, 77.57, 91.8, 87.78, 84.05, 96.58, 77.15, 96.16, 83.96, 63.9, 77.51, 83.35]
duration: 40.67392015457153
epoch 128:
loss: 1.3275 || cls: 0.1917
Instance mIoU 86.45, Class mIoU 84.27, 
 Class mIoUs [84.51, 88.18, 88.14, 82.03, 91.85, 70.52, 92.35, 88.33, 84.26, 96.6, 77.7, 96.31, 82.8, 63.19, 78.42, 83.13]
duration: 40.74004244804382
epoch 129:
loss: 1.327 || cls: 0.1923
Instance mIoU 86.48, Class mIoU 84.54, 
 Class mIoUs [85.03, 87.17, 89.0, 82.35, 92.23, 74.33, 91.95, 86.99, 83.88, 96.47, 77.25, 96.0, 83.08, 65.74, 78.31, 82.92]
duration: 40.671093463897705
epoch 130:
loss: 1.3284 || cls: 0.198
Instance mIoU 86.90, Class mIoU 84.68, 
 Class mIoUs [84.76, 87.28, 87.85, 81.84, 92.32, 75.26, 92.18, 88.08, 85.13, 96.53, 77.22, 95.96, 83.62, 63.5, 79.49, 83.89]
duration: 40.64307761192322
epoch 131:
loss: 1.3272 || cls: 0.1942
Instance mIoU 86.69, Class mIoU 84.51, 
 Class mIoUs [85.08, 87.67, 88.8, 81.95, 92.22, 75.25, 92.16, 88.86, 84.34, 96.38, 77.35, 95.8, 83.18, 63.14, 76.61, 83.43]
duration: 40.5875027179718
epoch 132:
loss: 1.3264 || cls: 0.1946
Instance mIoU 86.54, Class mIoU 84.30, 
 Class mIoUs [85.01, 85.92, 88.01, 82.43, 91.91, 75.74, 91.97, 88.5, 84.06, 96.47, 75.92, 95.55, 83.61, 62.67, 77.69, 83.33]
duration: 40.56555414199829
epoch 133:
loss: 1.3261 || cls: 0.1961
Instance mIoU 86.71, Class mIoU 84.58, 
 Class mIoUs [85.73, 88.97, 87.84, 80.7, 92.15, 75.15, 91.87, 87.94, 84.73, 96.5, 77.52, 95.67, 83.87, 65.28, 75.9, 83.47]
duration: 40.74860382080078
epoch 134:
loss: 1.3266 || cls: 0.1987
Instance mIoU 86.52, Class mIoU 84.71, 
 Class mIoUs [85.29, 87.91, 88.22, 82.28, 92.03, 76.1, 91.61, 88.26, 83.48, 96.64, 77.49, 96.04, 82.7, 65.05, 79.14, 83.16]
duration: 40.65234017372131
epoch 135:
loss: 1.327 || cls: 0.2001
Instance mIoU 86.36, Class mIoU 84.69, 
 Class mIoUs [84.96, 88.16, 88.01, 81.93, 92.2, 77.09, 92.2, 87.99, 83.62, 96.49, 77.42, 96.19, 83.72, 64.27, 78.23, 82.53]
duration: 40.547358751297
epoch 136:
loss: 1.3255 || cls: 0.1982
Instance mIoU 86.70, Class mIoU 84.77, 
 Class mIoUs [85.02, 86.66, 86.84, 81.99, 92.19, 79.64, 91.65, 88.25, 85.2, 96.45, 78.01, 95.35, 83.53, 65.1, 77.15, 83.25]
duration: 40.6190767288208
epoch 137:
loss: 1.3264 || cls: 0.2023
Instance mIoU 86.48, Class mIoU 84.46, 
 Class mIoUs [84.71, 87.63, 87.83, 82.37, 92.12, 74.09, 92.29, 87.94, 84.24, 96.56, 77.49, 95.86, 83.64, 64.77, 76.87, 82.92]
duration: 40.619731426239014
epoch 138:
loss: 1.325 || cls: 0.1995
Instance mIoU 86.33, Class mIoU 84.56, 
 Class mIoUs [84.06, 87.55, 89.07, 82.07, 92.14, 75.99, 92.19, 87.93, 83.97, 96.54, 77.91, 96.07, 84.51, 63.78, 76.46, 82.7]
duration: 40.706669330596924
epoch 139:
loss: 1.3259 || cls: 0.203
Instance mIoU 86.67, Class mIoU 84.80, 
 Class mIoUs [85.17, 88.45, 88.75, 82.26, 92.04, 77.61, 91.86, 87.7, 84.02, 96.68, 76.83, 95.92, 83.84, 65.14, 76.96, 83.57]
duration: 40.74896597862244
epoch 140:
loss: 1.3241 || cls: 0.1987
Instance mIoU 86.88, Class mIoU 85.14, 
 Class mIoUs [85.28, 88.33, 88.83, 82.02, 92.26, 79.0, 92.28, 87.44, 84.21, 96.52, 78.53, 96.19, 84.39, 63.97, 79.24, 83.76]
duration: 40.62416911125183
epoch 141:
loss: 1.3233 || cls: 0.1975
Instance mIoU 86.65, Class mIoU 85.09, 
 Class mIoUs [85.09, 87.8, 88.36, 82.17, 92.05, 79.2, 92.09, 87.9, 84.37, 96.58, 77.73, 96.05, 84.79, 66.51, 77.52, 83.21]
duration: 40.67826962471008
epoch 142:
loss: 1.3255 || cls: 0.2043
Instance mIoU 86.55, Class mIoU 84.79, 
 Class mIoUs [85.42, 88.12, 87.84, 82.44, 92.12, 77.23, 91.78, 88.01, 84.01, 96.46, 77.78, 96.22, 83.08, 64.32, 78.86, 82.9]
duration: 40.60908603668213
epoch 143:
loss: 1.3239 || cls: 0.2026
Instance mIoU 86.65, Class mIoU 85.03, 
 Class mIoUs [85.21, 89.0, 88.82, 82.5, 92.14, 76.32, 92.2, 87.95, 84.83, 96.5, 78.15, 95.98, 83.9, 66.0, 78.11, 82.88]
duration: 40.603002071380615
epoch 144:
loss: 1.3229 || cls: 0.2012
Instance mIoU 86.65, Class mIoU 84.63, 
 Class mIoUs [85.14, 87.78, 88.34, 82.26, 92.21, 76.98, 92.01, 88.11, 84.12, 96.57, 76.58, 96.2, 82.92, 64.93, 76.54, 83.38]
duration: 40.61278986930847
epoch 145:
loss: 1.3231 || cls: 0.2023
Instance mIoU 86.73, Class mIoU 84.70, 
 Class mIoUs [85.37, 88.07, 87.98, 82.47, 92.09, 73.87, 92.09, 87.86, 84.4, 96.39, 78.87, 95.82, 83.43, 66.15, 76.89, 83.39]
duration: 40.869537591934204
epoch 146:
loss: 1.3227 || cls: 0.2021
Instance mIoU 86.67, Class mIoU 85.15, 
 Class mIoUs [85.24, 87.93, 88.52, 82.24, 92.22, 78.83, 92.34, 88.15, 84.24, 96.48, 76.69, 96.1, 83.87, 67.2, 79.24, 83.05]
duration: 40.678399324417114
epoch 147:
loss: 1.3225 || cls: 0.2015
Instance mIoU 86.62, Class mIoU 84.85, 
 Class mIoUs [85.58, 87.57, 87.19, 82.41, 92.26, 80.01, 92.44, 87.4, 84.1, 96.49, 78.09, 96.16, 83.58, 64.65, 76.78, 82.86]
duration: 40.62752413749695
epoch 148:
loss: 1.323 || cls: 0.2063
Instance mIoU 86.65, Class mIoU 85.14, 
 Class mIoUs [85.56, 87.29, 87.32, 82.42, 92.08, 81.41, 92.14, 87.65, 85.21, 96.51, 78.21, 95.93, 83.18, 65.69, 78.95, 82.68]
duration: 40.64010262489319
epoch 149:
loss: 1.3212 || cls: 0.2017
Instance mIoU 86.70, Class mIoU 84.80, 
 Class mIoUs [85.68, 88.84, 87.18, 81.88, 92.13, 77.18, 92.24, 87.43, 84.92, 96.57, 77.86, 96.27, 84.03, 64.3, 77.22, 83.06]
duration: 40.677263021469116
epoch 150:
loss: 1.3207 || cls: 0.2008
Instance mIoU 86.86, Class mIoU 84.94, 
 Class mIoUs [85.48, 88.76, 87.52, 81.83, 92.25, 77.0, 92.22, 88.24, 84.92, 96.61, 76.99, 95.79, 83.89, 65.84, 78.2, 83.54]
duration: 40.57245945930481
epoch 151:
loss: 1.3211 || cls: 0.2017
Instance mIoU 86.52, Class mIoU 84.63, 
 Class mIoUs [85.03, 86.69, 88.32, 82.44, 92.19, 75.04, 92.12, 88.1, 84.48, 96.44, 78.15, 96.22, 83.32, 65.99, 76.75, 82.74]
duration: 40.54774761199951
epoch 152:
loss: 1.3211 || cls: 0.2043
Instance mIoU 86.56, Class mIoU 85.20, 
 Class mIoUs [84.8, 87.12, 88.79, 82.4, 92.22, 80.92, 92.33, 88.23, 85.0, 96.56, 77.78, 96.25, 83.06, 66.07, 79.15, 82.53]
duration: 40.65005016326904
epoch 153:
loss: 1.3205 || cls: 0.2058
Instance mIoU 86.93, Class mIoU 85.12, 
 Class mIoUs [85.44, 86.92, 86.85, 82.86, 92.16, 79.04, 92.43, 87.79, 84.71, 96.56, 78.47, 95.87, 83.76, 65.66, 79.79, 83.61]
duration: 40.61658811569214
epoch 154:
loss: 1.3205 || cls: 0.2062
Instance mIoU 86.72, Class mIoU 85.23, 
 Class mIoUs [85.87, 87.1, 88.36, 82.11, 92.25, 79.7, 91.91, 88.02, 84.61, 96.47, 78.43, 96.07, 84.16, 66.22, 79.6, 82.84]
duration: 40.60188317298889
epoch 155:
loss: 1.3198 || cls: 0.2055
Instance mIoU 86.56, Class mIoU 84.85, 
 Class mIoUs [85.05, 88.29, 87.77, 82.3, 92.16, 78.47, 92.36, 87.92, 84.52, 96.57, 78.02, 96.39, 83.14, 64.0, 77.91, 82.79]
duration: 40.72059369087219
epoch 156:
loss: 1.32 || cls: 0.2057
Instance mIoU 86.84, Class mIoU 84.58, 
 Class mIoUs [85.39, 87.16, 88.49, 81.81, 92.15, 73.62, 92.3, 87.81, 84.65, 96.58, 77.73, 96.35, 83.71, 61.54, 80.22, 83.7]
duration: 40.74445581436157
epoch 157:
loss: 1.3189 || cls: 0.2022
Instance mIoU 86.85, Class mIoU 85.17, 
 Class mIoUs [85.71, 89.86, 87.36, 82.27, 92.01, 78.4, 91.98, 87.56, 85.32, 96.59, 78.55, 95.98, 83.18, 66.5, 78.14, 83.38]
duration: 40.69562911987305
epoch 158:
loss: 1.3199 || cls: 0.2088
Instance mIoU 86.76, Class mIoU 85.12, 
 Class mIoUs [85.36, 88.89, 88.06, 82.79, 92.31, 79.46, 91.98, 87.75, 84.98, 96.55, 79.12, 96.22, 83.82, 63.61, 78.17, 82.91]
duration: 40.67829966545105
epoch 159:
loss: 1.3187 || cls: 0.2055
Instance mIoU 86.67, Class mIoU 84.91, 
 Class mIoUs [85.58, 88.24, 88.81, 81.8, 92.27, 77.2, 91.67, 87.79, 84.61, 96.62, 77.43, 96.24, 82.93, 65.26, 78.98, 83.06]
duration: 40.70911717414856
epoch 160:
loss: 1.3193 || cls: 0.2069
Instance mIoU 86.98, Class mIoU 85.19, 
 Class mIoUs [85.45, 87.87, 88.95, 82.43, 92.24, 79.58, 92.2, 87.86, 84.99, 96.61, 78.2, 96.29, 83.69, 64.93, 78.11, 83.73]
duration: 40.80981159210205
epoch 161:
loss: 1.3179 || cls: 0.205
Instance mIoU 86.30, Class mIoU 85.13, 
 Class mIoUs [85.33, 89.05, 88.65, 82.67, 92.14, 79.97, 92.32, 87.53, 85.18, 96.65, 78.26, 96.19, 83.36, 65.93, 77.46, 81.46]
duration: 40.73886179924011
epoch 162:
loss: 1.3172 || cls: 0.2022
Instance mIoU 86.59, Class mIoU 85.04, 
 Class mIoUs [85.71, 88.9, 88.58, 82.57, 92.17, 75.78, 92.45, 87.88, 84.47, 96.58, 78.06, 96.02, 84.31, 64.83, 79.84, 82.45]
duration: 40.601006269454956
epoch 163:
loss: 1.3177 || cls: 0.2048
Instance mIoU 86.70, Class mIoU 84.95, 
 Class mIoUs [85.96, 88.93, 88.1, 82.37, 92.28, 76.85, 92.52, 87.47, 84.13, 96.59, 79.22, 95.94, 83.37, 64.62, 78.0, 82.84]
duration: 40.601511001586914
epoch 164:
loss: 1.3167 || cls: 0.2035
Instance mIoU 86.86, Class mIoU 85.17, 
 Class mIoUs [86.08, 88.8, 88.57, 82.61, 92.27, 77.51, 92.41, 87.73, 84.59, 96.56, 78.91, 96.05, 83.49, 65.56, 78.46, 83.11]
duration: 40.68932223320007
epoch 165:
loss: 1.3162 || cls: 0.203
Instance mIoU 86.66, Class mIoU 85.15, 
 Class mIoUs [85.65, 88.2, 88.1, 82.91, 92.26, 78.35, 92.35, 87.65, 85.05, 96.58, 79.51, 96.33, 83.36, 64.67, 79.11, 82.37]
duration: 40.63414764404297
epoch 166:
loss: 1.3159 || cls: 0.2029
Instance mIoU 86.77, Class mIoU 84.79, 
 Class mIoUs [85.63, 88.08, 88.43, 82.67, 92.31, 76.64, 92.49, 87.71, 84.12, 96.7, 78.88, 96.28, 82.62, 63.45, 77.45, 83.2]
duration: 40.797107219696045
epoch 167:
loss: 1.316 || cls: 0.204
Instance mIoU 86.75, Class mIoU 84.83, 
 Class mIoUs [85.97, 88.47, 87.93, 82.42, 92.21, 74.09, 92.24, 87.82, 84.55, 96.66, 78.81, 96.19, 83.99, 65.35, 77.66, 82.97]
duration: 40.6635103225708
epoch 168:
loss: 1.316 || cls: 0.2051
Instance mIoU 86.37, Class mIoU 84.61, 
 Class mIoUs [85.64, 88.16, 88.81, 82.88, 92.12, 72.85, 92.45, 87.95, 84.88, 96.68, 78.87, 96.22, 83.05, 64.99, 76.41, 81.77]
duration: 40.579994201660156
epoch 169:
loss: 1.3152 || cls: 0.205
Instance mIoU 85.92, Class mIoU 84.80, 
 Class mIoUs [85.54, 87.75, 89.05, 83.04, 92.11, 72.83, 92.32, 88.16, 84.34, 96.68, 79.32, 95.97, 83.18, 67.54, 78.65, 80.29]
duration: 40.61092233657837
epoch 170:
loss: 1.3151 || cls: 0.204
Instance mIoU 86.82, Class mIoU 85.22, 
 Class mIoUs [85.78, 87.81, 88.89, 82.54, 92.21, 79.98, 92.41, 87.57, 84.43, 96.52, 78.82, 96.37, 83.2, 66.09, 77.64, 83.22]
duration: 40.66297268867493
epoch 171:
loss: 1.3154 || cls: 0.207
Instance mIoU 86.26, Class mIoU 84.91, 
 Class mIoUs [85.53, 86.84, 88.98, 83.0, 92.09, 77.36, 92.49, 87.59, 84.63, 96.63, 78.56, 96.23, 83.92, 66.16, 77.18, 81.43]
duration: 40.65400266647339
epoch 172:
loss: 1.3148 || cls: 0.2067
Instance mIoU 86.68, Class mIoU 84.88, 
 Class mIoUs [85.75, 87.95, 88.57, 82.36, 92.19, 76.29, 92.44, 87.48, 83.95, 96.48, 78.99, 96.16, 83.3, 64.23, 78.96, 83.02]
duration: 40.73681044578552
epoch 173:
loss: 1.3142 || cls: 0.2062
Instance mIoU 86.71, Class mIoU 85.22, 
 Class mIoUs [85.71, 87.82, 88.68, 82.35, 92.21, 78.36, 92.17, 87.96, 84.87, 96.57, 79.07, 96.04, 83.65, 66.13, 79.23, 82.72]
duration: 40.6612184047699
epoch 174:
loss: 1.3138 || cls: 0.206
Instance mIoU 86.74, Class mIoU 85.19, 
 Class mIoUs [85.63, 87.85, 89.25, 82.81, 92.2, 78.15, 92.42, 87.24, 84.15, 96.62, 78.86, 96.2, 83.78, 65.79, 79.05, 83.04]
duration: 40.70241928100586
epoch 175:
loss: 1.3134 || cls: 0.2059
Instance mIoU 86.65, Class mIoU 85.11, 
 Class mIoUs [85.91, 87.1, 88.67, 82.85, 92.3, 78.84, 92.36, 87.93, 84.9, 96.47, 78.35, 96.16, 83.41, 65.13, 79.03, 82.32]
duration: 40.66014575958252
epoch 176:
loss: 1.3135 || cls: 0.2064
Instance mIoU 86.75, Class mIoU 85.26, 
 Class mIoUs [85.82, 88.03, 88.27, 82.21, 92.34, 78.72, 92.6, 88.05, 84.57, 96.63, 79.4, 96.21, 82.96, 65.8, 79.82, 82.74]
duration: 40.80569338798523
epoch 177:
loss: 1.3131 || cls: 0.2074
Instance mIoU 86.57, Class mIoU 85.01, 
 Class mIoUs [85.74, 87.27, 88.3, 82.24, 92.23, 77.15, 92.44, 87.69, 84.09, 96.61, 79.0, 96.28, 83.43, 67.32, 77.85, 82.57]
duration: 40.66071152687073
epoch 178:
loss: 1.3127 || cls: 0.2054
Instance mIoU 86.66, Class mIoU 84.95, 
 Class mIoUs [85.59, 87.87, 87.0, 82.61, 92.23, 78.3, 92.33, 87.3, 84.42, 96.65, 79.01, 96.41, 83.41, 64.34, 78.89, 82.8]
duration: 40.79711675643921
epoch 179:
loss: 1.3126 || cls: 0.2064
Instance mIoU 86.65, Class mIoU 84.73, 
 Class mIoUs [86.1, 88.6, 88.36, 82.5, 92.32, 72.81, 92.53, 87.76, 83.96, 96.63, 79.76, 96.2, 83.11, 65.48, 76.82, 82.67]
duration: 40.640732288360596
epoch 180:
loss: 1.3124 || cls: 0.2073
Instance mIoU 86.69, Class mIoU 85.05, 
 Class mIoUs [85.8, 87.87, 88.55, 82.39, 92.23, 78.6, 92.51, 87.52, 84.38, 96.65, 79.32, 96.45, 82.62, 65.06, 78.02, 82.82]
duration: 40.65322136878967
epoch 181:
loss: 1.3122 || cls: 0.2081
Instance mIoU 86.88, Class mIoU 85.00, 
 Class mIoUs [85.8, 86.82, 88.45, 82.28, 92.5, 78.66, 92.54, 87.26, 84.12, 96.64, 79.33, 96.35, 82.88, 63.89, 79.14, 83.35]
duration: 40.674243211746216
epoch 182:
loss: 1.3115 || cls: 0.2065
Instance mIoU 86.68, Class mIoU 85.34, 
 Class mIoUs [85.73, 87.7, 88.62, 82.74, 92.31, 81.92, 92.33, 87.22, 84.38, 96.67, 78.61, 96.13, 83.25, 66.55, 78.61, 82.68]
duration: 40.70072364807129
epoch 183:
loss: 1.3112 || cls: 0.2061
Instance mIoU 86.80, Class mIoU 85.10, 
 Class mIoUs [85.88, 87.58, 88.07, 82.71, 92.41, 78.82, 92.48, 87.48, 84.41, 96.53, 79.45, 96.24, 82.29, 65.64, 78.61, 82.96]
duration: 40.49005627632141
epoch 184:
loss: 1.3114 || cls: 0.2068
Instance mIoU 86.83, Class mIoU 85.41, 
 Class mIoUs [85.72, 87.87, 88.3, 82.78, 92.3, 80.68, 92.46, 87.63, 84.93, 96.62, 79.18, 96.31, 83.59, 66.15, 79.17, 82.9]
duration: 40.79434895515442
epoch 185:
loss: 1.3111 || cls: 0.2062
Instance mIoU 86.63, Class mIoU 85.39, 
 Class mIoUs [86.09, 88.27, 88.45, 82.52, 92.26, 81.15, 92.6, 87.33, 84.74, 96.57, 79.28, 96.41, 83.67, 66.42, 78.33, 82.18]
duration: 40.699079275131226
epoch 186:
loss: 1.3109 || cls: 0.2088
Instance mIoU 86.84, Class mIoU 85.19, 
 Class mIoUs [85.82, 87.94, 88.06, 82.65, 92.32, 80.13, 92.55, 87.63, 84.2, 96.64, 78.99, 96.3, 82.85, 65.85, 77.98, 83.2]
duration: 40.657121419906616
epoch 187:
loss: 1.3105 || cls: 0.2068
Instance mIoU 86.64, Class mIoU 85.23, 
 Class mIoUs [85.38, 87.58, 88.44, 82.65, 92.42, 81.06, 92.48, 87.57, 84.38, 96.61, 79.42, 96.37, 82.86, 65.98, 77.96, 82.54]
duration: 40.538843393325806
epoch 188:
loss: 1.3104 || cls: 0.2066
Instance mIoU 86.71, Class mIoU 85.19, 
 Class mIoUs [85.94, 87.67, 88.5, 82.41, 92.32, 79.24, 92.66, 87.54, 84.9, 96.71, 79.38, 96.35, 84.21, 65.82, 76.83, 82.49]
duration: 40.675729274749756
epoch 189:
loss: 1.3101 || cls: 0.2072
Instance mIoU 86.68, Class mIoU 85.27, 
 Class mIoUs [86.02, 86.78, 88.28, 83.01, 92.33, 80.14, 92.62, 87.97, 84.56, 96.61, 79.53, 96.38, 83.97, 66.15, 77.77, 82.28]
duration: 40.68694233894348
epoch 190:
loss: 1.3097 || cls: 0.2062
Instance mIoU 86.85, Class mIoU 85.53, 
 Class mIoUs [85.83, 87.96, 88.6, 82.92, 92.39, 80.07, 92.56, 87.7, 84.3, 96.63, 79.44, 96.49, 84.5, 66.72, 79.44, 82.9]
duration: 40.66375231742859
epoch 191:
loss: 1.3094 || cls: 0.2072
Instance mIoU 86.88, Class mIoU 85.32, 
 Class mIoUs [86.09, 87.53, 88.51, 82.99, 92.35, 80.22, 92.48, 87.32, 84.62, 96.58, 79.25, 96.51, 83.51, 66.27, 77.87, 83.02]
duration: 40.73692011833191
epoch 192:
loss: 1.3093 || cls: 0.2072
Instance mIoU 86.78, Class mIoU 85.23, 
 Class mIoUs [86.14, 87.85, 88.57, 82.87, 92.42, 78.6, 92.35, 87.75, 84.21, 96.52, 79.13, 96.39, 83.52, 65.68, 78.95, 82.73]
duration: 40.711761236190796
epoch 193:
loss: 1.3091 || cls: 0.2079
Instance mIoU 86.66, Class mIoU 85.31, 
 Class mIoUs [85.94, 88.44, 88.85, 82.78, 92.36, 78.08, 92.66, 87.63, 84.6, 96.6, 79.54, 96.27, 84.23, 65.9, 78.81, 82.22]
duration: 40.64548873901367
epoch 194:
loss: 1.3085 || cls: 0.2069
Instance mIoU 86.68, Class mIoU 85.26, 
 Class mIoUs [86.2, 88.46, 88.76, 82.92, 92.45, 77.39, 92.55, 87.62, 85.05, 96.69, 78.98, 96.37, 83.73, 65.59, 79.42, 82.01]
duration: 40.79739713668823
epoch 195:
loss: 1.3085 || cls: 0.2069
Instance mIoU 86.95, Class mIoU 85.36, 
 Class mIoUs [85.99, 88.38, 88.97, 82.79, 92.42, 78.23, 92.43, 87.86, 84.82, 96.55, 79.06, 96.38, 84.4, 66.35, 78.0, 83.11]
duration: 40.74800157546997
epoch 196:
loss: 1.3087 || cls: 0.2091
Instance mIoU 86.97, Class mIoU 85.39, 
 Class mIoUs [86.01, 88.23, 88.52, 82.59, 92.43, 77.97, 92.52, 87.51, 85.18, 96.65, 79.88, 96.46, 84.21, 65.82, 79.27, 83.05]
duration: 40.53416085243225
epoch 197:
loss: 1.308 || cls: 0.2073
Instance mIoU 86.80, Class mIoU 85.30, 
 Class mIoUs [85.87, 88.32, 88.84, 82.9, 92.42, 78.28, 92.65, 87.6, 84.81, 96.64, 79.6, 96.3, 84.28, 66.16, 77.46, 82.63]
duration: 40.58844327926636
epoch 198:
loss: 1.3078 || cls: 0.2068
Instance mIoU 86.82, Class mIoU 85.35, 
 Class mIoUs [85.93, 88.6, 88.69, 82.76, 92.25, 76.66, 92.65, 87.72, 84.92, 96.7, 79.58, 96.29, 84.21, 66.21, 79.66, 82.72]
duration: 40.624741315841675
epoch 199:
loss: 1.3079 || cls: 0.2084
Instance mIoU 86.82, Class mIoU 85.31, 
 Class mIoUs [85.78, 88.38, 88.77, 82.84, 92.34, 78.29, 92.53, 87.47, 84.75, 96.77, 79.02, 96.47, 84.01, 66.44, 78.15, 82.88]
duration: 40.809184312820435
epoch 200:
loss: 1.3072 || cls: 0.2085
Instance mIoU 86.91, Class mIoU 85.52, 
 Class mIoUs [86.01, 88.8, 88.72, 82.64, 92.39, 80.63, 92.59, 87.6, 84.93, 96.63, 79.48, 96.45, 84.07, 66.02, 78.53, 82.91]
duration: 40.67619037628174
new best!
epoch 201:
loss: 1.3073 || cls: 0.2075
Instance mIoU 86.99, Class mIoU 85.56, 
 Class mIoUs [86.2, 88.42, 88.34, 83.01, 92.45, 80.38, 92.54, 87.6, 84.5, 96.59, 79.62, 96.44, 83.94, 66.23, 79.57, 83.14]
duration: 40.8036367893219
new best!
epoch 202:
loss: 1.307 || cls: 0.2076
Instance mIoU 86.79, Class mIoU 85.48, 
 Class mIoUs [85.96, 88.12, 88.62, 83.02, 92.28, 79.67, 92.69, 87.6, 84.78, 96.59, 79.58, 96.52, 84.56, 66.45, 78.66, 82.56]
duration: 40.6772518157959
epoch 203:
loss: 1.3067 || cls: 0.2074
Instance mIoU 86.84, Class mIoU 85.64, 
 Class mIoUs [85.99, 88.07, 89.05, 82.71, 92.38, 80.6, 92.66, 87.56, 84.57, 96.65, 79.72, 96.41, 84.12, 67.15, 79.83, 82.72]
duration: 40.712772607803345
epoch 204:
loss: 1.3066 || cls: 0.2079
Instance mIoU 87.01, Class mIoU 85.64, 
 Class mIoUs [85.9, 88.36, 88.79, 83.09, 92.44, 80.48, 92.52, 87.71, 84.54, 96.68, 79.68, 96.43, 83.91, 67.24, 79.16, 83.28]
duration: 40.797898292541504
new best!
epoch 205:
loss: 1.3065 || cls: 0.2089
Instance mIoU 86.91, Class mIoU 85.72, 
 Class mIoUs [86.05, 88.62, 88.79, 82.96, 92.26, 81.07, 92.68, 87.88, 84.7, 96.65, 79.53, 96.42, 84.56, 67.33, 79.08, 82.9]
duration: 40.71360230445862
epoch 206:
loss: 1.3062 || cls: 0.2084
Instance mIoU 86.85, Class mIoU 85.69, 
 Class mIoUs [86.08, 88.45, 88.72, 82.83, 92.31, 80.85, 92.65, 87.91, 84.5, 96.62, 79.83, 96.52, 84.26, 67.39, 79.32, 82.75]
duration: 40.646344900131226
epoch 207:
loss: 1.3061 || cls: 0.2078
Instance mIoU 86.79, Class mIoU 85.62, 
 Class mIoUs [86.03, 88.05, 88.84, 82.98, 92.33, 81.13, 92.68, 88.11, 84.59, 96.63, 79.65, 96.48, 84.19, 65.92, 79.77, 82.5]
duration: 40.568944692611694
epoch 208:
loss: 1.3059 || cls: 0.208
Instance mIoU 86.79, Class mIoU 85.56, 
 Class mIoUs [86.07, 87.82, 88.86, 82.71, 92.33, 80.67, 92.53, 87.94, 84.47, 96.56, 79.86, 96.45, 84.25, 66.61, 79.19, 82.6]
duration: 40.69196915626526
epoch 209:
loss: 1.3058 || cls: 0.2094
Instance mIoU 86.83, Class mIoU 85.58, 
 Class mIoUs [86.1, 88.25, 89.04, 82.9, 92.42, 81.08, 92.64, 87.89, 83.96, 96.62, 79.44, 96.56, 84.26, 66.13, 79.23, 82.79]
duration: 40.7037353515625
epoch 210:
loss: 1.3055 || cls: 0.208
Instance mIoU 86.83, Class mIoU 85.69, 
 Class mIoUs [86.27, 88.42, 88.97, 82.95, 92.39, 80.93, 92.68, 87.73, 84.59, 96.61, 79.56, 96.45, 84.29, 67.63, 79.0, 82.51]
duration: 40.628074407577515
epoch 211:
loss: 1.3054 || cls: 0.2082
Instance mIoU 86.88, Class mIoU 85.65, 
 Class mIoUs [86.1, 88.98, 89.16, 82.82, 92.38, 80.44, 92.68, 87.76, 84.47, 96.57, 79.42, 96.45, 84.29, 66.81, 79.25, 82.82]
duration: 40.63846158981323
epoch 212:
loss: 1.3052 || cls: 0.2073
Instance mIoU 86.97, Class mIoU 85.75, 
 Class mIoUs [86.02, 88.72, 89.04, 82.92, 92.39, 80.44, 92.67, 87.74, 84.71, 96.7, 80.08, 96.36, 84.35, 67.4, 79.37, 83.02]
duration: 40.71861720085144
epoch 213:
loss: 1.3049 || cls: 0.2076
Instance mIoU 86.85, Class mIoU 85.45, 
 Class mIoUs [86.08, 88.72, 88.85, 82.79, 92.38, 78.08, 92.67, 87.84, 84.47, 96.64, 79.55, 96.37, 84.13, 66.63, 79.31, 82.78]
duration: 40.66676592826843
epoch 214:
loss: 1.305 || cls: 0.2084
Instance mIoU 86.89, Class mIoU 85.44, 
 Class mIoUs [86.08, 88.44, 88.81, 82.92, 92.39, 78.02, 92.62, 87.97, 84.63, 96.65, 79.63, 96.37, 84.46, 66.86, 78.26, 82.87]
duration: 40.78704571723938
epoch 215:
loss: 1.3048 || cls: 0.2081
Instance mIoU 86.87, Class mIoU 85.53, 
 Class mIoUs [86.05, 88.73, 88.84, 82.87, 92.42, 78.43, 92.69, 87.75, 84.77, 96.66, 79.58, 96.4, 84.34, 66.76, 79.47, 82.68]
duration: 40.705968141555786
epoch 216:
loss: 1.3047 || cls: 0.2075
Instance mIoU 86.79, Class mIoU 85.62, 
 Class mIoUs [85.87, 88.59, 88.88, 83.0, 92.39, 80.31, 92.66, 87.59, 84.51, 96.63, 80.01, 96.51, 84.4, 67.4, 78.66, 82.58]
duration: 40.58612394332886
epoch 217:
loss: 1.3044 || cls: 0.2082
Instance mIoU 86.78, Class mIoU 85.65, 
 Class mIoUs [86.01, 88.63, 88.85, 82.86, 92.49, 80.45, 92.67, 87.67, 84.73, 96.61, 79.96, 96.37, 84.26, 67.22, 79.28, 82.34]
duration: 40.631014823913574
epoch 218:
loss: 1.3043 || cls: 0.209
Instance mIoU 86.83, Class mIoU 85.61, 
 Class mIoUs [86.0, 88.33, 89.01, 82.9, 92.4, 80.48, 92.68, 87.73, 84.46, 96.61, 79.91, 96.51, 84.15, 66.82, 79.17, 82.68]
duration: 40.59713053703308
epoch 219:
loss: 1.3043 || cls: 0.2094
Instance mIoU 86.89, Class mIoU 85.72, 
 Class mIoUs [85.96, 88.49, 89.09, 82.98, 92.41, 81.13, 92.7, 87.86, 84.55, 96.63, 79.81, 96.4, 84.42, 66.95, 79.28, 82.8]
duration: 40.55663800239563
epoch 220:
loss: 1.3041 || cls: 0.2071
Instance mIoU 86.87, Class mIoU 85.64, 
 Class mIoUs [86.18, 88.89, 89.14, 82.93, 92.43, 78.24, 92.71, 87.77, 84.74, 96.61, 80.13, 96.56, 84.44, 67.45, 79.46, 82.58]
duration: 40.63751840591431
epoch 221:
loss: 1.3041 || cls: 0.2086
Instance mIoU 86.83, Class mIoU 85.69, 
 Class mIoUs [85.92, 88.46, 89.11, 82.86, 92.42, 80.94, 92.7, 87.77, 84.73, 96.64, 79.79, 96.59, 84.22, 66.92, 79.31, 82.58]
duration: 40.770408153533936
epoch 222:
loss: 1.3041 || cls: 0.2086
Instance mIoU 86.92, Class mIoU 85.58, 
 Class mIoUs [86.21, 88.52, 89.1, 82.78, 92.41, 78.2, 92.55, 87.71, 84.55, 96.59, 79.88, 96.56, 84.18, 67.53, 79.68, 82.9]
duration: 40.73765683174133
epoch 223:
loss: 1.3039 || cls: 0.2078
Instance mIoU 87.01, Class mIoU 85.73, 
 Class mIoUs [86.12, 88.53, 89.09, 82.91, 92.5, 80.81, 92.63, 87.73, 84.84, 96.63, 79.81, 96.47, 84.16, 67.36, 79.06, 83.01]
duration: 40.72751784324646
epoch 224:
loss: 1.3037 || cls: 0.2085
Instance mIoU 86.86, Class mIoU 85.73, 
 Class mIoUs [86.15, 88.69, 89.06, 82.93, 92.47, 80.74, 92.7, 87.44, 84.91, 96.63, 80.0, 96.51, 84.39, 67.09, 79.53, 82.46]
duration: 40.72267961502075
epoch 225:
loss: 1.3043 || cls: 0.2077
Instance mIoU 86.85, Class mIoU 85.74, 
 Class mIoUs [85.99, 88.65, 88.99, 82.96, 92.46, 81.16, 92.66, 87.76, 84.69, 96.61, 79.83, 96.45, 84.04, 67.36, 79.7, 82.58]
duration: 40.619468450546265
epoch 226:
loss: 1.3037 || cls: 0.2074
Instance mIoU 86.84, Class mIoU 85.73, 
 Class mIoUs [86.09, 88.87, 89.07, 82.89, 92.45, 80.79, 92.71, 87.78, 84.63, 96.63, 80.05, 96.51, 84.21, 67.34, 79.19, 82.51]
duration: 40.61837673187256
epoch 227:
loss: 1.3034 || cls: 0.2077
Instance mIoU 87.00, Class mIoU 85.78, 
 Class mIoUs [86.17, 88.94, 89.16, 82.9, 92.49, 80.73, 92.69, 87.78, 84.51, 96.66, 79.92, 96.63, 84.1, 67.22, 79.61, 83.03]
duration: 40.613558292388916
epoch 228:
loss: 1.3034 || cls: 0.2074
Instance mIoU 86.95, Class mIoU 85.75, 
 Class mIoUs [85.97, 88.52, 89.12, 82.97, 92.46, 81.1, 92.7, 87.82, 84.76, 96.63, 80.08, 96.42, 84.04, 67.09, 79.35, 82.89]
duration: 40.62405180931091
epoch 229:
loss: 1.3034 || cls: 0.2079
Instance mIoU 87.02, Class mIoU 85.78, 
 Class mIoUs [86.22, 88.63, 89.14, 82.88, 92.47, 80.73, 92.7, 87.71, 84.8, 96.63, 80.09, 96.57, 84.29, 67.1, 79.47, 82.99]
duration: 40.65832328796387
new best!
epoch 230:
loss: 1.3033 || cls: 0.2067
Instance mIoU 86.88, Class mIoU 85.72, 
 Class mIoUs [86.11, 88.66, 89.07, 82.97, 92.5, 80.98, 92.74, 87.43, 84.66, 96.62, 80.15, 96.49, 84.21, 67.25, 79.13, 82.6]
duration: 40.63688588142395
epoch 231:
loss: 1.3033 || cls: 0.2076
Instance mIoU 86.88, Class mIoU 85.74, 
 Class mIoUs [86.11, 88.62, 89.21, 82.91, 92.42, 80.68, 92.74, 87.76, 84.61, 96.63, 79.85, 96.49, 84.38, 67.39, 79.34, 82.67]
duration: 40.71413993835449
epoch 232:
loss: 1.303 || cls: 0.2074
Instance mIoU 86.88, Class mIoU 85.76, 
 Class mIoUs [86.04, 88.61, 89.24, 82.95, 92.48, 80.77, 92.7, 87.75, 84.54, 96.58, 79.89, 96.5, 84.42, 67.44, 79.49, 82.69]
duration: 40.72422194480896
epoch 233:
loss: 1.3032 || cls: 0.2079
Instance mIoU 86.88, Class mIoU 85.74, 
 Class mIoUs [86.25, 88.57, 89.09, 83.01, 92.4, 80.91, 92.73, 87.74, 84.66, 96.6, 79.78, 96.46, 84.33, 67.3, 79.47, 82.61]
duration: 40.547163009643555
epoch 234:
loss: 1.303 || cls: 0.2078
Instance mIoU 86.92, Class mIoU 85.75, 
 Class mIoUs [86.13, 88.59, 88.98, 82.93, 92.45, 80.83, 92.72, 87.78, 84.61, 96.61, 79.79, 96.51, 84.35, 67.35, 79.51, 82.79]
duration: 40.72470283508301
epoch 235:
loss: 1.3029 || cls: 0.2072
Instance mIoU 86.90, Class mIoU 85.69, 
 Class mIoUs [86.15, 88.56, 89.1, 82.9, 92.42, 80.71, 92.71, 87.76, 84.54, 96.57, 79.84, 96.41, 84.26, 66.99, 79.35, 82.8]
duration: 40.74556517601013
epoch 236:
loss: 1.303 || cls: 0.2072
Instance mIoU 86.91, Class mIoU 85.74, 
 Class mIoUs [86.14, 88.61, 88.95, 83.0, 92.44, 80.84, 92.73, 87.73, 84.61, 96.6, 79.9, 96.42, 84.29, 67.31, 79.57, 82.74]
duration: 40.59150815010071
epoch 237:
loss: 1.3028 || cls: 0.2071
Instance mIoU 86.87, Class mIoU 85.73, 
 Class mIoUs [86.1, 88.61, 89.08, 82.9, 92.47, 80.63, 92.75, 87.73, 84.65, 96.58, 79.93, 96.39, 84.47, 67.2, 79.66, 82.58]
duration: 40.68506669998169
epoch 238:
loss: 1.3029 || cls: 0.2078
Instance mIoU 86.90, Class mIoU 85.58, 
 Class mIoUs [86.06, 88.72, 88.89, 82.9, 92.43, 78.42, 92.71, 87.79, 84.66, 96.57, 79.9, 96.45, 84.33, 67.1, 79.56, 82.8]
duration: 40.65747404098511
epoch 239:
loss: 1.3028 || cls: 0.207
Instance mIoU 86.97, Class mIoU 85.74, 
 Class mIoUs [86.15, 88.66, 88.88, 82.93, 92.45, 80.63, 92.76, 87.81, 84.6, 96.63, 79.87, 96.44, 84.44, 67.06, 79.63, 82.93]
duration: 40.67082715034485
epoch 240:
loss: 1.3027 || cls: 0.208
Instance mIoU 86.87, Class mIoU 85.71, 
 Class mIoUs [86.06, 88.52, 88.99, 82.88, 92.47, 80.74, 92.73, 87.73, 84.63, 96.59, 80.05, 96.48, 84.4, 67.11, 79.38, 82.64]
duration: 40.685888051986694
epoch 241:
loss: 1.3028 || cls: 0.2079
Instance mIoU 86.91, Class mIoU 85.70, 
 Class mIoUs [86.06, 88.59, 89.0, 82.94, 92.45, 80.6, 92.75, 87.69, 84.66, 96.59, 79.91, 96.44, 84.23, 67.07, 79.47, 82.76]
duration: 40.705710649490356
epoch 242:
loss: 1.3028 || cls: 0.207
Instance mIoU 86.92, Class mIoU 85.73, 
 Class mIoUs [86.08, 88.54, 89.03, 82.96, 92.5, 80.66, 92.75, 87.73, 84.64, 96.6, 79.98, 96.5, 84.28, 67.15, 79.5, 82.73]
duration: 40.715062618255615
epoch 243:
loss: 1.3027 || cls: 0.2086
Instance mIoU 86.90, Class mIoU 85.71, 
 Class mIoUs [86.1, 88.59, 88.88, 82.9, 92.45, 80.75, 92.73, 87.74, 84.72, 96.59, 79.83, 96.4, 84.27, 67.3, 79.46, 82.71]
duration: 40.72937488555908
epoch 244:
loss: 1.3027 || cls: 0.2072
Instance mIoU 86.89, Class mIoU 85.74, 
 Class mIoUs [86.15, 88.64, 89.1, 82.95, 92.47, 80.93, 92.72, 87.7, 84.63, 96.61, 80.01, 96.46, 84.29, 67.15, 79.41, 82.65]
duration: 40.704317569732666
epoch 245:
loss: 1.3027 || cls: 0.208
Instance mIoU 86.90, Class mIoU 85.72, 
 Class mIoUs [86.06, 88.6, 89.08, 82.97, 92.49, 80.88, 92.77, 87.73, 84.7, 96.58, 80.01, 96.46, 84.22, 66.98, 79.41, 82.68]
duration: 40.69060802459717
epoch 246:
loss: 1.3027 || cls: 0.2081
Instance mIoU 86.92, Class mIoU 85.74, 
 Class mIoUs [86.08, 88.64, 89.05, 82.94, 92.45, 80.68, 92.74, 87.75, 84.75, 96.61, 79.9, 96.46, 84.33, 67.19, 79.53, 82.76]
duration: 40.67148542404175
epoch 247:
loss: 1.3025 || cls: 0.2076
Instance mIoU 86.96, Class mIoU 85.74, 
 Class mIoUs [86.08, 88.64, 89.01, 82.94, 92.49, 80.7, 92.76, 87.77, 84.76, 96.61, 79.92, 96.43, 84.26, 67.17, 79.46, 82.84]
duration: 40.66995811462402
epoch 248:
loss: 1.3026 || cls: 0.2072
Instance mIoU 86.95, Class mIoU 85.73, 
 Class mIoUs [86.15, 88.6, 89.01, 82.91, 92.48, 80.61, 92.74, 87.76, 84.59, 96.63, 79.88, 96.39, 84.18, 67.34, 79.47, 82.87]
duration: 40.68783688545227
epoch 249:
loss: 1.3026 || cls: 0.2079
Instance mIoU 86.88, Class mIoU 85.72, 
 Class mIoUs [86.08, 88.61, 89.08, 82.87, 92.47, 80.73, 92.75, 87.73, 84.71, 96.6, 79.94, 96.48, 84.23, 67.12, 79.53, 82.62]
duration: 40.70012807846069
